# JRE version: Java(TM) SE Runtime Environment (17.0.12+8) (build 17.0.12+8-LTS-286)
# Java VM: Java HotSpot(TM) 64-Bit Server VM (17.0.12+8-LTS-286, mixed mode, sharing, tiered, compressed oops, compressed class ptrs, g1 gc, windows-amd64)
GC Precious Log:
 CPUs: 8 total, 8 available
 Memory: 8067M
 Large Page Support: Disabled
 NUMA Support: Disabled
 Compressed Oops: Enabled (Zero based)
 Heap Region Size: 4M
 Heap Min Capacity: 8M
 Heap Initial Capacity: 128M
 Heap Max Capacity: 6G
 Pre-touch: Disabled
 Parallel Workers: 8
 Concurrent Workers: 2
 Concurrent Refinement Workers: 8
 Periodic GC: Disabled
Heap:
 garbage-first heap   total 1490944K, used 550704K [0x0000000680000000, 0x0000000800000000)
  region size 4096K, 33 young (135168K), 3 survivors (12288K)
 Metaspace       used 200327K, committed 203264K, reserved 1048576K
  class space    used 26538K, committed 27840K, reserved 851968K
GC Heap History (20 events):
Event: 228.586 GC heap before
{Heap before GC invocations=71 (full 0):
 garbage-first heap   total 663552K, used 549094K [0x0000000680000000, 0x0000000800000000)
  region size 4096K, 51 young (208896K), 5 survivors (20480K)
 Metaspace       used 126108K, committed 128640K, reserved 983040K
  class space    used 17513K, committed 18624K, reserved 851968K
}
Event: 228.617 GC heap after
{Heap after GC invocations=72 (full 0):
 garbage-first heap   total 663552K, used 371089K [0x0000000680000000, 0x0000000800000000)
  region size 4096K, 5 young (20480K), 5 survivors (20480K)
 Metaspace       used 126108K, committed 128640K, reserved 983040K
  class space    used 17513K, committed 18624K, reserved 851968K
}
Event: 236.247 GC heap before
{Heap before GC invocations=72 (full 0):
 garbage-first heap   total 663552K, used 551313K [0x0000000680000000, 0x0000000800000000)
  region size 4096K, 50 young (204800K), 5 survivors (20480K)
 Metaspace       used 134384K, committed 137024K, reserved 983040K
  class space    used 18440K, committed 19584K, reserved 851968K
}
Event: 236.300 GC heap after
{Heap after GC invocations=73 (full 0):
 garbage-first heap   total 663552K, used 387181K [0x0000000680000000, 0x0000000800000000)
  region size 4096K, 7 young (28672K), 7 survivors (28672K)
 Metaspace       used 134384K, committed 137024K, reserved 983040K
  class space    used 18440K, committed 19584K, reserved 851968K
}
Event: 238.325 GC heap before
{Heap before GC invocations=73 (full 0):
 garbage-first heap   total 663552K, used 424045K [0x0000000680000000, 0x0000000800000000)
  region size 4096K, 17 young (69632K), 7 survivors (28672K)
 Metaspace       used 135856K, committed 138560K, reserved 983040K
  class space    used 18644K, committed 19840K, reserved 851968K
}
Event: 238.385 GC heap after
{Heap after GC invocations=74 (full 0):
 garbage-first heap   total 663552K, used 386267K [0x0000000680000000, 0x0000000800000000)
  region size 4096K, 2 young (8192K), 2 survivors (8192K)
 Metaspace       used 135856K, committed 138560K, reserved 983040K
  class space    used 18644K, committed 19840K, reserved 851968K
}
Event: 257.797 GC heap before
{Heap before GC invocations=75 (full 0):
 garbage-first heap   total 696320K, used 554203K [0x0000000680000000, 0x0000000800000000)
  region size 4096K, 42 young (172032K), 2 survivors (8192K)
 Metaspace       used 156635K, committed 159488K, reserved 1048576K
  class space    used 20864K, committed 22144K, reserved 851968K
}
Event: 258.305 GC heap after
{Heap after GC invocations=76 (full 0):
 garbage-first heap   total 696320K, used 403901K [0x0000000680000000, 0x0000000800000000)
  region size 4096K, 4 young (16384K), 4 survivors (16384K)
 Metaspace       used 156635K, committed 159488K, reserved 1048576K
  class space    used 20864K, committed 22144K, reserved 851968K
}
Event: 258.581 GC heap before
{Heap before GC invocations=76 (full 0):
 garbage-first heap   total 696320K, used 416189K [0x0000000680000000, 0x0000000800000000)
  region size 4096K, 8 young (32768K), 4 survivors (16384K)
 Metaspace       used 156864K, committed 159744K, reserved 1048576K
  class space    used 20871K, committed 22144K, reserved 851968K
}
Event: 258.722 GC heap after
{Heap after GC invocations=77 (full 0):
 garbage-first heap   total 696320K, used 401617K [0x0000000680000000, 0x0000000800000000)
  region size 4096K, 1 young (4096K), 1 survivors (4096K)
 Metaspace       used 156864K, committed 159744K, reserved 1048576K
  class space    used 20871K, committed 22144K, reserved 851968K
}
Event: 258.803 GC heap before
{Heap before GC invocations=77 (full 0):
 garbage-first heap   total 696320K, used 430289K [0x0000000680000000, 0x0000000800000000)
  region size 4096K, 8 young (32768K), 1 survivors (4096K)
 Metaspace       used 156867K, committed 159744K, reserved 1048576K
  class space    used 20871K, committed 22144K, reserved 851968K
}
Event: 258.836 GC heap after
{Heap after GC invocations=78 (full 0):
 garbage-first heap   total 696320K, used 401816K [0x0000000680000000, 0x0000000800000000)
  region size 4096K, 1 young (4096K), 1 survivors (4096K)
 Metaspace       used 156867K, committed 159744K, reserved 1048576K
  class space    used 20871K, committed 22144K, reserved 851968K
}
Event: 259.718 GC heap before
{Heap before GC invocations=78 (full 0):
 garbage-first heap   total 696320K, used 430488K [0x0000000680000000, 0x0000000800000000)
  region size 4096K, 8 young (32768K), 1 survivors (4096K)
 Metaspace       used 160366K, committed 163200K, reserved 1048576K
  class space    used 21770K, committed 23040K, reserved 851968K
}
Event: 259.813 GC heap after
{Heap after GC invocations=79 (full 0):
 garbage-first heap   total 696320K, used 399728K [0x0000000680000000, 0x0000000800000000)
  region size 4096K, 1 young (4096K), 1 survivors (4096K)
 Metaspace       used 160366K, committed 163200K, reserved 1048576K
  class space    used 21770K, committed 23040K, reserved 851968K
}
Event: 265.091 GC heap before
{Heap before GC invocations=79 (full 0):
 garbage-first heap   total 696320K, used 584048K [0x0000000680000000, 0x0000000800000000)
  region size 4096K, 46 young (188416K), 1 survivors (4096K)
 Metaspace       used 164311K, committed 167232K, reserved 1048576K
  class space    used 22196K, committed 23488K, reserved 851968K
}
Event: 265.286 GC heap after
{Heap after GC invocations=80 (full 0):
 garbage-first heap   total 1654784K, used 423813K [0x0000000680000000, 0x0000000800000000)
  region size 4096K, 6 young (24576K), 6 survivors (24576K)
 Metaspace       used 164311K, committed 167232K, reserved 1048576K
  class space    used 22196K, committed 23488K, reserved 851968K
}
Event: 277.949 GC heap before
{Heap before GC invocations=81 (full 0):
 garbage-first heap   total 1490944K, used 468869K [0x0000000680000000, 0x0000000800000000)
  region size 4096K, 18 young (73728K), 6 survivors (24576K)
 Metaspace       used 171475K, committed 174336K, reserved 1048576K
  class space    used 22994K, committed 24256K, reserved 851968K
}
Event: 278.118 GC heap after
{Heap after GC invocations=82 (full 0):
 garbage-first heap   total 1490944K, used 430092K [0x0000000680000000, 0x0000000800000000)
  region size 4096K, 2 young (8192K), 2 survivors (8192K)
 Metaspace       used 171475K, committed 174336K, reserved 1048576K
  class space    used 22994K, committed 24256K, reserved 851968K
}
Event: 283.806 GC heap before
{Heap before GC invocations=82 (full 0):
 garbage-first heap   total 1490944K, used 495628K [0x0000000680000000, 0x0000000800000000)
  region size 4096K, 18 young (73728K), 2 survivors (8192K)
 Metaspace       used 184843K, committed 187712K, reserved 1048576K
  class space    used 24686K, committed 25920K, reserved 851968K
}
Event: 283.900 GC heap after
{Heap after GC invocations=83 (full 0):
 garbage-first heap   total 1490944K, used 431920K [0x0000000680000000, 0x0000000800000000)
  region size 4096K, 3 young (12288K), 3 survivors (12288K)
 Metaspace       used 184843K, committed 187712K, reserved 1048576K
  class space    used 24686K, committed 25920K, reserved 851968K
}

