# JRE version: Java(TM) SE Runtime Environment (17.0.12+8) (build 17.0.12+8-LTS-286)
# Java VM: Java HotSpot(TM) 64-Bit Server VM (17.0.12+8-LTS-286, mixed mode, sharing, tiered, compressed oops, compressed class ptrs, g1 gc, windows-amd64)
GC Precious Log:
 CPUs: 8 total, 8 available
 Memory: 8067M
 Large Page Support: Disabled
 NUMA Support: Disabled
 Compressed Oops: Enabled (Zero based)
 Heap Region Size: 4M
 Heap Min Capacity: 8M
 Heap Initial Capacity: 128M
 Heap Max Capacity: 6G
 Pre-touch: Disabled
 Parallel Workers: 8
 Concurrent Workers: 2
 Concurrent Refinement Workers: 8
 Periodic GC: Disabled
Heap:
 garbage-first heap   total 917504K, used 693559K [0x0000000680000000, 0x0000000800000000)
  region size 4096K, 74 young (303104K), 2 survivors (8192K)
 Metaspace       used 178371K, committed 181312K, reserved 1048576K
  class space    used 23245K, committed 24576K, reserved 851968K
GC Heap History (20 events):
Event: 157.130 GC heap before
{Heap before GC invocations=79 (full 0):
 garbage-first heap   total 634880K, used 493945K [0x0000000680000000, 0x0000000800000000)
  region size 4096K, 38 young (155648K), 1 survivors (4096K)
 Metaspace       used 131864K, committed 134208K, reserved 983040K
  class space    used 18260K, committed 19328K, reserved 851968K
}
Event: 157.149 GC heap after
{Heap after GC invocations=80 (full 0):
 garbage-first heap   total 634880K, used 351404K [0x0000000680000000, 0x0000000800000000)
  region size 4096K, 3 young (12288K), 3 survivors (12288K)
 Metaspace       used 131864K, committed 134208K, reserved 983040K
  class space    used 18260K, committed 19328K, reserved 851968K
}
Event: 161.562 GC heap before
{Heap before GC invocations=81 (full 0):
 garbage-first heap   total 675840K, used 500417K [0x0000000680000000, 0x0000000800000000)
  region size 4096K, 41 young (167936K), 3 survivors (12288K)
 Metaspace       used 132720K, committed 135232K, reserved 983040K
  class space    used 18315K, committed 19456K, reserved 851968K
}
Event: 161.579 GC heap after
{Heap after GC invocations=82 (full 0):
 garbage-first heap   total 675840K, used 353979K [0x0000000680000000, 0x0000000800000000)
  region size 4096K, 4 young (16384K), 4 survivors (16384K)
 Metaspace       used 132720K, committed 135232K, reserved 983040K
  class space    used 18315K, committed 19456K, reserved 851968K
}
Event: 161.947 GC heap before
{Heap before GC invocations=82 (full 0):
 garbage-first heap   total 675840K, used 370363K [0x0000000680000000, 0x0000000800000000)
  region size 4096K, 8 young (32768K), 4 survivors (16384K)
 Metaspace       used 132897K, committed 135360K, reserved 983040K
  class space    used 18339K, committed 19456K, reserved 851968K
}
Event: 161.992 GC heap after
{Heap after GC invocations=83 (full 0):
 garbage-first heap   total 675840K, used 347432K [0x0000000680000000, 0x0000000800000000)
  region size 4096K, 1 young (4096K), 1 survivors (4096K)
 Metaspace       used 132897K, committed 135360K, reserved 983040K
  class space    used 18339K, committed 19456K, reserved 851968K
}
Event: 166.594 GC heap before
{Heap before GC invocations=83 (full 0):
 garbage-first heap   total 675840K, used 544040K [0x0000000680000000, 0x0000000800000000)
  region size 4096K, 50 young (204800K), 1 survivors (4096K)
 Metaspace       used 134479K, committed 136960K, reserved 983040K
  class space    used 18487K, committed 19584K, reserved 851968K
}
Event: 166.609 GC heap after
{Heap after GC invocations=84 (full 0):
 garbage-first heap   total 917504K, used 349907K [0x0000000680000000, 0x0000000800000000)
  region size 4096K, 2 young (8192K), 2 survivors (8192K)
 Metaspace       used 134479K, committed 136960K, reserved 983040K
  class space    used 18487K, committed 19584K, reserved 851968K
}
Event: 177.533 GC heap before
{Heap before GC invocations=84 (full 0):
 garbage-first heap   total 917504K, used 763603K [0x0000000680000000, 0x0000000800000000)
  region size 4096K, 104 young (425984K), 2 survivors (8192K)
 Metaspace       used 146318K, committed 148928K, reserved 983040K
  class space    used 19843K, committed 20992K, reserved 851968K
}
Event: 177.681 GC heap after
{Heap after GC invocations=85 (full 0):
 garbage-first heap   total 917504K, used 395715K [0x0000000680000000, 0x0000000800000000)
  region size 4096K, 13 young (53248K), 13 survivors (53248K)
 Metaspace       used 146318K, committed 148928K, reserved 983040K
  class space    used 19843K, committed 20992K, reserved 851968K
}
Event: 187.467 GC heap before
{Heap before GC invocations=85 (full 0):
 garbage-first heap   total 917504K, used 756163K [0x0000000680000000, 0x0000000800000000)
  region size 4096K, 94 young (385024K), 13 survivors (53248K)
 Metaspace       used 149324K, committed 151872K, reserved 1048576K
  class space    used 20109K, committed 21248K, reserved 851968K
}
Event: 187.591 GC heap after
{Heap after GC invocations=86 (full 0):
 garbage-first heap   total 917504K, used 386903K [0x0000000680000000, 0x0000000800000000)
  region size 4096K, 8 young (32768K), 8 survivors (32768K)
 Metaspace       used 149324K, committed 151872K, reserved 1048576K
  class space    used 20109K, committed 21248K, reserved 851968K
}
Event: 234.442 GC heap before
{Heap before GC invocations=86 (full 0):
 garbage-first heap   total 917504K, used 726871K [0x0000000680000000, 0x0000000800000000)
  region size 4096K, 92 young (376832K), 8 survivors (32768K)
 Metaspace       used 154441K, committed 157120K, reserved 1048576K
  class space    used 20652K, committed 21824K, reserved 851968K
}
Event: 234.514 GC heap after
{Heap after GC invocations=87 (full 0):
 garbage-first heap   total 917504K, used 379481K [0x0000000680000000, 0x0000000800000000)
  region size 4096K, 4 young (16384K), 4 survivors (16384K)
 Metaspace       used 154441K, committed 157120K, reserved 1048576K
  class space    used 20652K, committed 21824K, reserved 851968K
}
Event: 246.394 GC heap before
{Heap before GC invocations=87 (full 0):
 garbage-first heap   total 917504K, used 739929K [0x0000000680000000, 0x0000000800000000)
  region size 4096K, 93 young (380928K), 4 survivors (16384K)
 Metaspace       used 156925K, committed 159616K, reserved 1048576K
  class space    used 20976K, committed 22144K, reserved 851968K
}
Event: 246.441 GC heap after
{Heap after GC invocations=88 (full 0):
 garbage-first heap   total 917504K, used 390285K [0x0000000680000000, 0x0000000800000000)
  region size 4096K, 6 young (24576K), 6 survivors (24576K)
 Metaspace       used 156925K, committed 159616K, reserved 1048576K
  class space    used 20976K, committed 22144K, reserved 851968K
}
Event: 296.917 GC heap before
{Heap before GC invocations=88 (full 0):
 garbage-first heap   total 917504K, used 746637K [0x0000000680000000, 0x0000000800000000)
  region size 4096K, 94 young (385024K), 6 survivors (24576K)
 Metaspace       used 163375K, committed 166272K, reserved 1048576K
  class space    used 21735K, committed 23040K, reserved 851968K
}
Event: 297.375 GC heap after
{Heap after GC invocations=89 (full 0):
 garbage-first heap   total 917504K, used 401580K [0x0000000680000000, 0x0000000800000000)
  region size 4096K, 9 young (36864K), 9 survivors (36864K)
 Metaspace       used 163375K, committed 166272K, reserved 1048576K
  class space    used 21735K, committed 23040K, reserved 851968K
}
Event: 302.785 GC heap before
{Heap before GC invocations=89 (full 0):
 garbage-first heap   total 917504K, used 454828K [0x0000000680000000, 0x0000000800000000)
  region size 4096K, 23 young (94208K), 9 survivors (36864K)
 Metaspace       used 165320K, committed 168192K, reserved 1048576K
  class space    used 21844K, committed 23168K, reserved 851968K
}
Event: 302.971 GC heap after
{Heap after GC invocations=90 (full 0):
 garbage-first heap   total 917504K, used 406839K [0x0000000680000000, 0x0000000800000000)
  region size 4096K, 2 young (8192K), 2 survivors (8192K)
 Metaspace       used 165320K, committed 168192K, reserved 1048576K
  class space    used 21844K, committed 23168K, reserved 851968K
}

