TN:
SF:src\polyfills.ts
FNF:0
FNH:0
DA:14,0
DA:16,0
LF:2
LH:0
BRDA:14,0,0,0
BRDA:14,0,1,0
BRDA:14,1,0,0
BRDA:14,1,1,0
BRF:4
BRH:0
end_of_record
TN:
SF:src\background\smsWatcher.ts
FN:39,isCircuitBreakerActive
FN:58,resetCircuitBreaker
FN:67,getCircuitBreakerStatus
FN:85,enqueueSMS
FN:92,processSMSQueue
FN:142,(anonymous_5)
FN:153,(anonymous_6)
FN:168,(anonymous_7)
FN:190,(anonymous_8)
FN:224,runQueueNow
FNF:10
FNH:2
FNDA:2,isCircuitBreakerActive
FNDA:0,resetCircuitBreaker
FNDA:0,getCircuitBreakerStatus
FNDA:0,enqueueSMS
FNDA:2,processSMSQueue
FNDA:0,(anonymous_5)
FNDA:0,(anonymous_6)
FNDA:0,(anonymous_7)
FNDA:0,(anonymous_8)
FNDA:0,runQueueNow
DA:33,3
DA:34,3
DA:40,2
DA:42,0
DA:43,0
DA:44,0
DA:46,0
DA:47,0
DA:48,0
DA:49,0
DA:52,0
DA:59,0
DA:60,0
DA:61,0
DA:72,0
DA:73,0
DA:86,0
DA:93,2
DA:96,2
DA:97,0
DA:98,0
DA:102,0
DA:105,2
DA:106,2
DA:108,2
DA:109,0
DA:110,0
DA:113,2
DA:114,2
DA:116,2
DA:117,2
DA:118,2
DA:120,2
DA:122,2
DA:123,0
DA:127,0
DA:128,0
DA:132,2
DA:133,0
DA:138,0
DA:142,0
DA:146,2
DA:148,2
DA:149,1
DA:152,1
DA:153,0
DA:154,0
DA:158,1
DA:159,1
DA:160,1
DA:162,1
DA:163,1
DA:164,1
DA:167,1
DA:168,0
DA:172,1
DA:173,0
DA:174,0
DA:178,0
DA:183,2
DA:184,0
DA:185,0
DA:187,0
DA:188,0
DA:190,0
DA:193,0
DA:194,0
DA:195,0
DA:196,0
DA:200,0
DA:201,0
DA:202,0
DA:206,0
DA:211,2
DA:212,0
DA:215,2
DA:216,2
DA:218,2
DA:226,0
DA:227,0
DA:228,0
DA:229,0
DA:230,0
DA:233,0
DA:236,0
DA:237,0
DA:238,0
LF:87
LH:33
BRDA:40,0,0,2
BRDA:40,0,1,0
BRDA:44,1,0,0
BRDA:44,1,1,0
BRDA:76,2,0,0
BRDA:76,2,1,0
BRDA:85,3,0,0
BRDA:96,4,0,0
BRDA:96,4,1,2
BRDA:100,5,0,0
BRDA:100,5,1,0
BRDA:106,6,0,0
BRDA:106,6,1,2
BRDA:108,7,0,0
BRDA:108,7,1,2
BRDA:118,8,0,2
BRDA:118,8,1,2
BRDA:122,9,0,0
BRDA:122,9,1,2
BRDA:132,10,0,0
BRDA:132,10,1,2
BRDA:146,11,0,2
BRDA:146,11,1,2
BRDA:148,12,0,1
BRDA:148,12,1,1
BRDA:149,13,0,1
BRDA:149,13,1,0
BRDA:152,14,0,0
BRDA:152,14,1,1
BRDA:163,15,0,1
BRDA:163,15,1,1
BRDA:164,16,0,1
BRDA:164,16,1,0
BRDA:167,17,0,0
BRDA:167,17,1,1
BRDA:167,18,0,1
BRDA:167,18,1,0
BRDA:172,19,0,0
BRDA:172,19,1,1
BRDA:183,20,0,0
BRDA:183,20,1,2
BRDA:184,21,0,0
BRDA:184,21,1,0
BRDA:187,22,0,0
BRDA:187,22,1,0
BRDA:188,23,0,0
BRDA:188,23,1,0
BRDA:195,24,0,0
BRDA:195,24,1,0
BRDA:200,25,0,0
BRDA:200,25,1,0
BRDA:211,26,0,0
BRDA:211,26,1,2
BRDA:228,27,0,0
BRDA:228,27,1,0
BRDA:228,28,0,0
BRDA:228,28,1,0
BRF:57
BRH:22
end_of_record
TN:
SF:src\components\AdminUnlockModal.tsx
FN:9,AdminUnlockModal
FNF:1
FNH:0
FNDA:0,AdminUnlockModal
DA:10,0
LF:1
LH:0
BRF:0
BRH:0
end_of_record
TN:
SF:src\components\AppLockGate.tsx
FN:6,AppLockGate
FN:11,(anonymous_1)
FN:17,(anonymous_2)
FNF:3
FNH:0
FNDA:0,AppLockGate
FNDA:0,(anonymous_1)
FNDA:0,(anonymous_2)
DA:7,0
DA:8,0
DA:9,0
DA:11,0
DA:12,0
DA:13,0
DA:14,0
DA:17,0
DA:18,0
DA:19,0
DA:23,0
DA:24,0
DA:31,0
DA:32,0
DA:49,0
DA:52,0
LF:16
LH:0
BRDA:18,0,0,0
BRDA:18,0,1,0
BRDA:18,1,0,0
BRDA:18,1,1,0
BRDA:18,1,2,0
BRDA:18,1,3,0
BRDA:23,2,0,0
BRDA:23,2,1,0
BRDA:31,3,0,0
BRDA:31,3,1,0
BRDA:31,4,0,0
BRDA:31,4,1,0
BRF:12
BRH:0
end_of_record
TN:
SF:src\components\BillingDiagnosticsBanner.tsx
FN:10,BillingDiagnosticsBanner
FN:22,(anonymous_1)
FN:33,(anonymous_2)
FNF:3
FNH:0
FNDA:0,BillingDiagnosticsBanner
FNDA:0,(anonymous_1)
FNDA:0,(anonymous_2)
DA:10,0
DA:20,0
DA:22,0
DA:23,0
DA:24,0
DA:25,0
DA:27,0
DA:28,0
DA:31,0
DA:33,0
DA:34,0
DA:39,0
DA:40,0
DA:43,0
DA:44,0
DA:63,0
DA:64,0
DA:83,0
DA:84,0
DA:104,0
DA:107,0
LF:21
LH:0
BRDA:23,0,0,0
BRDA:23,0,1,0
BRDA:24,1,0,0
BRDA:24,1,1,0
BRDA:25,2,0,0
BRDA:25,2,1,0
BRDA:27,3,0,0
BRDA:27,3,1,0
BRDA:27,4,0,0
BRDA:27,4,1,0
BRDA:27,4,2,0
BRDA:31,5,0,0
BRDA:31,5,1,0
BRDA:43,6,0,0
BRDA:43,6,1,0
BRDA:55,7,0,0
BRDA:55,7,1,0
BRDA:63,8,0,0
BRDA:63,8,1,0
BRDA:83,9,0,0
BRDA:83,9,1,0
BRDA:95,10,0,0
BRDA:95,10,1,0
BRDA:96,11,0,0
BRDA:96,11,1,0
BRF:25
BRH:0
end_of_record
TN:
SF:src\components\DefaultSmsBanner.tsx
FN:15,DefaultSmsBanner
FN:20,(anonymous_1)
FN:32,(anonymous_2)
FN:37,(anonymous_3)
FN:38,(anonymous_4)
FN:44,(anonymous_5)
FN:48,(anonymous_6)
FN:53,(anonymous_7)
FNF:8
FNH:0
FNDA:0,DefaultSmsBanner
FNDA:0,(anonymous_1)
FNDA:0,(anonymous_2)
FNDA:0,(anonymous_3)
FNDA:0,(anonymous_4)
FNDA:0,(anonymous_5)
FNDA:0,(anonymous_6)
FNDA:0,(anonymous_7)
DA:16,0
DA:17,0
DA:20,0
DA:21,0
DA:23,0
DA:24,0
DA:26,0
DA:27,0
DA:32,0
DA:33,0
DA:37,0
DA:38,0
DA:39,0
DA:40,0
DA:44,0
DA:48,0
DA:49,0
DA:50,0
DA:51,0
DA:52,0
DA:53,0
DA:54,0
DA:55,0
DA:58,0
DA:59,0
DA:63,0
DA:65,0
DA:83,0
LF:28
LH:0
BRDA:39,0,0,0
BRDA:39,0,1,0
BRDA:49,1,0,0
BRDA:49,1,1,0
BRDA:63,2,0,0
BRDA:63,2,1,0
BRDA:73,3,0,0
BRDA:73,3,1,0
BRF:8
BRH:0
end_of_record
TN:
SF:src\components\ErrorBoundary.tsx
FN:15,(anonymous_0)
FN:31,(anonymous_1)
FN:50,(anonymous_2)
FN:78,(anonymous_3)
FNF:4
FNH:0
FNDA:0,(anonymous_0)
FNDA:0,(anonymous_1)
FNDA:0,(anonymous_2)
FNDA:0,(anonymous_3)
DA:13,0
DA:17,0
DA:24,0
DA:25,0
DA:28,0
DA:32,0
DA:35,0
DA:36,0
DA:50,0
DA:51,0
DA:54,0
DA:55,0
DA:59,0
DA:60,0
DA:61,0
DA:65,0
DA:67,0
DA:70,0
DA:71,0
DA:74,0
DA:79,0
DA:80,0
DA:83,0
LF:23
LH:0
BRDA:24,0,0,0
BRDA:24,0,1,0
BRDA:35,1,0,0
BRDA:35,1,1,0
BRDA:43,2,0,0
BRDA:43,2,1,0
BRDA:51,3,0,0
BRDA:51,3,1,0
BRDA:51,3,2,0
BRDA:51,3,3,0
BRDA:51,3,4,0
BRDA:79,4,0,0
BRDA:79,4,1,0
BRDA:79,5,0,0
BRDA:79,5,1,0
BRF:15
BRH:0
end_of_record
TN:
SF:src\components\FeatureItem.tsx
FN:15,FeatureItem
FNF:1
FNH:0
FNDA:0,FeatureItem
DA:15,0
DA:23,0
DA:26,0
DA:28,0
DA:79,0
LF:5
LH:0
BRDA:26,0,0,0
BRDA:26,0,1,0
BRDA:26,0,2,0
BRDA:36,1,0,0
BRDA:36,1,1,0
BRDA:43,2,0,0
BRDA:43,2,1,0
BRDA:45,3,0,0
BRDA:45,3,1,0
BRDA:54,4,0,0
BRDA:54,4,1,0
BRDA:55,5,0,0
BRDA:55,5,1,0
BRDA:61,6,0,0
BRDA:61,6,1,0
BRDA:66,7,0,0
BRDA:66,7,1,0
BRF:17
BRH:0
end_of_record
TN:
SF:src\components\GlobalLoader.tsx
FN:10,GlobalLoader
FNF:1
FNH:0
FNDA:0,GlobalLoader
DA:11,0
DA:13,0
DA:25,0
LF:3
LH:0
BRDA:10,0,0,0
BRDA:10,1,0,0
BRDA:11,2,0,0
BRDA:11,2,1,0
BRF:4
BRH:0
end_of_record
TN:
SF:src\components\HeaderMappingModal.tsx
FN:27,HeaderMappingModal
FN:39,(anonymous_1)
FN:56,(anonymous_2)
FN:79,(anonymous_3)
FN:83,(anonymous_4)
FN:94,(anonymous_5)
FN:98,(anonymous_6)
FN:109,(anonymous_7)
FN:113,(anonymous_8)
FN:131,(anonymous_9)
FNF:10
FNH:0
FNDA:0,HeaderMappingModal
FNDA:0,(anonymous_1)
FNDA:0,(anonymous_2)
FNDA:0,(anonymous_3)
FNDA:0,(anonymous_4)
FNDA:0,(anonymous_5)
FNDA:0,(anonymous_6)
FNDA:0,(anonymous_7)
FNDA:0,(anonymous_8)
FNDA:0,(anonymous_9)
DA:36,0
DA:37,0
DA:39,0
DA:40,0
DA:48,0
DA:52,0
DA:53,0
DA:54,0
DA:56,0
DA:57,0
DA:58,0
DA:59,0
DA:61,0
DA:64,0
DA:79,0
DA:84,0
DA:94,0
DA:99,0
DA:109,0
DA:114,0
DA:132,0
DA:158,0
LF:22
LH:0
BRDA:29,0,0,0
BRDA:30,1,0,0
BRDA:31,2,0,0
BRDA:41,3,0,0
BRDA:41,3,1,0
BRDA:41,3,2,0
BRDA:42,4,0,0
BRDA:42,4,1,0
BRDA:42,4,2,0
BRDA:43,5,0,0
BRDA:43,5,1,0
BRDA:43,5,2,0
BRDA:43,5,3,0
BRDA:48,6,0,0
BRDA:48,6,1,0
BRDA:52,7,0,0
BRDA:52,7,1,0
BRDA:53,8,0,0
BRDA:53,8,1,0
BRDA:54,9,0,0
BRDA:54,9,1,0
BRDA:57,10,0,0
BRDA:57,10,1,0
BRDA:57,11,0,0
BRDA:57,11,1,0
BRDA:57,11,2,0
BRDA:120,12,0,0
BRDA:120,12,1,0
BRDA:122,13,0,0
BRDA:122,13,1,0
BRDA:133,14,0,0
BRDA:133,14,1,0
BRDA:133,15,0,0
BRDA:133,15,1,0
BRDA:134,16,0,0
BRDA:134,16,1,0
BRF:36
BRH:0
end_of_record
TN:
SF:src\components\MpesaPaymentModal.tsx
FN:32,MpesaPaymentModal
FN:43,(anonymous_1)
FN:45,(anonymous_2)
FN:50,(anonymous_3)
FN:58,(anonymous_4)
FN:69,(anonymous_5)
FN:74,(anonymous_6)
FN:77,(anonymous_7)
FN:126,(anonymous_8)
FN:128,(anonymous_9)
FNF:10
FNH:0
FNDA:0,MpesaPaymentModal
FNDA:0,(anonymous_1)
FNDA:0,(anonymous_2)
FNDA:0,(anonymous_3)
FNDA:0,(anonymous_4)
FNDA:0,(anonymous_5)
FNDA:0,(anonymous_6)
FNDA:0,(anonymous_7)
FNDA:0,(anonymous_8)
FNDA:0,(anonymous_9)
DA:32,0
DA:39,0
DA:40,0
DA:43,0
DA:44,0
DA:45,0
DA:49,0
DA:51,0
DA:52,0
DA:57,0
DA:59,0
DA:60,0
DA:61,0
DA:62,0
DA:64,0
DA:69,0
DA:70,0
DA:73,0
DA:75,0
DA:77,0
DA:92,0
DA:126,0
DA:128,0
DA:143,0
LF:24
LH:0
BRDA:44,0,0,0
BRDA:44,0,1,0
BRDA:59,1,0,0
BRDA:59,1,1,0
BRDA:76,2,0,0
BRDA:76,2,1,0
BRDA:81,3,0,0
BRDA:81,3,1,0
BRDA:85,4,0,0
BRDA:85,4,1,0
BRDA:95,5,0,0
BRDA:95,5,1,0
BRDA:103,6,0,0
BRDA:103,6,1,0
BRDA:113,7,0,0
BRDA:113,7,1,0
BRF:16
BRH:0
end_of_record
TN:
SF:src\components\PaymentDebugPanel.tsx
FN:15,PaymentDebugPanel
FN:20,(anonymous_1)
FN:36,(anonymous_2)
FN:64,(anonymous_3)
FN:87,(anonymous_4)
FNF:5
FNH:0
FNDA:0,PaymentDebugPanel
FNDA:0,(anonymous_1)
FNDA:0,(anonymous_2)
FNDA:0,(anonymous_3)
FNDA:0,(anonymous_4)
DA:16,0
DA:17,0
DA:18,0
DA:20,0
DA:21,0
DA:22,0
DA:23,0
DA:27,0
DA:28,0
DA:30,0
DA:32,0
DA:36,0
DA:37,0
DA:38,0
DA:42,0
DA:44,0
DA:65,0
DA:88,0
DA:108,0
LF:19
LH:0
BRDA:37,0,0,0
BRDA:37,0,1,0
BRDA:42,1,0,0
BRDA:42,1,1,0
BRDA:61,2,0,0
BRDA:61,2,1,0
BRDA:65,3,0,0
BRDA:65,3,1,0
BRDA:72,4,0,0
BRDA:72,4,1,0
BRDA:84,5,0,0
BRDA:84,5,1,0
BRDA:88,6,0,0
BRDA:88,6,1,0
BRDA:89,7,0,0
BRDA:89,7,1,0
BRF:16
BRH:0
end_of_record
TN:
SF:src\components\PermissionBanner.tsx
FN:17,PermissionBanner
FN:22,(anonymous_1)
FN:23,(anonymous_2)
FN:33,(anonymous_3)
FN:36,(anonymous_4)
FN:46,(anonymous_5)
FN:49,(anonymous_6)
FN:84,(anonymous_7)
FNF:8
FNH:0
FNDA:0,PermissionBanner
FNDA:0,(anonymous_1)
FNDA:0,(anonymous_2)
FNDA:0,(anonymous_3)
FNDA:0,(anonymous_4)
FNDA:0,(anonymous_5)
FNDA:0,(anonymous_6)
FNDA:0,(anonymous_7)
DA:18,0
DA:19,0
DA:22,0
DA:23,0
DA:24,0
DA:25,0
DA:27,0
DA:33,0
DA:34,0
DA:37,0
DA:38,0
DA:39,0
DA:41,0
DA:46,0
DA:49,0
DA:50,0
DA:51,0
DA:52,0
DA:53,0
DA:54,0
DA:56,0
DA:58,0
DA:62,0
DA:64,0
DA:84,0
DA:93,0
LF:26
LH:0
BRDA:37,0,0,0
BRDA:37,0,1,0
BRDA:50,1,0,0
BRDA:50,1,1,0
BRDA:62,2,0,0
BRDA:62,2,1,0
BRDA:76,3,0,0
BRDA:76,3,1,0
BRF:8
BRH:0
end_of_record
TN:
SF:src\components\PlanCard.tsx
FN:17,PlanCard
FNF:1
FNH:0
FNDA:0,PlanCard
DA:17,0
DA:26,0
DA:78,0
LF:3
LH:0
BRDA:33,0,0,0
BRDA:33,0,1,0
BRDA:34,1,0,0
BRDA:34,1,1,0
BRDA:41,2,0,0
BRDA:41,2,1,0
BRDA:47,3,0,0
BRDA:47,3,1,0
BRDA:56,4,0,0
BRDA:56,4,1,0
BRDA:63,5,0,0
BRDA:63,5,1,0
BRDA:67,6,0,0
BRDA:67,6,1,0
BRF:14
BRH:0
end_of_record
TN:
SF:src\components\ProtectedRoute.tsx
FN:31,ProtectedRoute
FN:42,(anonymous_1)
FN:43,(anonymous_2)
FN:59,(anonymous_3)
FN:62,(anonymous_4)
FN:74,(anonymous_5)
FNF:6
FNH:0
FNDA:0,ProtectedRoute
FNDA:0,(anonymous_1)
FNDA:0,(anonymous_2)
FNDA:0,(anonymous_3)
FNDA:0,(anonymous_4)
FNDA:0,(anonymous_5)
DA:17,0
DA:34,0
DA:35,0
DA:36,0
DA:37,0
DA:38,0
DA:39,0
DA:42,0
DA:43,0
DA:44,0
DA:45,0
DA:46,0
DA:48,0
DA:49,0
DA:51,0
DA:52,0
DA:55,0
DA:59,0
DA:60,0
DA:63,0
DA:64,0
DA:65,0
DA:66,0
DA:68,0
DA:69,0
DA:74,0
DA:78,0
DA:79,0
DA:88,0
DA:89,0
DA:90,0
DA:94,0
DA:95,0
DA:96,0
DA:100,0
DA:103,0
LF:36
LH:0
BRDA:63,0,0,0
BRDA:63,0,1,0
BRDA:78,1,0,0
BRDA:78,1,1,0
BRDA:78,2,0,0
BRDA:78,2,1,0
BRDA:88,3,0,0
BRDA:88,3,1,0
BRDA:88,4,0,0
BRDA:88,4,1,0
BRDA:94,5,0,0
BRDA:94,5,1,0
BRDA:94,6,0,0
BRDA:94,6,1,0
BRDA:94,6,2,0
BRF:15
BRH:0
end_of_record
TN:
SF:src\components\QuickButton.tsx
FN:18,QuickButton
FN:32,(anonymous_1)
FN:66,(anonymous_2)
FN:82,(anonymous_3)
FNF:4
FNH:0
FNDA:0,QuickButton
FNDA:0,(anonymous_1)
FNDA:0,(anonymous_2)
FNDA:0,(anonymous_3)
DA:18,0
DA:28,0
DA:29,0
DA:30,0
DA:32,0
DA:33,0
DA:34,0
DA:35,0
DA:37,0
DA:38,0
DA:40,0
DA:41,0
DA:43,0
DA:44,0
DA:46,0
DA:47,0
DA:49,0
DA:50,0
DA:52,0
DA:53,0
DA:55,0
DA:56,0
DA:58,0
DA:61,0
DA:66,0
DA:67,0
DA:68,0
DA:82,0
DA:83,0
DA:99,0
DA:105,0
DA:125,0
DA:128,0
DA:129,0
DA:144,0
DA:159,0
LF:36
LH:0
BRDA:25,0,0,0
BRDA:26,1,0,0
BRDA:33,2,0,0
BRDA:33,2,1,0
BRDA:35,3,0,0
BRDA:35,3,1,0
BRDA:35,3,2,0
BRDA:35,3,3,0
BRDA:35,3,4,0
BRDA:35,3,5,0
BRDA:35,3,6,0
BRDA:35,3,7,0
BRDA:125,4,0,0
BRDA:125,4,1,0
BRDA:125,5,0,0
BRDA:125,5,1,0
BRDA:128,6,0,0
BRDA:128,6,1,0
BRF:18
BRH:0
end_of_record
TN:
SF:src\components\SmsRoleGate.tsx
FN:11,SmsRoleGate
FN:17,(anonymous_1)
FN:34,(anonymous_2)
FN:39,(anonymous_3)
FN:40,(anonymous_4)
FN:45,(anonymous_5)
FN:52,(anonymous_6)
FN:55,(anonymous_7)
FNF:8
FNH:0
FNDA:0,SmsRoleGate
FNDA:0,(anonymous_1)
FNDA:0,(anonymous_2)
FNDA:0,(anonymous_3)
FNDA:0,(anonymous_4)
FNDA:0,(anonymous_5)
FNDA:0,(anonymous_6)
FNDA:0,(anonymous_7)
DA:12,0
DA:13,0
DA:14,0
DA:15,0
DA:17,0
DA:18,0
DA:19,0
DA:20,0
DA:21,0
DA:22,0
DA:23,0
DA:24,0
DA:27,0
DA:29,0
DA:34,0
DA:35,0
DA:39,0
DA:40,0
DA:41,0
DA:42,0
DA:43,0
DA:45,0
DA:46,0
DA:47,0
DA:52,0
DA:55,0
DA:56,0
DA:57,0
DA:58,0
DA:59,0
DA:61,0
DA:62,0
DA:63,0
DA:66,0
DA:67,0
DA:68,0
DA:69,0
DA:73,0
DA:74,0
DA:77,0
DA:78,0
DA:80,0
DA:84,0
DA:85,0
DA:89,0
DA:90,0
DA:97,0
DA:98,0
DA:123,0
DA:126,0
LF:50
LH:0
BRDA:23,0,0,0
BRDA:23,0,1,0
BRDA:42,1,0,0
BRDA:42,1,1,0
BRDA:42,2,0,0
BRDA:42,2,1,0
BRDA:66,3,0,0
BRDA:66,3,1,0
BRDA:73,4,0,0
BRDA:73,4,1,0
BRDA:77,5,0,0
BRDA:77,5,1,0
BRDA:77,6,0,0
BRDA:77,6,1,0
BRDA:80,7,0,0
BRDA:80,7,1,0
BRDA:89,8,0,0
BRDA:89,8,1,0
BRDA:97,9,0,0
BRDA:97,9,1,0
BRDA:103,10,0,0
BRDA:103,10,1,0
BRDA:107,11,0,0
BRDA:107,11,1,0
BRDA:113,12,0,0
BRDA:113,12,1,0
BRF:26
BRH:0
end_of_record
TN:
SF:src\components\StatCard.tsx
FN:7,(anonymous_0)
FN:33,StatCard
FN:45,(anonymous_2)
FNF:3
FNH:0
FNDA:0,(anonymous_0)
FNDA:0,StatCard
FNDA:0,(anonymous_2)
DA:7,0
DA:12,0
DA:15,0
DA:17,0
DA:33,0
DA:41,0
DA:42,0
DA:43,0
DA:45,0
DA:46,0
DA:47,0
DA:49,0
DA:65,0
DA:66,0
DA:71,0
DA:81,0
DA:82,0
DA:84,0
DA:86,0
DA:108,0
DA:135,0
DA:147,0
LF:22
LH:0
BRDA:15,0,0,0
BRDA:15,0,1,0
BRDA:39,1,0,0
BRDA:46,2,0,0
BRDA:46,2,1,0
BRDA:72,3,0,0
BRDA:72,3,1,0
BRDA:75,4,0,0
BRDA:75,4,1,0
BRDA:81,5,0,0
BRDA:81,5,1,0
BRF:11
BRH:0
end_of_record
TN:
SF:src\components\SubscriptionGate.tsx
FN:29,SubscriptionGate
FN:45,(anonymous_1)
FN:82,(anonymous_2)
FNF:3
FNH:0
FNDA:0,SubscriptionGate
FNDA:0,(anonymous_1)
FNDA:0,(anonymous_2)
DA:14,0
DA:33,0
DA:34,0
DA:39,0
DA:41,0
DA:43,0
DA:45,0
DA:46,0
DA:48,0
DA:49,0
DA:51,0
DA:52,0
DA:54,0
DA:56,0
DA:62,0
DA:63,0
DA:71,0
DA:72,0
DA:76,0
DA:83,0
DA:84,0
DA:86,0
DA:96,0
LF:23
LH:0
BRDA:31,0,0,0
BRDA:43,1,0,0
BRDA:43,1,1,0
BRDA:43,1,2,0
BRDA:46,2,0,0
BRDA:46,2,1,0
BRDA:48,3,0,0
BRDA:48,3,1,0
BRDA:48,4,0,0
BRDA:48,4,1,0
BRDA:62,5,0,0
BRDA:62,5,1,0
BRDA:62,6,0,0
BRDA:62,6,1,0
BRDA:71,7,0,0
BRDA:71,7,1,0
BRDA:71,8,0,0
BRDA:71,8,1,0
BRDA:71,8,2,0
BRF:19
BRH:0
end_of_record
TN:
SF:src\components\TrialGate.tsx
FN:23,TrialGate
FN:37,(anonymous_1)
FNF:2
FNH:0
FNDA:0,TrialGate
FNDA:0,(anonymous_1)
DA:9,0
DA:24,0
DA:25,0
DA:30,0
DA:32,0
DA:35,0
DA:37,0
DA:38,0
DA:39,0
DA:41,0
DA:42,0
DA:44,0
DA:45,0
DA:47,0
DA:49,0
DA:55,0
DA:56,0
DA:64,0
DA:65,0
DA:69,0
DA:76,0
LF:21
LH:0
BRDA:35,0,0,0
BRDA:35,0,1,0
BRDA:35,0,2,0
BRDA:38,1,0,0
BRDA:38,1,1,0
BRDA:39,2,0,0
BRDA:39,2,1,0
BRDA:41,3,0,0
BRDA:41,3,1,0
BRDA:41,4,0,0
BRDA:41,4,1,0
BRDA:55,5,0,0
BRDA:55,5,1,0
BRDA:55,6,0,0
BRDA:55,6,1,0
BRDA:64,7,0,0
BRDA:64,7,1,0
BRDA:64,8,0,0
BRDA:64,8,1,0
BRDA:64,8,2,0
BRF:20
BRH:0
end_of_record
TN:
SF:src\components\UnifiedStartupGate.tsx
FN:25,UnifiedStartupGate
FNF:1
FNH:0
FNDA:0,UnifiedStartupGate
DA:26,0
DA:29,0
DA:30,0
DA:41,0
DA:42,0
DA:51,0
DA:70,0
LF:7
LH:0
BRDA:29,0,0,0
BRDA:29,0,1,0
BRDA:41,1,0,0
BRDA:41,1,1,0
BRF:4
BRH:0
end_of_record
TN:
SF:src\components\MpesaParser\PasswordModal.tsx
FN:27,(anonymous_0)
FN:38,(anonymous_1)
FN:45,(anonymous_2)
FN:47,(anonymous_3)
FN:53,(anonymous_4)
FN:57,(anonymous_5)
FN:81,(anonymous_6)
FN:129,(anonymous_7)
FNF:8
FNH:0
FNDA:0,(anonymous_0)
FNDA:0,(anonymous_1)
FNDA:0,(anonymous_2)
FNDA:0,(anonymous_3)
FNDA:0,(anonymous_4)
FNDA:0,(anonymous_5)
FNDA:0,(anonymous_6)
FNDA:0,(anonymous_7)
DA:27,0
DA:33,0
DA:34,0
DA:35,0
DA:36,0
DA:38,0
DA:39,0
DA:40,0
DA:41,0
DA:45,0
DA:46,0
DA:47,0
DA:48,0
DA:49,0
DA:50,0
DA:53,0
DA:57,0
DA:58,0
DA:59,0
DA:60,0
DA:64,0
DA:67,0
DA:68,0
DA:69,0
DA:72,0
DA:73,0
DA:74,0
DA:78,0
DA:81,0
DA:82,0
DA:85,0
DA:86,0
DA:88,0
DA:129,0
DA:184,0
LF:35
LH:0
BRDA:39,0,0,0
BRDA:39,0,1,0
BRDA:46,1,0,0
BRDA:46,1,1,0
BRDA:48,2,0,0
BRDA:48,2,1,0
BRDA:58,3,0,0
BRDA:58,3,1,0
BRDA:58,4,0,0
BRDA:58,4,1,0
BRDA:67,5,0,0
BRDA:67,5,1,0
BRDA:72,6,0,0
BRDA:72,6,1,0
BRDA:85,7,0,0
BRDA:85,7,1,0
BRDA:86,8,0,0
BRDA:86,8,1,0
BRDA:86,8,2,0
BRDA:96,9,0,0
BRDA:96,9,1,0
BRDA:125,10,0,0
BRDA:125,10,1,0
BRDA:131,11,0,0
BRDA:131,11,1,0
BRDA:156,12,0,0
BRDA:156,12,1,0
BRDA:162,13,0,0
BRDA:162,13,1,0
BRDA:167,14,0,0
BRDA:167,14,1,0
BRDA:167,14,2,0
BRDA:173,15,0,0
BRDA:173,15,1,0
BRF:34
BRH:0
end_of_record
TN:
SF:src\components\MpesaParser\PdfUploader.tsx
FN:32,(anonymous_0)
FN:38,(anonymous_1)
FN:72,(anonymous_2)
FNF:3
FNH:0
FNDA:0,(anonymous_0)
FNDA:0,(anonymous_1)
FNDA:0,(anonymous_2)
DA:32,0
DA:36,0
DA:38,0
DA:39,0
DA:40,0
DA:45,0
DA:46,0
DA:54,0
DA:55,0
DA:57,0
DA:63,0
DA:64,0
DA:66,0
DA:67,0
DA:72,0
DA:73,0
DA:74,0
DA:75,0
DA:76,0
DA:79,0
DA:128,0
LF:21
LH:0
BRDA:47,0,0,0
BRDA:47,0,1,0
BRDA:48,1,0,0
BRDA:48,1,1,0
BRDA:59,2,0,0
BRDA:59,2,1,0
BRDA:63,3,0,0
BRDA:63,3,1,0
BRDA:73,4,0,0
BRDA:73,4,1,0
BRDA:74,5,0,0
BRDA:74,5,1,0
BRDA:75,6,0,0
BRDA:75,6,1,0
BRDA:84,7,0,0
BRDA:84,7,1,0
BRDA:89,8,0,0
BRDA:89,8,1,0
BRDA:100,9,0,0
BRDA:100,9,1,0
BRF:20
BRH:0
end_of_record
TN:
SF:src\components\MpesaParser\ResultsTable.tsx
FN:26,(anonymous_0)
FN:31,(anonymous_1)
FN:38,(anonymous_2)
FN:39,(anonymous_3)
FN:42,(anonymous_4)
FN:50,(anonymous_5)
FN:65,(anonymous_6)
FN:73,(anonymous_7)
FN:79,(anonymous_8)
FN:117,(anonymous_9)
FN:154,(anonymous_10)
FN:161,(anonymous_11)
FN:168,(anonymous_12)
FNF:13
FNH:0
FNDA:0,(anonymous_0)
FNDA:0,(anonymous_1)
FNDA:0,(anonymous_2)
FNDA:0,(anonymous_3)
FNDA:0,(anonymous_4)
FNDA:0,(anonymous_5)
FNDA:0,(anonymous_6)
FNDA:0,(anonymous_7)
FNDA:0,(anonymous_8)
FNDA:0,(anonymous_9)
FNDA:0,(anonymous_10)
FNDA:0,(anonymous_11)
FNDA:0,(anonymous_12)
DA:26,0
DA:31,0
DA:32,0
DA:38,0
DA:39,0
DA:42,0
DA:43,0
DA:45,0
DA:51,0
DA:56,0
DA:61,0
DA:65,0
DA:66,0
DA:73,0
DA:79,0
DA:80,0
DA:117,0
DA:119,0
DA:120,0
DA:131,0
DA:154,0
DA:161,0
DA:168,0
DA:208,0
LF:24
LH:0
BRDA:54,0,0,0
BRDA:54,0,1,0
BRDA:94,1,0,0
BRDA:94,1,1,0
BRDA:95,2,0,0
BRDA:95,2,1,0
BRDA:106,3,0,0
BRDA:106,3,1,0
BRDA:117,4,0,0
BRDA:117,4,1,0
BRDA:119,5,0,0
BRDA:119,5,1,0
BRDA:143,6,0,0
BRDA:143,6,1,0
BRDA:195,7,0,0
BRDA:195,7,1,0
BRF:16
BRH:0
end_of_record
TN:
SF:src\components\MpesaParser\index.ts
FNF:0
FNH:0
LF:0
LH:0
BRF:0
BRH:0
end_of_record
TN:
SF:src\components\ai\AiSuggestionPanel.tsx
FN:25,AiSuggestionPanel
FN:75,(anonymous_1)
FN:76,(anonymous_2)
FN:79,(anonymous_3)
FNF:4
FNH:0
FNDA:0,AiSuggestionPanel
FNDA:0,(anonymous_1)
FNDA:0,(anonymous_2)
FNDA:0,(anonymous_3)
DA:33,0
DA:75,0
DA:77,0
DA:79,0
DA:102,0
LF:5
LH:0
BRDA:27,0,0,0
BRDA:28,1,0,0
BRDA:47,2,0,0
BRDA:47,2,1,0
BRDA:54,3,0,0
BRDA:54,3,1,0
BRDA:58,4,0,0
BRDA:58,4,1,0
BRDA:66,5,0,0
BRDA:66,5,1,0
BRDA:66,5,2,0
BRDA:66,5,3,0
BRDA:72,6,0,0
BRDA:72,6,1,0
BRDA:72,6,2,0
BRDA:72,6,3,0
BRF:16
BRH:0
end_of_record
TN:
SF:src\components\ai\SmartComposeButton.tsx
FN:16,SmartComposeButton
FNF:1
FNH:0
FNDA:0,SmartComposeButton
DA:22,0
DA:46,0
LF:2
LH:0
BRDA:18,0,0,0
BRDA:19,1,0,0
BRDA:24,2,0,0
BRDA:24,2,1,0
BRDA:26,3,0,0
BRDA:26,3,1,0
BRDA:29,4,0,0
BRDA:29,4,1,0
BRDA:35,5,0,0
BRDA:35,5,1,0
BRDA:35,5,2,0
BRF:11
BRH:0
end_of_record
TN:
SF:src\components\billing\PaymentCard.tsx
FN:26,PaymentCard
FN:27,(anonymous_1)
FNF:2
FNH:0
FNDA:0,PaymentCard
FNDA:0,(anonymous_1)
DA:23,0
DA:24,0
DA:27,0
DA:28,0
DA:29,0
DA:30,0
DA:33,0
DA:34,0
DA:35,0
DA:36,0
DA:38,0
DA:41,0
DA:45,0
DA:46,0
DA:47,0
DA:48,0
DA:50,0
DA:105,0
LF:18
LH:0
BRDA:26,0,0,0
BRDA:28,1,0,0
BRDA:28,1,1,0
BRDA:35,2,0,0
BRDA:35,2,1,0
BRDA:45,3,0,0
BRDA:45,3,1,0
BRDA:46,4,0,0
BRDA:46,4,1,0
BRDA:47,5,0,0
BRDA:47,5,1,0
BRDA:48,6,0,0
BRDA:48,6,1,0
BRDA:52,7,0,0
BRDA:52,7,1,0
BRDA:78,8,0,0
BRDA:78,8,1,0
BRF:17
BRH:0
end_of_record
TN:
SF:src\components\billing\SubscriptionStatusCard.tsx
FN:36,SubscriptionStatusCard
FN:57,(anonymous_1)
FNF:2
FNH:0
FNDA:0,SubscriptionStatusCard
FNDA:0,(anonymous_1)
DA:54,0
DA:57,0
DA:58,0
DA:59,0
DA:61,0
DA:62,0
DA:64,0
DA:65,0
DA:67,0
DA:70,0
DA:71,0
DA:92,0
DA:181,0
LF:13
LH:0
BRDA:39,0,0,0
BRDA:58,1,0,0
BRDA:58,1,1,0
BRDA:58,2,0,0
BRDA:58,2,1,0
BRDA:61,3,0,0
BRDA:61,3,1,0
BRDA:64,4,0,0
BRDA:64,4,1,0
BRDA:70,5,0,0
BRDA:70,5,1,0
BRDA:80,6,0,0
BRDA:80,6,1,0
BRDA:80,6,2,0
BRDA:80,6,3,0
BRDA:80,6,4,0
BRDA:104,7,0,0
BRDA:104,7,1,0
BRDA:116,8,0,0
BRDA:116,8,1,0
BRDA:126,9,0,0
BRDA:126,9,1,0
BRDA:139,10,0,0
BRDA:139,10,1,0
BRDA:148,11,0,0
BRDA:148,11,1,0
BRDA:159,12,0,0
BRDA:159,12,1,0
BRDA:159,12,2,0
BRDA:159,12,3,0
BRDA:159,12,4,0
BRDA:168,13,0,0
BRDA:168,13,1,0
BRDA:168,13,2,0
BRDA:168,13,3,0
BRF:35
BRH:0
end_of_record
TN:
SF:src\components\bulk-pro\BulkProHeader.tsx
FN:5,BulkProHeader
FNF:1
FNH:0
FNDA:0,BulkProHeader
DA:10,0
DA:12,0
DA:42,0
LF:3
LH:0
BRDA:24,0,0,0
BRDA:24,0,1,0
BRDA:25,1,0,0
BRDA:25,1,1,0
BRDA:26,2,0,0
BRDA:26,2,1,0
BRDA:29,3,0,0
BRDA:29,3,1,0
BRDA:31,4,0,0
BRDA:31,4,1,0
BRDA:33,5,0,0
BRDA:33,5,1,0
BRF:12
BRH:0
end_of_record
TN:
SF:src\components\bulk-pro\BulkProProgress.tsx
FN:11,(anonymous_0)
FN:14,(anonymous_1)
FN:23,(anonymous_2)
FN:57,BulkProProgress
FN:77,(anonymous_4)
FN:85,(anonymous_5)
FNF:6
FNH:0
FNDA:0,(anonymous_0)
FNDA:0,(anonymous_1)
FNDA:0,(anonymous_2)
FNDA:0,BulkProProgress
FNDA:0,(anonymous_4)
FNDA:0,(anonymous_5)
DA:11,0
DA:12,0
DA:14,0
DA:15,0
DA:22,0
DA:23,0
DA:26,0
DA:31,0
DA:72,0
DA:73,0
DA:76,0
DA:77,0
DA:78,0
DA:84,0
DA:85,0
DA:89,0
DA:90,0
DA:91,0
DA:92,0
DA:96,0
DA:97,0
DA:99,0
DA:200,0
LF:23
LH:0
BRDA:66,0,0,0
BRDA:76,1,0,0
BRDA:76,1,1,0
BRDA:90,2,0,0
BRDA:90,2,1,0
BRDA:92,3,0,0
BRDA:92,3,1,0
BRDA:97,4,0,0
BRDA:97,4,1,0
BRDA:102,5,0,0
BRDA:102,5,1,0
BRDA:110,6,0,0
BRDA:110,6,1,0
BRDA:113,7,0,0
BRDA:113,7,1,0
BRDA:113,8,0,0
BRDA:113,8,1,0
BRDA:115,9,0,0
BRDA:115,9,1,0
BRDA:115,9,2,0
BRDA:123,10,0,0
BRDA:123,10,1,0
BRDA:129,11,0,0
BRDA:129,11,1,0
BRDA:146,12,0,0
BRDA:146,12,1,0
BRDA:152,13,0,0
BRDA:152,13,1,0
BRDA:155,14,0,0
BRDA:155,14,1,0
BRDA:161,15,0,0
BRDA:161,15,1,0
BRDA:165,16,0,0
BRDA:165,16,1,0
BRDA:170,17,0,0
BRDA:170,17,1,0
BRDA:176,18,0,0
BRDA:176,18,1,0
BRDA:188,19,0,0
BRDA:188,19,1,0
BRF:40
BRH:0
end_of_record
TN:
SF:src\components\bulk-pro\BulkProTemplate.tsx
FN:11,BulkProTemplate
FN:69,(anonymous_1)
FN:73,(anonymous_2)
FN:83,(anonymous_3)
FN:85,(anonymous_4)
FN:89,(anonymous_5)
FN:115,(anonymous_6)
FN:119,(anonymous_7)
FNF:8
FNH:0
FNDA:0,BulkProTemplate
FNDA:0,(anonymous_1)
FNDA:0,(anonymous_2)
FNDA:0,(anonymous_3)
FNDA:0,(anonymous_4)
FNDA:0,(anonymous_5)
FNDA:0,(anonymous_6)
FNDA:0,(anonymous_7)
DA:29,0
DA:30,0
DA:31,0
DA:33,0
DA:70,0
DA:73,0
DA:83,0
DA:86,0
DA:89,0
DA:116,0
DA:119,0
DA:133,0
LF:12
LH:0
BRDA:18,0,0,0
BRDA:98,1,0,0
BRDA:98,1,1,0
BRDA:105,2,0,0
BRDA:105,2,1,0
BRF:5
BRH:0
end_of_record
TN:
SF:src\components\bulk-pro\EditModal.tsx
FN:19,(anonymous_0)
FN:45,EditModal
FN:63,(anonymous_2)
FN:78,(anonymous_3)
FN:83,(anonymous_4)
FN:88,(anonymous_5)
FN:106,(anonymous_6)
FNF:7
FNH:0
FNDA:0,(anonymous_0)
FNDA:0,EditModal
FNDA:0,(anonymous_2)
FNDA:0,(anonymous_3)
FNDA:0,(anonymous_4)
FNDA:0,(anonymous_5)
FNDA:0,(anonymous_6)
DA:19,0
DA:20,0
DA:21,0
DA:22,0
DA:56,0
DA:57,0
DA:63,0
DA:64,0
DA:67,0
DA:69,0
DA:78,0
DA:83,0
DA:89,0
DA:106,0
DA:117,0
LF:15
LH:0
BRDA:24,0,0,0
BRDA:24,0,1,0
BRDA:64,1,0,0
BRDA:64,1,1,0
BRDA:67,2,0,0
BRDA:67,2,1,0
BRDA:87,3,0,0
BRDA:87,3,1,0
BRDA:91,4,0,0
BRDA:91,4,1,0
BRF:10
BRH:0
end_of_record
TN:
SF:src\components\bulk-pro\Pill.tsx
FN:5,Pill
FNF:1
FNH:0
FNDA:0,Pill
DA:14,0
DA:16,0
DA:39,0
LF:3
LH:0
BRDA:22,0,0,0
BRDA:22,0,1,0
BRDA:23,1,0,0
BRDA:23,1,1,0
BRDA:30,2,0,0
BRDA:30,2,1,0
BRF:6
BRH:0
end_of_record
TN:
SF:src\components\bulk-pro\QueueStatusBanner.tsx
FN:20,(anonymous_0)
FNF:1
FNH:0
FNDA:0,(anonymous_0)
DA:20,0
DA:28,0
DA:31,0
DA:32,0
DA:35,0
DA:39,0
DA:95,0
LF:7
LH:0
BRDA:26,0,0,0
BRDA:31,1,0,0
BRDA:31,1,1,0
BRDA:31,2,0,0
BRDA:31,2,1,0
BRDA:31,2,2,0
BRDA:35,3,0,0
BRDA:35,3,1,0
BRDA:43,4,0,0
BRDA:43,4,1,0
BRDA:50,5,0,0
BRDA:50,5,1,0
BRDA:55,6,0,0
BRDA:55,6,1,0
BRDA:58,7,0,0
BRDA:58,7,1,0
BRDA:64,8,0,0
BRDA:64,8,1,0
BRDA:75,9,0,0
BRDA:75,9,1,0
BRDA:76,10,0,0
BRDA:76,10,1,0
BRDA:76,11,0,0
BRDA:76,11,1,0
BRDA:80,12,0,0
BRDA:80,12,1,0
BRDA:82,13,0,0
BRDA:82,13,1,0
BRDA:88,14,0,0
BRDA:88,14,1,0
BRF:30
BRH:0
end_of_record
TN:
SF:src\components\bulk-pro\RecipientsModal.tsx
FN:14,RecipientsModal
FN:28,(anonymous_1)
FN:32,(anonymous_2)
FN:68,(anonymous_3)
FN:69,(anonymous_4)
FN:71,(anonymous_5)
FNF:6
FNH:0
FNDA:0,RecipientsModal
FNDA:0,(anonymous_1)
FNDA:0,(anonymous_2)
FNDA:0,(anonymous_3)
FNDA:0,(anonymous_4)
FNDA:0,(anonymous_5)
DA:25,0
DA:26,0
DA:28,0
DA:29,0
DA:30,0
DA:31,0
DA:33,0
DA:38,0
DA:68,0
DA:70,0
DA:71,0
DA:90,0
LF:12
LH:0
BRDA:30,0,0,0
BRDA:30,0,1,0
BRDA:33,1,0,0
BRDA:33,1,1,0
BRDA:33,2,0,0
BRDA:33,2,1,0
BRDA:34,3,0,0
BRDA:34,3,1,0
BRDA:75,4,0,0
BRDA:75,4,1,0
BRDA:76,5,0,0
BRDA:76,5,1,0
BRDA:79,6,0,0
BRDA:79,6,1,0
BRF:14
BRH:0
end_of_record
TN:
SF:src\components\bulk-pro\SessionManager.tsx
FN:33,(anonymous_0)
FN:45,(anonymous_1)
FNF:2
FNH:0
FNDA:0,(anonymous_0)
FNDA:0,(anonymous_1)
DA:33,0
DA:39,0
DA:42,0
DA:45,0
DA:46,0
DA:47,0
DA:48,0
DA:50,0
DA:51,0
DA:53,0
DA:56,0
DA:152,0
LF:12
LH:0
BRDA:37,0,0,0
BRDA:50,1,0,0
BRDA:50,1,1,0
BRDA:82,2,0,0
BRDA:82,2,1,0
BRDA:95,3,0,0
BRDA:95,3,1,0
BRDA:106,4,0,0
BRDA:106,4,1,0
BRDA:112,5,0,0
BRDA:112,5,1,0
BRDA:126,6,0,0
BRDA:126,6,1,0
BRF:13
BRH:0
end_of_record
TN:
SF:src\components\chat\QuickReplies.tsx
FN:22,(anonymous_0)
FN:32,(anonymous_1)
FN:36,(anonymous_2)
FNF:3
FNH:0
FNDA:0,(anonymous_0)
FNDA:0,(anonymous_1)
FNDA:0,(anonymous_2)
DA:9,0
DA:22,0
DA:23,0
DA:25,0
DA:33,0
DA:36,0
DA:47,0
LF:7
LH:0
BRF:0
BRH:0
end_of_record
TN:
SF:src\components\dashboard\ActivityFeed.tsx
FN:18,ActivityFeed
FN:21,(anonymous_1)
FN:48,(anonymous_2)
FNF:3
FNH:0
FNDA:0,ActivityFeed
FNDA:0,(anonymous_1)
FNDA:0,(anonymous_2)
DA:19,0
DA:21,0
DA:22,0
DA:42,0
DA:48,0
DA:57,0
LF:6
LH:0
BRDA:29,0,0,0
BRDA:29,0,1,0
BRDA:30,1,0,0
BRDA:30,1,1,0
BRF:4
BRH:0
end_of_record
TN:
SF:src\components\dashboard\AnimatedStatCard.tsx
FN:16,AnimatedStatCard
FN:28,(anonymous_1)
FN:37,(anonymous_2)
FN:41,(anonymous_3)
FNF:4
FNH:0
FNDA:0,AnimatedStatCard
FNDA:0,(anonymous_1)
FNDA:0,(anonymous_2)
FNDA:0,(anonymous_3)
DA:23,0
DA:24,0
DA:25,0
DA:28,0
DA:29,0
DA:36,0
DA:37,0
DA:41,0
DA:42,0
DA:43,0
DA:57,0
DA:60,0
DA:65,0
DA:90,0
LF:14
LH:0
BRDA:42,0,0,0
BRDA:42,0,1,0
BRDA:78,1,0,0
BRDA:78,1,1,0
BRDA:80,2,0,0
BRDA:80,2,1,0
BRF:6
BRH:0
end_of_record
TN:
SF:src\components\dashboard\CalendarWidget.tsx
FN:15,(anonymous_0)
FN:65,(anonymous_1)
FNF:2
FNH:0
FNDA:0,(anonymous_0)
FNDA:0,(anonymous_1)
DA:15,0
DA:23,0
DA:25,0
DA:26,0
DA:43,0
DA:66,0
DA:93,0
LF:7
LH:0
BRDA:15,0,0,0
BRDA:25,1,0,0
BRDA:25,1,1,0
BRDA:35,2,0,0
BRDA:35,2,1,0
BRDA:35,2,2,0
BRDA:53,3,0,0
BRDA:53,3,1,0
BRDA:62,4,0,0
BRDA:62,4,1,0
BRDA:64,5,0,0
BRDA:64,5,1,0
BRDA:77,6,0,0
BRDA:77,6,1,0
BRDA:78,7,0,0
BRDA:78,7,1,0
BRDA:86,8,0,0
BRDA:86,8,1,0
BRF:18
BRH:0
end_of_record
TN:
SF:src\components\dashboard\NetworkWidget.tsx
FN:8,(anonymous_0)
FNF:1
FNH:0
FNDA:0,(anonymous_0)
DA:8,0
DA:9,0
DA:11,0
DA:12,0
DA:14,0
DA:15,0
DA:16,0
DA:17,0
DA:18,0
DA:19,0
DA:20,0
DA:22,0
DA:23,0
DA:27,0
DA:49,0
LF:15
LH:0
BRDA:14,0,0,0
BRDA:14,0,1,0
BRDA:15,1,0,0
BRDA:15,1,1,0
BRDA:18,2,0,0
BRDA:18,2,1,0
BRDA:40,3,0,0
BRDA:40,3,1,0
BRDA:42,4,0,0
BRDA:42,4,1,0
BRF:10
BRH:0
end_of_record
TN:
SF:src\components\dashboard\PerformanceWidgets.tsx
FN:11,PerformanceWidgets
FN:19,(anonymous_1)
FNF:2
FNH:0
FNDA:0,PerformanceWidgets
FNDA:0,(anonymous_1)
DA:16,0
DA:19,0
DA:20,0
DA:21,0
DA:22,0
DA:24,0
DA:45,0
DA:69,0
LF:8
LH:0
BRDA:33,0,0,0
BRDA:33,0,1,0
BRDA:34,1,0,0
BRDA:34,1,1,0
BRF:4
BRH:0
end_of_record
TN:
SF:src\components\dashboard\QuickButton.tsx
FN:12,QuickButton
FN:16,(anonymous_1)
FN:23,(anonymous_2)
FNF:3
FNH:0
FNDA:0,QuickButton
FNDA:0,(anonymous_1)
FNDA:0,(anonymous_2)
DA:13,0
DA:14,0
DA:16,0
DA:17,0
DA:23,0
DA:24,0
DA:32,0
DA:50,0
LF:8
LH:0
BRF:0
BRH:0
end_of_record
TN:
SF:src\components\dashboard\QuotesWidget.tsx
FN:33,(anonymous_0)
FN:40,(anonymous_1)
FN:79,(anonymous_2)
FN:91,(anonymous_3)
FN:97,(anonymous_4)
FN:104,(anonymous_5)
FN:105,(anonymous_6)
FN:109,(anonymous_7)
FNF:8
FNH:0
FNDA:0,(anonymous_0)
FNDA:0,(anonymous_1)
FNDA:0,(anonymous_2)
FNDA:0,(anonymous_3)
FNDA:0,(anonymous_4)
FNDA:0,(anonymous_5)
FNDA:0,(anonymous_6)
FNDA:0,(anonymous_7)
DA:15,0
DA:33,0
DA:34,0
DA:35,0
DA:36,0
DA:37,0
DA:38,0
DA:40,0
DA:41,0
DA:42,0
DA:43,0
DA:45,0
DA:48,0
DA:55,0
DA:56,0
DA:59,0
DA:61,0
DA:62,0
DA:65,0
DA:66,0
DA:69,0
DA:71,0
DA:72,0
DA:74,0
DA:75,0
DA:79,0
DA:80,0
DA:82,0
DA:83,0
DA:84,0
DA:85,0
DA:87,0
DA:91,0
DA:92,0
DA:96,0
DA:98,0
DA:104,0
DA:105,0
DA:106,0
DA:109,0
DA:112,0
DA:162,0
LF:42
LH:0
BRDA:40,0,0,0
BRDA:42,1,0,0
BRDA:42,1,1,0
BRDA:55,2,0,0
BRDA:55,2,1,0
BRDA:61,3,0,0
BRDA:61,3,1,0
BRDA:61,4,0,0
BRDA:61,4,1,0
BRDA:80,5,0,0
BRDA:80,5,1,0
BRDA:122,6,0,0
BRDA:122,6,1,0
BRDA:123,7,0,0
BRDA:123,7,1,0
BRDA:129,8,0,0
BRDA:129,8,1,0
BRDA:130,9,0,0
BRDA:130,9,1,0
BRDA:135,10,0,0
BRDA:135,10,1,0
BRDA:141,11,0,0
BRDA:141,11,1,0
BRDA:146,12,0,0
BRDA:146,12,1,0
BRDA:151,13,0,0
BRDA:151,13,1,0
BRF:27
BRH:0
end_of_record
TN:
SF:src\components\dashboard\SmsVolumeChart.tsx
FN:21,SmsVolumeChart
FN:47,(anonymous_1)
FN:48,(anonymous_2)
FNF:3
FNH:0
FNDA:0,SmsVolumeChart
FNDA:0,(anonymous_1)
FNDA:0,(anonymous_2)
DA:22,0
DA:25,0
DA:26,0
DA:33,0
DA:35,0
DA:47,0
DA:48,0
DA:59,0
LF:8
LH:0
BRDA:25,0,0,0
BRDA:25,0,1,0
BRDA:47,1,0,0
BRDA:48,2,0,0
BRF:4
BRH:0
end_of_record
TN:
SF:src\components\dashboard\WeatherWidget.tsx
FN:15,(anonymous_0)
FN:41,(anonymous_1)
FNF:2
FNH:0
FNDA:0,(anonymous_0)
FNDA:0,(anonymous_1)
DA:15,0
DA:16,0
DA:18,0
DA:21,0
DA:24,0
DA:27,0
DA:29,0
DA:32,0
DA:35,0
DA:37,0
DA:41,0
DA:42,0
DA:44,0
DA:45,0
DA:71,0
DA:122,0
LF:16
LH:0
BRDA:15,0,0,0
BRDA:18,1,0,0
BRDA:18,1,1,0
BRDA:18,1,2,0
BRDA:18,1,3,0
BRDA:18,1,4,0
BRDA:18,1,5,0
BRDA:18,1,6,0
BRDA:18,1,7,0
BRDA:18,1,8,0
BRDA:18,1,9,0
BRDA:18,1,10,0
BRDA:18,1,11,0
BRDA:41,2,0,0
BRDA:44,3,0,0
BRDA:44,3,1,0
BRDA:48,4,0,0
BRDA:48,4,1,0
BRDA:51,5,0,0
BRDA:51,5,1,0
BRDA:58,6,0,0
BRDA:58,6,1,0
BRDA:58,6,2,0
BRDA:74,7,0,0
BRDA:74,7,1,0
BRDA:77,8,0,0
BRDA:77,8,1,0
BRDA:85,9,0,0
BRDA:85,9,1,0
BRDA:90,10,0,0
BRDA:90,10,1,0
BRDA:92,11,0,0
BRDA:92,11,1,0
BRF:33
BRH:0
end_of_record
TN:
SF:src\components\errors\ErrorScreen.tsx
FN:15,ErrorScreen
FN:19,(anonymous_1)
FN:109,(anonymous_2)
FN:120,(anonymous_3)
FN:123,(anonymous_4)
FN:147,(anonymous_5)
FNF:6
FNH:0
FNDA:0,ErrorScreen
FNDA:0,(anonymous_1)
FNDA:0,(anonymous_2)
FNDA:0,(anonymous_3)
FNDA:0,(anonymous_4)
FNDA:0,(anonymous_5)
DA:16,0
DA:19,0
DA:20,0
DA:24,0
DA:35,0
DA:45,0
DA:53,0
DA:63,0
DA:72,0
DA:80,0
DA:89,0
DA:91,0
DA:109,0
DA:121,0
DA:123,0
DA:147,0
DA:174,0
LF:17
LH:0
BRDA:20,0,0,0
BRDA:20,0,1,0
BRDA:20,0,2,0
BRDA:20,0,3,0
BRDA:20,0,4,0
BRDA:20,0,5,0
BRDA:20,0,6,0
BRDA:20,0,7,0
BRDA:20,0,8,0
BRDA:20,0,9,0
BRDA:20,0,10,0
BRDA:20,0,11,0
BRDA:20,0,12,0
BRDA:20,0,13,0
BRDA:20,0,14,0
BRDA:20,0,15,0
BRDA:20,0,16,0
BRDA:118,1,0,0
BRDA:118,1,1,0
BRDA:118,1,2,0
BRDA:135,2,0,0
BRDA:135,2,1,0
BRDA:135,2,2,0
BRDA:141,3,0,0
BRDA:141,3,1,0
BRDA:141,3,2,0
BRDA:162,4,0,0
BRDA:162,4,1,0
BRDA:163,5,0,0
BRDA:163,5,1,0
BRDA:164,6,0,0
BRDA:164,6,1,0
BRDA:165,7,0,0
BRDA:165,7,1,0
BRF:34
BRH:0
end_of_record
TN:
SF:src\components\examples\ComponentShowcase.tsx
FN:7,(anonymous_0)
FN:11,(anonymous_1)
FN:13,(anonymous_2)
FN:14,(anonymous_3)
FN:15,(anonymous_4)
FN:44,(anonymous_5)
FN:50,(anonymous_6)
FN:62,(anonymous_7)
FN:83,(anonymous_8)
FN:84,(anonymous_9)
FN:85,(anonymous_10)
FN:86,(anonymous_11)
FN:87,(anonymous_12)
FNF:13
FNH:0
FNDA:0,(anonymous_0)
FNDA:0,(anonymous_1)
FNDA:0,(anonymous_2)
FNDA:0,(anonymous_3)
FNDA:0,(anonymous_4)
FNDA:0,(anonymous_5)
FNDA:0,(anonymous_6)
FNDA:0,(anonymous_7)
FNDA:0,(anonymous_8)
FNDA:0,(anonymous_9)
FNDA:0,(anonymous_10)
FNDA:0,(anonymous_11)
FNDA:0,(anonymous_12)
DA:7,0
DA:8,0
DA:9,0
DA:11,0
DA:12,0
DA:13,0
DA:14,0
DA:15,0
DA:18,0
DA:44,0
DA:111,0
LF:11
LH:0
BRF:0
BRH:0
end_of_record
TN:
SF:src\components\examples\index.ts
FNF:0
FNH:0
LF:0
LH:0
BRF:0
BRH:0
end_of_record
TN:
SF:src\components\inbox\ComposeOptionsSheet.tsx
FN:29,(anonymous_0)
FN:33,(anonymous_1)
FN:55,(anonymous_2)
FN:62,(anonymous_3)
FN:69,(anonymous_4)
FN:97,(anonymous_5)
FNF:6
FNH:0
FNDA:0,(anonymous_0)
FNDA:0,(anonymous_1)
FNDA:0,(anonymous_2)
FNDA:0,(anonymous_3)
FNDA:0,(anonymous_4)
FNDA:0,(anonymous_5)
DA:29,0
DA:30,0
DA:31,0
DA:33,0
DA:34,0
DA:35,0
DA:41,0
DA:49,0
DA:55,0
DA:62,0
DA:69,0
DA:73,0
DA:75,0
DA:98,0
DA:125,0
LF:15
LH:0
BRDA:34,0,0,0
BRDA:34,0,1,0
BRDA:73,1,0,0
BRDA:73,1,1,0
BRF:4
BRH:0
end_of_record
TN:
SF:src\components\inbox\ThreadItem.tsx
FN:15,(anonymous_0)
FN:20,(anonymous_1)
FN:34,(anonymous_2)
FN:49,(anonymous_3)
FN:50,(anonymous_4)
FNF:5
FNH:0
FNDA:0,(anonymous_0)
FNDA:0,(anonymous_1)
FNDA:0,(anonymous_2)
FNDA:0,(anonymous_3)
FNDA:0,(anonymous_4)
DA:15,0
DA:16,0
DA:17,0
DA:20,0
DA:21,0
DA:22,0
DA:23,0
DA:24,0
DA:29,0
DA:30,0
DA:31,0
DA:34,0
DA:35,0
DA:39,0
DA:46,0
DA:49,0
DA:50,0
DA:97,0
LF:18
LH:0
BRDA:17,0,0,0
BRDA:17,0,1,0
BRDA:21,1,0,0
BRDA:21,1,1,0
BRDA:23,2,0,0
BRDA:23,2,1,0
BRDA:30,3,0,0
BRDA:30,3,1,0
BRDA:31,4,0,0
BRDA:31,4,1,0
BRDA:35,5,0,0
BRDA:35,5,1,0
BRDA:54,6,0,0
BRDA:54,6,1,0
BRDA:55,7,0,0
BRDA:55,7,1,0
BRF:16
BRH:0
end_of_record
TN:
SF:src\components\marketing\AiAssistantModal.tsx
FN:17,AiAssistantModal
FN:24,(anonymous_1)
FN:53,(anonymous_2)
FN:100,(anonymous_3)
FN:112,(anonymous_4)
FN:124,(anonymous_5)
FN:152,(anonymous_6)
FN:156,(anonymous_7)
FNF:8
FNH:0
FNDA:0,AiAssistantModal
FNDA:0,(anonymous_1)
FNDA:0,(anonymous_2)
FNDA:0,(anonymous_3)
FNDA:0,(anonymous_4)
FNDA:0,(anonymous_5)
FNDA:0,(anonymous_6)
FNDA:0,(anonymous_7)
DA:18,0
DA:19,0
DA:20,0
DA:21,0
DA:22,0
DA:24,0
DA:25,0
DA:26,0
DA:28,0
DA:29,0
DA:31,0
DA:32,0
DA:33,0
DA:34,0
DA:35,0
DA:36,0
DA:37,0
DA:38,0
DA:41,0
DA:42,0
DA:44,0
DA:46,0
DA:47,0
DA:49,0
DA:53,0
DA:54,0
DA:55,0
DA:58,0
DA:100,0
DA:112,0
DA:124,0
DA:153,0
DA:157,0
DA:158,0
DA:180,0
LF:35
LH:0
BRDA:31,0,0,0
BRDA:31,0,1,0
BRDA:32,1,0,0
BRDA:32,1,1,0
BRDA:34,2,0,0
BRDA:34,2,1,0
BRDA:35,3,0,0
BRDA:35,3,1,0
BRDA:37,4,0,0
BRDA:37,4,1,0
BRDA:38,5,0,0
BRDA:38,5,1,0
BRDA:80,6,0,0
BRDA:80,6,1,0
BRDA:137,7,0,0
BRDA:137,7,1,0
BRDA:146,8,0,0
BRDA:146,8,1,0
BRF:18
BRH:0
end_of_record
TN:
SF:src\components\optimized\OptimizedContactsList.tsx
FN:32,(anonymous_0)
FN:44,(anonymous_1)
FN:50,(anonymous_2)
FN:63,(anonymous_3)
FN:101,(anonymous_4)
FN:110,(anonymous_5)
FN:114,(anonymous_6)
FN:116,(anonymous_7)
FN:120,(anonymous_8)
FN:129,(anonymous_9)
FN:131,(anonymous_10)
FN:149,(anonymous_11)
FNF:12
FNH:0
FNDA:0,(anonymous_0)
FNDA:0,(anonymous_1)
FNDA:0,(anonymous_2)
FNDA:0,(anonymous_3)
FNDA:0,(anonymous_4)
FNDA:0,(anonymous_5)
FNDA:0,(anonymous_6)
FNDA:0,(anonymous_7)
FNDA:0,(anonymous_8)
FNDA:0,(anonymous_9)
FNDA:0,(anonymous_10)
FNDA:0,(anonymous_11)
DA:32,0
DA:44,0
DA:45,0
DA:47,0
DA:48,0
DA:50,0
DA:51,0
DA:52,0
DA:60,0
DA:63,0
DA:95,0
DA:101,0
DA:110,0
DA:111,0
DA:113,0
DA:114,0
DA:115,0
DA:116,0
DA:120,0
DA:121,0
DA:129,0
DA:131,0
DA:132,0
DA:149,0
DA:150,0
DA:157,0
DA:173,0
DA:175,0
LF:28
LH:0
BRDA:45,0,0,0
BRDA:45,0,1,0
BRDA:52,1,0,0
BRDA:52,1,1,0
BRDA:62,2,0,0
BRDA:62,2,1,0
BRDA:75,3,0,0
BRDA:75,3,1,0
BRDA:78,4,0,0
BRDA:78,4,1,0
BRDA:80,5,0,0
BRDA:80,5,1,0
BRDA:88,6,0,0
BRDA:88,6,1,0
BRDA:89,7,0,0
BRDA:89,7,1,0
BRDA:105,8,0,0
BRDA:106,9,0,0
BRDA:111,10,0,0
BRDA:111,10,1,0
BRDA:115,11,0,0
BRDA:115,11,1,0
BRDA:152,12,0,0
BRDA:152,12,1,0
BRDA:166,13,0,0
BRDA:166,13,1,0
BRF:26
BRH:0
end_of_record
TN:
SF:src\components\optimized\OptimizedConversationList.tsx
FN:26,(anonymous_0)
FN:33,(anonymous_1)
FN:51,(anonymous_2)
FN:98,(anonymous_3)
FN:106,(anonymous_4)
FN:114,(anonymous_5)
FN:121,(anonymous_6)
FN:123,(anonymous_7)
FN:132,(anonymous_8)
FNF:9
FNH:9
FNDA:10,(anonymous_0)
FNDA:10,(anonymous_1)
FNDA:1,(anonymous_2)
FNDA:8,(anonymous_3)
FNDA:1,(anonymous_4)
FNDA:10,(anonymous_5)
FNDA:10,(anonymous_6)
FNDA:2,(anonymous_7)
FNDA:8,(anonymous_8)
DA:26,1
DA:33,10
DA:34,10
DA:35,10
DA:36,10
DA:37,10
DA:39,10
DA:40,6
DA:41,4
DA:42,4
DA:44,0
DA:48,10
DA:51,1
DA:92,1
DA:98,1
DA:104,8
DA:106,8
DA:108,1
DA:114,8
DA:115,10
DA:121,10
DA:123,8
DA:124,2
DA:132,8
DA:134,8
DA:151,1
DA:153,1
LF:27
LH:26
BRDA:39,0,0,6
BRDA:39,0,1,4
BRDA:41,1,0,4
BRDA:41,1,1,0
BRDA:57,2,0,10
BRDA:57,2,1,1
BRDA:60,3,0,10
BRDA:60,3,1,6
BRDA:63,4,0,0
BRDA:63,4,1,6
BRDA:72,5,0,10
BRDA:72,5,1,1
BRDA:81,6,0,10
BRDA:81,6,1,0
BRDA:83,7,0,10
BRDA:83,7,1,6
BRDA:100,8,0,7
BRDA:102,9,0,7
BRDA:126,10,0,1
BRDA:126,10,1,1
BRDA:144,11,0,2
BRDA:144,11,1,6
BRF:22
BRH:19
end_of_record
TN:
SF:src\components\optimized\OptimizedRecipientsList.tsx
FN:23,(anonymous_0)
FN:34,(anonymous_1)
FN:73,(anonymous_2)
FN:75,(anonymous_3)
FN:95,(anonymous_4)
FN:101,(anonymous_5)
FN:110,(anonymous_6)
FN:113,(anonymous_7)
FN:121,(anonymous_8)
FN:130,(anonymous_9)
FNF:10
FNH:0
FNDA:0,(anonymous_0)
FNDA:0,(anonymous_1)
FNDA:0,(anonymous_2)
FNDA:0,(anonymous_3)
FNDA:0,(anonymous_4)
FNDA:0,(anonymous_5)
FNDA:0,(anonymous_6)
FNDA:0,(anonymous_7)
FNDA:0,(anonymous_8)
FNDA:0,(anonymous_9)
DA:23,0
DA:34,0
DA:35,0
DA:36,0
DA:43,0
DA:45,0
DA:73,0
DA:76,0
DA:89,0
DA:95,0
DA:101,0
DA:102,0
DA:110,0
DA:111,0
DA:113,0
DA:114,0
DA:121,0
DA:122,0
DA:130,0
DA:132,0
DA:148,0
DA:150,0
LF:22
LH:0
BRDA:25,0,0,0
BRDA:26,1,0,0
BRDA:35,2,0,0
BRDA:35,2,1,0
BRDA:43,3,0,0
BRDA:43,3,1,0
BRDA:46,4,0,0
BRDA:46,4,1,0
BRDA:56,5,0,0
BRDA:56,5,1,0
BRDA:62,6,0,0
BRDA:62,6,1,0
BRDA:62,6,2,0
BRDA:70,7,0,0
BRDA:70,7,1,0
BRDA:70,7,2,0
BRDA:73,8,0,0
BRDA:73,8,1,0
BRDA:73,8,2,0
BRDA:80,9,0,0
BRDA:80,9,1,0
BRDA:97,10,0,0
BRDA:98,11,0,0
BRDA:99,12,0,0
BRDA:124,13,0,0
BRDA:124,13,1,0
BRDA:137,14,0,0
BRDA:137,14,1,0
BRDA:141,15,0,0
BRDA:141,15,1,0
BRF:30
BRH:0
end_of_record
TN:
SF:src\components\optimized\OptimizedScreens.tsx
FN:7,(anonymous_0)
FN:12,(anonymous_1)
FN:28,(anonymous_2)
FN:33,(anonymous_3)
FN:37,(anonymous_4)
FN:41,(anonymous_5)
FN:52,(anonymous_6)
FN:61,(anonymous_7)
FN:69,(anonymous_8)
FN:84,(anonymous_9)
FN:89,(anonymous_10)
FN:94,(anonymous_11)
FN:99,(anonymous_12)
FNF:13
FNH:0
FNDA:0,(anonymous_0)
FNDA:0,(anonymous_1)
FNDA:0,(anonymous_2)
FNDA:0,(anonymous_3)
FNDA:0,(anonymous_4)
FNDA:0,(anonymous_5)
FNDA:0,(anonymous_6)
FNDA:0,(anonymous_7)
FNDA:0,(anonymous_8)
FNDA:0,(anonymous_9)
FNDA:0,(anonymous_10)
FNDA:0,(anonymous_11)
FNDA:0,(anonymous_12)
DA:6,0
DA:7,0
DA:12,0
DA:13,0
DA:29,0
DA:30,0
DA:34,0
DA:38,0
DA:42,0
DA:43,0
DA:44,0
DA:47,0
DA:52,0
DA:53,0
DA:61,0
DA:67,0
DA:69,0
DA:70,0
DA:77,0
DA:78,0
DA:82,0
DA:84,0
DA:89,0
DA:94,0
DA:99,0
LF:25
LH:0
BRDA:42,0,0,0
BRDA:42,0,1,0
BRDA:43,1,0,0
BRDA:43,1,1,0
BRDA:71,2,0,0
BRDA:71,2,1,0
BRF:6
BRH:0
end_of_record
TN:
SF:src\components\paywall\PaywallFeatures.tsx
FN:10,PaywallFeatures
FNF:1
FNH:0
FNDA:0,PaywallFeatures
DA:11,0
DA:43,0
LF:2
LH:0
BRF:0
BRH:0
end_of_record
TN:
SF:src\components\paywall\PaywallHeader.tsx
FN:12,PaywallHeader
FNF:1
FNH:0
FNDA:0,PaywallHeader
DA:18,0
DA:48,0
LF:2
LH:0
BRDA:28,0,0,0
BRDA:28,0,1,0
BRDA:32,1,0,0
BRDA:32,1,1,0
BRDA:37,2,0,0
BRDA:37,2,1,0
BRDA:37,2,2,0
BRF:7
BRH:0
end_of_record
TN:
SF:src\components\paywall\PaywallMpesa.tsx
FN:14,PaywallMpesa
FN:48,(anonymous_1)
FNF:2
FNH:0
FNDA:0,PaywallMpesa
FNDA:0,(anonymous_1)
DA:22,0
DA:49,0
DA:100,0
LF:3
LH:0
BRDA:27,0,0,0
BRDA:27,0,1,0
BRDA:35,1,0,0
BRDA:35,1,1,0
BRDA:53,2,0,0
BRDA:53,2,1,0
BRDA:56,3,0,0
BRDA:56,3,1,0
BRDA:69,4,0,0
BRDA:69,4,1,0
BRDA:73,5,0,0
BRDA:73,5,1,0
BRDA:73,5,2,0
BRDA:76,6,0,0
BRDA:76,6,1,0
BRDA:78,7,0,0
BRDA:78,7,1,0
BRF:17
BRH:0
end_of_record
TN:
SF:src\components\paywall\PaywallPlans.tsx
FN:23,(anonymous_0)
FN:32,(anonymous_1)
FN:59,(anonymous_2)
FN:65,PaywallPlans
FN:75,(anonymous_4)
FN:106,(anonymous_5)
FN:112,(anonymous_6)
FN:126,(anonymous_7)
FN:135,(anonymous_8)
FNF:9
FNH:0
FNDA:0,(anonymous_0)
FNDA:0,(anonymous_1)
FNDA:0,(anonymous_2)
FNDA:0,PaywallPlans
FNDA:0,(anonymous_4)
FNDA:0,(anonymous_5)
FNDA:0,(anonymous_6)
FNDA:0,(anonymous_7)
FNDA:0,(anonymous_8)
DA:23,0
DA:24,0
DA:31,0
DA:49,0
DA:60,0
DA:74,0
DA:75,0
DA:105,0
DA:106,0
DA:111,0
DA:113,0
DA:118,0
DA:127,0
DA:135,0
DA:167,0
LF:15
LH:0
BRDA:25,0,0,0
BRDA:25,0,1,0
BRDA:25,0,2,0
BRDA:60,1,0,0
BRDA:60,1,1,0
BRDA:60,1,2,0
BRDA:106,2,0,0
BRDA:106,2,1,0
BRDA:141,3,0,0
BRDA:141,3,1,0
BRDA:146,4,0,0
BRDA:146,4,1,0
BRDA:150,5,0,0
BRDA:150,5,1,0
BRDA:156,6,0,0
BRDA:156,6,1,0
BRF:16
BRH:0
end_of_record
TN:
SF:src\components\paywall\PaywallStatus.tsx
FN:12,(anonymous_0)
FN:20,(anonymous_1)
FN:49,(anonymous_2)
FN:56,PaywallStatus
FNF:4
FNH:0
FNDA:0,(anonymous_0)
FNDA:0,(anonymous_1)
FNDA:0,(anonymous_2)
FNDA:0,PaywallStatus
DA:11,0
DA:19,0
DA:20,0
DA:24,0
DA:50,0
DA:60,0
DA:71,0
LF:7
LH:0
BRDA:26,0,0,0
BRDA:26,0,1,0
BRDA:40,1,0,0
BRDA:40,1,1,0
BRDA:50,2,0,0
BRDA:50,2,1,0
BRDA:50,2,2,0
BRDA:50,2,3,0
BRF:8
BRH:0
end_of_record
TN:
SF:src\components\permissions\PermissionStatusBanner.tsx
FN:27,(anonymous_0)
FN:38,(anonymous_1)
FN:51,(anonymous_2)
FN:55,(anonymous_3)
FN:61,(anonymous_4)
FN:112,(anonymous_5)
FN:124,(anonymous_6)
FN:136,(anonymous_7)
FNF:8
FNH:0
FNDA:0,(anonymous_0)
FNDA:0,(anonymous_1)
FNDA:0,(anonymous_2)
FNDA:0,(anonymous_3)
FNDA:0,(anonymous_4)
FNDA:0,(anonymous_5)
FNDA:0,(anonymous_6)
FNDA:0,(anonymous_7)
DA:27,0
DA:34,0
DA:35,0
DA:36,0
DA:38,0
DA:39,0
DA:40,0
DA:41,0
DA:44,0
DA:45,0
DA:47,0
DA:48,0
DA:51,0
DA:52,0
DA:55,0
DA:56,0
DA:57,0
DA:58,0
DA:61,0
DA:62,0
DA:65,0
DA:66,0
DA:69,0
DA:75,0
DA:76,0
DA:78,0
DA:112,0
DA:124,0
DA:136,0
DA:145,0
LF:30
LH:0
BRDA:30,0,0,0
BRDA:31,1,0,0
BRDA:39,2,0,0
BRDA:39,2,1,0
BRDA:55,3,0,0
BRDA:65,4,0,0
BRDA:65,4,1,0
BRDA:65,5,0,0
BRDA:65,5,1,0
BRDA:121,6,0,0
BRDA:121,6,1,0
BRF:11
BRH:0
end_of_record
TN:
SF:src\components\permissions\RationaleDialog.tsx
FN:24,RationaleDialog
FNF:1
FNH:0
FNDA:0,RationaleDialog
DA:30,0
DA:85,0
LF:2
LH:0
BRDA:49,0,0,0
BRDA:49,0,1,0
BRF:2
BRH:0
end_of_record
TN:
SF:src\components\shared\EmptyState.tsx
FN:13,(anonymous_0)
FN:19,(anonymous_1)
FN:34,(anonymous_2)
FNF:3
FNH:0
FNDA:0,(anonymous_0)
FNDA:0,(anonymous_1)
FNDA:0,(anonymous_2)
DA:13,0
DA:17,0
DA:19,0
DA:20,0
DA:22,0
DA:24,0
DA:26,0
DA:28,0
DA:30,0
DA:34,0
DA:35,0
DA:37,0
DA:39,0
DA:41,0
DA:43,0
DA:47,0
DA:57,0
LF:17
LH:0
BRDA:22,0,0,0
BRDA:22,0,1,0
BRDA:22,0,2,0
BRDA:22,0,3,0
BRDA:35,1,0,0
BRDA:35,1,1,0
BRDA:35,1,2,0
BRDA:35,1,3,0
BRDA:51,2,0,0
BRDA:51,2,1,0
BRF:10
BRH:0
end_of_record
TN:
SF:src\components\shared\KenyaFlag.tsx
FN:4,(anonymous_0)
FNF:1
FNH:0
FNDA:0,(anonymous_0)
DA:4,0
DA:5,0
LF:2
LH:0
BRDA:4,0,0,0
BRDA:4,1,0,0
BRF:2
BRH:0
end_of_record
TN:
SF:src\components\shared\LoadingSpinner.tsx
FN:10,(anonymous_0)
FNF:1
FNH:0
FNDA:0,(anonymous_0)
DA:10,0
DA:14,0
DA:16,0
DA:26,0
LF:4
LH:0
BRDA:11,0,0,0
BRDA:20,1,0,0
BRDA:20,1,1,0
BRF:3
BRH:0
end_of_record
TN:
SF:src\components\shared\SkeletonLoader.tsx
FN:28,(anonymous_0)
FN:38,(anonymous_1)
FN:60,(anonymous_2)
FN:93,(anonymous_3)
FN:110,(anonymous_4)
FN:139,(anonymous_5)
FN:160,(anonymous_6)
FN:165,(anonymous_7)
FN:181,(anonymous_8)
FN:191,(anonymous_9)
FN:226,(anonymous_10)
FN:236,(anonymous_11)
FN:265,(anonymous_12)
FNF:13
FNH:0
FNDA:0,(anonymous_0)
FNDA:0,(anonymous_1)
FNDA:0,(anonymous_2)
FNDA:0,(anonymous_3)
FNDA:0,(anonymous_4)
FNDA:0,(anonymous_5)
FNDA:0,(anonymous_6)
FNDA:0,(anonymous_7)
FNDA:0,(anonymous_8)
FNDA:0,(anonymous_9)
FNDA:0,(anonymous_10)
FNDA:0,(anonymous_11)
FNDA:0,(anonymous_12)
DA:28,0
DA:35,0
DA:36,0
DA:38,0
DA:39,0
DA:41,0
DA:58,0
DA:60,0
DA:63,0
DA:68,0
DA:93,0
DA:98,0
DA:110,0
DA:115,0
DA:117,0
DA:140,0
DA:160,0
DA:165,0
DA:166,0
DA:168,0
DA:170,0
DA:173,0
DA:177,0
DA:179,0
DA:182,0
DA:191,0
DA:192,0
DA:194,0
DA:226,0
DA:232,0
DA:234,0
DA:237,0
DA:265,0
DA:270,0
DA:272,0
LF:35
LH:0
BRDA:31,0,0,0
BRDA:33,1,0,0
BRDA:39,2,0,0
BRDA:39,2,1,0
BRDA:76,3,0,0
BRDA:76,3,1,0
BRDA:94,4,0,0
BRDA:95,5,0,0
BRDA:111,6,0,0
BRDA:112,7,0,0
BRDA:134,8,0,0
BRDA:134,8,1,0
BRDA:142,9,0,0
BRDA:142,9,1,0
BRDA:161,10,0,0
BRDA:162,11,0,0
BRDA:166,12,0,0
BRDA:166,12,1,0
BRDA:166,12,2,0
BRDA:166,12,3,0
BRDA:227,13,0,0
BRDA:228,14,0,0
BRDA:229,15,0,0
BRDA:270,16,0,0
BRDA:270,16,1,0
BRDA:274,17,0,0
BRDA:274,17,1,0
BRF:27
BRH:0
end_of_record
TN:
SF:src\components\shared\index.ts
FNF:0
FNH:0
LF:0
LH:0
BRF:0
BRH:0
end_of_record
TN:
SF:src\components\startup\StartupBoundary.tsx
FN:14,(anonymous_0)
FN:19,(anonymous_1)
FN:29,(anonymous_2)
FN:39,(anonymous_3)
FN:43,(anonymous_4)
FNF:5
FNH:0
FNDA:0,(anonymous_0)
FNDA:0,(anonymous_1)
FNDA:0,(anonymous_2)
FNDA:0,(anonymous_3)
FNDA:0,(anonymous_4)
DA:15,0
DA:16,0
DA:20,0
DA:21,0
DA:22,0
DA:30,0
DA:32,0
DA:33,0
DA:34,0
DA:36,0
DA:39,0
DA:40,0
DA:44,0
DA:45,0
DA:59,0
DA:63,0
LF:16
LH:0
BRDA:20,0,0,0
BRDA:20,0,1,0
BRDA:21,1,0,0
BRDA:21,1,1,0
BRDA:32,2,0,0
BRDA:32,2,1,0
BRDA:44,3,0,0
BRDA:44,3,1,0
BRDA:48,4,0,0
BRDA:48,4,1,0
BRDA:51,5,0,0
BRDA:51,5,1,0
BRDA:51,5,2,0
BRF:13
BRH:0
end_of_record
TN:
SF:src\components\startup\StartupErrorDisplay.tsx
FN:14,getSeverityStyle
FN:29,StartupErrorDisplay
FN:78,(anonymous_2)
FN:82,(anonymous_3)
FNF:4
FNH:0
FNDA:0,getSeverityStyle
FNDA:0,StartupErrorDisplay
FNDA:0,(anonymous_2)
FNDA:0,(anonymous_3)
DA:15,0
DA:17,0
DA:19,0
DA:21,0
DA:23,0
DA:25,0
DA:35,0
DA:36,0
DA:38,0
DA:79,0
DA:84,0
DA:85,0
DA:86,0
DA:98,0
LF:14
LH:0
BRDA:15,0,0,0
BRDA:15,0,1,0
BRDA:15,0,2,0
BRDA:15,0,3,0
BRDA:15,0,4,0
BRDA:42,1,0,0
BRDA:42,1,1,0
BRDA:54,2,0,0
BRDA:54,2,1,0
BRDA:64,3,0,0
BRDA:64,3,1,0
BRDA:64,3,2,0
BRDA:76,4,0,0
BRDA:76,4,1,0
BRDA:76,4,2,0
BRDA:84,5,0,0
BRDA:84,5,1,0
BRDA:86,6,0,0
BRDA:86,6,1,0
BRF:19
BRH:0
end_of_record
TN:
SF:src\components\startup\index.ts
FNF:0
FNH:0
LF:0
LH:0
BRF:0
BRH:0
end_of_record
TN:
SF:src\components\startup\useStartupLoader.ts
FN:23,logStartupEvent
FN:28,pruneOldLogs
FN:37,initErrorAnalytics
FN:61,useStartupLoader
FN:66,(anonymous_4)
FN:72,(anonymous_5)
FN:100,(anonymous_6)
FN:102,(anonymous_7)
FN:114,(anonymous_8)
FN:135,(anonymous_9)
FN:211,(anonymous_10)
FN:218,(anonymous_11)
FN:221,(anonymous_12)
FN:228,(anonymous_13)
FN:235,(anonymous_14)
FN:239,(anonymous_15)
FNF:16
FNH:0
FNDA:0,logStartupEvent
FNDA:0,pruneOldLogs
FNDA:0,initErrorAnalytics
FNDA:0,useStartupLoader
FNDA:0,(anonymous_4)
FNDA:0,(anonymous_5)
FNDA:0,(anonymous_6)
FNDA:0,(anonymous_7)
FNDA:0,(anonymous_8)
FNDA:0,(anonymous_9)
FNDA:0,(anonymous_10)
FNDA:0,(anonymous_11)
FNDA:0,(anonymous_12)
FNDA:0,(anonymous_13)
FNDA:0,(anonymous_14)
FNDA:0,(anonymous_15)
DA:20,0
DA:24,0
DA:29,0
DA:30,0
DA:32,0
DA:38,0
DA:40,0
DA:46,0
DA:48,0
DA:62,0
DA:63,0
DA:64,0
DA:65,0
DA:66,0
DA:69,0
DA:70,0
DA:72,0
DA:73,0
DA:74,0
DA:75,0
DA:77,0
DA:79,0
DA:80,0
DA:82,0
DA:83,0
DA:84,0
DA:88,0
DA:89,0
DA:90,0
DA:93,0
DA:94,0
DA:95,0
DA:99,0
DA:100,0
DA:104,0
DA:105,0
DA:109,0
DA:110,0
DA:114,0
DA:115,0
DA:119,0
DA:120,0
DA:121,0
DA:123,0
DA:124,0
DA:125,0
DA:129,0
DA:131,0
DA:135,0
DA:136,0
DA:137,0
DA:138,0
DA:139,0
DA:140,0
DA:144,0
DA:149,0
DA:150,0
DA:153,0
DA:154,0
DA:157,0
DA:159,0
DA:161,0
DA:166,0
DA:167,0
DA:168,0
DA:173,0
DA:180,0
DA:186,0
DA:187,0
DA:188,0
DA:189,0
DA:192,0
DA:195,0
DA:201,0
DA:204,0
DA:205,0
DA:207,0
DA:211,0
DA:212,0
DA:215,0
DA:219,0
DA:220,0
DA:222,0
DA:224,0
DA:225,0
DA:228,0
DA:229,0
DA:230,0
DA:235,0
DA:236,0
DA:237,0
DA:238,0
DA:239,0
DA:240,0
DA:241,0
DA:246,0
LF:96
LH:0
BRDA:24,0,0,0
BRDA:24,0,1,0
BRDA:43,1,0,0
BRDA:43,1,1,0
BRDA:82,2,0,0
BRDA:82,2,1,0
BRDA:94,3,0,0
BRDA:94,3,1,0
BRDA:129,4,0,0
BRDA:129,4,1,0
BRDA:131,5,0,0
BRDA:131,5,1,0
BRDA:138,6,0,0
BRDA:138,6,1,0
BRDA:159,7,0,0
BRDA:159,7,1,0
BRDA:167,8,0,0
BRDA:167,8,1,0
BRDA:201,9,0,0
BRDA:201,9,1,0
BRDA:236,10,0,0
BRDA:236,10,1,0
BRF:22
BRH:0
end_of_record
TN:
SF:src\components\subscription\PlanCard.tsx
FN:22,PlanCard
FN:25,(anonymous_1)
FN:32,(anonymous_2)
FN:50,(anonymous_3)
FN:81,(anonymous_4)
FNF:5
FNH:0
FNDA:0,PlanCard
FNDA:0,(anonymous_1)
FNDA:0,(anonymous_2)
FNDA:0,(anonymous_3)
FNDA:0,(anonymous_4)
DA:23,0
DA:25,0
DA:26,0
DA:32,0
DA:33,0
DA:39,0
DA:41,0
DA:50,0
DA:82,0
DA:106,0
LF:10
LH:0
BRDA:46,0,0,0
BRDA:46,0,1,0
BRDA:47,1,0,0
BRDA:47,1,1,0
BRDA:48,2,0,0
BRDA:48,2,1,0
BRDA:56,3,0,0
BRDA:56,3,1,0
BRDA:57,4,0,0
BRDA:57,4,1,0
BRDA:63,5,0,0
BRDA:63,5,1,0
BRDA:67,6,0,0
BRDA:67,6,1,0
BRDA:70,7,0,0
BRDA:70,7,1,0
BRDA:76,8,0,0
BRDA:76,8,1,0
BRDA:84,9,0,0
BRDA:84,9,1,0
BRDA:92,10,0,0
BRDA:92,10,1,0
BRDA:95,11,0,0
BRDA:95,11,1,0
BRF:24
BRH:0
end_of_record
TN:
SF:src\components\subscription\SubscriptionStatus.tsx
FN:22,SubscriptionStatus
FN:38,(anonymous_1)
FNF:2
FNH:0
FNDA:0,SubscriptionStatus
FNDA:0,(anonymous_1)
DA:33,0
DA:34,0
DA:38,0
DA:39,0
DA:40,0
DA:41,0
DA:42,0
DA:46,0
DA:48,0
DA:107,0
LF:10
LH:0
BRDA:27,0,0,0
BRDA:28,1,0,0
BRDA:29,2,0,0
BRDA:30,3,0,0
BRDA:31,4,0,0
BRDA:33,5,0,0
BRDA:33,5,1,0
BRDA:33,6,0,0
BRDA:33,6,1,0
BRDA:39,7,0,0
BRDA:39,7,1,0
BRDA:39,7,2,0
BRDA:51,8,0,0
BRDA:51,8,1,0
BRDA:54,9,0,0
BRDA:54,9,1,0
BRDA:55,10,0,0
BRDA:55,10,1,0
BRDA:67,11,0,0
BRDA:67,11,1,0
BRDA:70,12,0,0
BRDA:70,12,1,0
BRDA:76,13,0,0
BRDA:76,13,1,0
BRDA:76,13,2,0
BRDA:80,14,0,0
BRDA:80,14,1,0
BRDA:88,15,0,0
BRDA:88,15,1,0
BRDA:88,15,2,0
BRDA:96,16,0,0
BRDA:96,16,1,0
BRDA:96,16,2,0
BRF:33
BRH:0
end_of_record
TN:
SF:src\components\subscription\index.ts
FNF:0
FNH:0
LF:0
LH:0
BRF:0
BRH:0
end_of_record
TN:
SF:src\components\ui\Badge.tsx
FN:12,(anonymous_0)
FN:20,(anonymous_1)
FN:49,(anonymous_2)
FNF:3
FNH:0
FNDA:0,(anonymous_0)
FNDA:0,(anonymous_1)
FNDA:0,(anonymous_2)
DA:12,2
DA:18,0
DA:20,0
DA:21,0
DA:28,0
DA:34,0
DA:42,0
DA:49,0
DA:50,0
DA:54,0
DA:60,0
DA:68,0
DA:75,0
LF:13
LH:1
BRDA:14,0,0,0
BRDA:15,1,0,0
BRF:2
BRH:0
end_of_record
TN:
SF:src\components\ui\Button.tsx
FN:26,(anonymous_0)
FN:41,(anonymous_1)
FN:74,(anonymous_2)
FNF:3
FNH:0
FNDA:0,(anonymous_0)
FNDA:0,(anonymous_1)
FNDA:0,(anonymous_2)
DA:26,2
DA:39,0
DA:41,0
DA:42,0
DA:48,0
DA:54,0
DA:66,0
DA:74,0
DA:75,0
DA:79,0
DA:85,0
DA:93,0
DA:101,0
DA:110,0
DA:111,0
DA:113,0
DA:115,0
DA:118,0
DA:128,0
DA:143,0
DA:160,0
LF:21
LH:1
BRDA:29,0,0,0
BRDA:30,1,0,0
BRDA:31,2,0,0
BRDA:32,3,0,0
BRDA:70,4,0,0
BRDA:70,4,1,0
BRDA:102,5,0,0
BRDA:102,5,1,0
BRDA:110,6,0,0
BRDA:110,6,1,0
BRDA:111,7,0,0
BRDA:111,7,1,0
BRDA:131,8,0,0
BRDA:131,8,1,0
BRDA:133,9,0,0
BRDA:133,9,1,0
BRDA:136,10,0,0
BRDA:136,10,1,0
BRDA:147,11,0,0
BRDA:147,11,1,0
BRDA:149,12,0,0
BRDA:149,12,1,0
BRDA:152,13,0,0
BRDA:152,13,1,0
BRDA:164,14,0,0
BRDA:164,14,1,0
BRDA:166,15,0,0
BRDA:166,15,1,0
BRDA:169,16,0,0
BRDA:169,16,1,0
BRF:30
BRH:0
end_of_record
TN:
SF:src\components\ui\Card.tsx
FN:16,(anonymous_0)
FN:28,(anonymous_1)
FNF:2
FNH:0
FNDA:0,(anonymous_0)
FNDA:0,(anonymous_1)
DA:16,2
DA:26,0
DA:28,0
DA:29,0
DA:35,0
DA:36,0
DA:46,0
DA:51,0
DA:53,0
DA:58,0
DA:64,0
DA:70,0
DA:75,0
DA:80,0
DA:81,0
DA:83,0
DA:85,0
DA:88,0
DA:98,0
DA:99,0
DA:110,0
DA:114,0
DA:119,0
DA:120,0
DA:131,0
DA:135,0
DA:136,0
DA:149,0
LF:28
LH:1
BRDA:19,0,0,0
BRDA:20,1,0,0
BRDA:24,2,0,0
BRDA:35,3,0,0
BRDA:35,3,1,0
BRDA:51,4,0,0
BRDA:51,4,1,0
BRDA:51,4,2,0
BRDA:51,4,3,0
BRDA:80,5,0,0
BRDA:80,5,1,0
BRDA:98,6,0,0
BRDA:98,6,1,0
BRDA:119,7,0,0
BRDA:119,7,1,0
BRDA:135,8,0,0
BRDA:135,8,1,0
BRDA:135,9,0,0
BRDA:135,9,1,0
BRDA:142,10,0,0
BRDA:142,10,1,0
BRF:21
BRH:0
end_of_record
TN:
SF:src\components\ui\Input.tsx
FN:9,(anonymous_0)
FNF:1
FNH:0
FNDA:0,(anonymous_0)
DA:9,2
DA:10,0
DA:12,0
DA:29,2
LF:4
LH:2
BRF:0
BRH:0
end_of_record
TN:
SF:src\components\ui\Toast.tsx
FN:22,(anonymous_0)
FN:37,(anonymous_1)
FN:51,(anonymous_2)
FN:54,(anonymous_3)
FN:83,(anonymous_4)
FN:87,(anonymous_5)
FN:95,(anonymous_6)
FN:104,(anonymous_7)
FN:117,(anonymous_8)
FN:137,(anonymous_9)
FN:156,(anonymous_10)
FNF:11
FNH:0
FNDA:0,(anonymous_0)
FNDA:0,(anonymous_1)
FNDA:0,(anonymous_2)
FNDA:0,(anonymous_3)
FNDA:0,(anonymous_4)
FNDA:0,(anonymous_5)
FNDA:0,(anonymous_6)
FNDA:0,(anonymous_7)
FNDA:0,(anonymous_8)
FNDA:0,(anonymous_9)
FNDA:0,(anonymous_10)
DA:7,2
DA:22,2
DA:31,0
DA:32,0
DA:33,0
DA:34,0
DA:35,0
DA:37,0
DA:38,0
DA:40,0
DA:51,0
DA:54,0
DA:56,0
DA:57,0
DA:60,0
DA:74,0
DA:75,0
DA:83,0
DA:84,0
DA:87,0
DA:90,0
DA:95,0
DA:96,0
DA:97,0
DA:98,0
DA:100,0
DA:104,0
DA:107,0
DA:117,0
DA:118,0
DA:123,0
DA:125,0
DA:127,0
DA:129,0
DA:131,0
DA:133,0
DA:137,0
DA:138,0
DA:142,0
DA:144,0
DA:146,0
DA:148,0
DA:150,0
DA:152,0
DA:156,0
DA:157,0
DA:158,0
DA:160,0
DA:166,0
DA:214,2
LF:50
LH:3
BRDA:25,0,0,0
BRDA:26,1,0,0
BRDA:27,2,0,0
BRDA:38,3,0,0
BRDA:38,3,1,0
BRDA:38,4,0,0
BRDA:38,4,1,0
BRDA:56,5,0,0
BRDA:56,5,1,0
BRDA:56,6,0,0
BRDA:56,6,1,0
BRDA:74,7,0,0
BRDA:74,7,1,0
BRDA:74,8,0,0
BRDA:74,8,1,0
BRDA:96,9,0,0
BRDA:96,9,1,0
BRDA:98,10,0,0
BRDA:98,10,1,0
BRDA:101,11,0,0
BRDA:101,11,1,0
BRDA:123,12,0,0
BRDA:123,12,1,0
BRDA:123,12,2,0
BRDA:123,12,3,0
BRDA:123,12,4,0
BRDA:138,13,0,0
BRDA:138,13,1,0
BRDA:139,14,0,0
BRDA:139,14,1,0
BRDA:140,15,0,0
BRDA:140,15,1,0
BRDA:142,16,0,0
BRDA:142,16,1,0
BRDA:142,16,2,0
BRDA:142,16,3,0
BRDA:142,16,4,0
BRDA:157,17,0,0
BRDA:157,17,1,0
BRDA:157,18,0,0
BRDA:157,18,1,0
BRDA:161,19,0,0
BRDA:161,19,1,0
BRDA:162,20,0,0
BRDA:162,20,1,0
BRDA:189,21,0,0
BRDA:189,21,1,0
BRDA:189,21,2,0
BRDA:195,22,0,0
BRDA:195,22,1,0
BRDA:196,23,0,0
BRDA:196,23,1,0
BRDA:197,24,0,0
BRDA:197,24,1,0
BRF:54
BRH:0
end_of_record
TN:
SF:src\components\ui\ToastProvider.tsx
FN:28,(anonymous_0)
FN:36,(anonymous_1)
FN:39,(anonymous_2)
FN:43,(anonymous_3)
FN:46,(anonymous_4)
FN:47,(anonymous_5)
FN:47,(anonymous_6)
FN:50,(anonymous_7)
FN:54,(anonymous_8)
FN:58,(anonymous_9)
FN:62,(anonymous_10)
FN:66,(anonymous_11)
FN:83,(anonymous_12)
FN:91,(anonymous_13)
FNF:14
FNH:2
FNDA:16,(anonymous_0)
FNDA:8,(anonymous_1)
FNDA:0,(anonymous_2)
FNDA:0,(anonymous_3)
FNDA:0,(anonymous_4)
FNDA:0,(anonymous_5)
FNDA:0,(anonymous_6)
FNDA:0,(anonymous_7)
FNDA:0,(anonymous_8)
FNDA:0,(anonymous_9)
FNDA:0,(anonymous_10)
FNDA:0,(anonymous_11)
FNDA:0,(anonymous_12)
FNDA:0,(anonymous_13)
DA:26,2
DA:28,2
DA:29,16
DA:30,16
DA:31,0
DA:33,16
DA:36,2
DA:37,8
DA:39,8
DA:40,0
DA:41,0
DA:43,0
DA:46,8
DA:47,0
DA:50,8
DA:51,0
DA:54,8
DA:55,0
DA:58,8
DA:59,0
DA:62,8
DA:63,0
DA:66,8
DA:67,0
DA:70,8
DA:79,8
DA:84,0
DA:91,0
LF:28
LH:16
BRDA:30,0,0,0
BRDA:30,0,1,16
BRDA:39,1,0,0
BRDA:39,2,0,0
BRF:4
BRH:1
end_of_record
TN:
SF:src\components\ui\index.ts
FNF:0
FNH:0
LF:0
LH:0
BRF:0
BRH:0
end_of_record
TN:
SF:src\config\smsConfig.ts
FN:50,getSmsConfig
FN:58,updateSmsConfig
FN:69,resetSmsConfig
FNF:3
FNH:1
FNDA:2,getSmsConfig
FNDA:0,updateSmsConfig
FNDA:0,resetSmsConfig
DA:30,3
DA:45,3
DA:51,2
DA:59,0
DA:63,0
DA:70,0
LF:6
LH:3
BRF:0
BRH:0
end_of_record
TN:
SF:src\constants\config.ts
FNF:0
FNH:0
DA:6,16
LF:1
LH:1
BRDA:44,0,0,16
BRDA:44,0,1,0
BRDA:44,1,0,0
BRDA:44,1,1,0
BRDA:44,1,2,0
BRF:5
BRH:1
end_of_record
TN:
SF:src\constants\mpesa.ts
FN:93,(anonymous_0)
FN:109,getPlanByAmount
FN:111,(anonymous_2)
FN:114,getPlanLink
FN:115,(anonymous_4)
FNF:5
FNH:0
FNDA:0,(anonymous_0)
FNDA:0,getPlanByAmount
FNDA:0,(anonymous_2)
FNDA:0,getPlanLink
FNDA:0,(anonymous_4)
DA:11,0
DA:27,0
DA:34,0
DA:47,0
DA:93,0
DA:102,0
DA:110,0
DA:111,0
DA:115,0
DA:116,0
LF:10
LH:0
BRDA:13,0,0,0
BRDA:13,0,1,0
BRDA:14,1,0,0
BRDA:14,1,1,0
BRF:4
BRH:0
end_of_record
TN:
SF:src\constants\storage.ts
FNF:0
FNH:0
DA:6,0
LF:1
LH:0
BRF:0
BRH:0
end_of_record
TN:
SF:src\db\THREAD_ID_DOCUMENTATION.ts
FNF:0
FNH:0
LF:0
LH:0
BRF:0
BRH:0
end_of_record
TN:
SF:src\db\index.ts
FNF:0
FNH:0
LF:0
LH:0
BRF:0
BRH:0
end_of_record
TN:
SF:src\db\migrations.ts
FN:115,getCurrentVersion
FN:141,applyMigrations
FN:143,(anonymous_2)
FN:159,(anonymous_3)
FN:164,(anonymous_4)
FN:168,(anonymous_5)
FN:177,(anonymous_6)
FN:178,(anonymous_7)
FN:211,getMigrationHistory
FN:235,rollbackLastMigration
FN:243,(anonymous_10)
FN:257,(anonymous_11)
FN:276,needsMigrations
FN:278,(anonymous_13)
FNF:14
FNH:7
FNDA:4,getCurrentVersion
FNDA:4,applyMigrations
FNDA:24,(anonymous_2)
FNDA:24,(anonymous_3)
FNDA:24,(anonymous_4)
FNDA:60,(anonymous_5)
FNDA:24,(anonymous_6)
FNDA:0,(anonymous_7)
FNDA:0,getMigrationHistory
FNDA:0,rollbackLastMigration
FNDA:0,(anonymous_10)
FNDA:0,(anonymous_11)
FNDA:0,needsMigrations
FNDA:0,(anonymous_13)
DA:16,13
DA:116,4
DA:118,4
DA:126,4
DA:130,4
DA:132,0
DA:133,0
DA:142,4
DA:143,24
DA:145,4
DA:146,0
DA:147,0
DA:150,4
DA:153,4
DA:158,4
DA:159,8
DA:160,24
DA:162,24
DA:163,24
DA:164,24
DA:165,24
DA:166,0
DA:167,24
DA:168,60
DA:169,24
DA:171,24
DA:177,24
DA:178,24
DA:179,0
DA:183,24
DA:184,24
DA:185,24
DA:187,0
DA:188,0
DA:189,0
DA:190,0
DA:191,0
DA:196,0
DA:198,0
DA:200,0
DA:205,4
DA:212,0
DA:213,0
DA:221,0
DA:225,0
DA:227,0
DA:228,0
DA:236,0
DA:238,0
DA:239,0
DA:240,0
DA:243,0
DA:245,0
DA:246,0
DA:249,0
DA:250,0
DA:253,0
DA:255,0
DA:257,0
DA:258,0
DA:261,0
DA:266,0
DA:268,0
DA:269,0
DA:277,0
DA:278,0
DA:279,0
LF:67
LH:27
BRDA:130,0,0,4
BRDA:130,0,1,4
BRDA:145,1,0,0
BRDA:145,1,1,4
BRDA:165,2,0,0
BRDA:165,2,1,24
BRDA:167,3,0,24
BRDA:167,3,1,0
BRDA:188,4,0,0
BRDA:188,4,1,0
BRDA:238,5,0,0
BRDA:238,5,1,0
BRDA:245,6,0,0
BRDA:245,6,1,0
BRDA:249,7,0,0
BRDA:249,7,1,0
BRDA:249,8,0,0
BRDA:249,8,1,0
BRF:18
BRH:5
end_of_record
TN:
SF:src\db\campaigns\repository.ts
FN:18,createCampaign
FN:49,updateCampaignStatus
FN:59,incrementCampaignStats
FN:75,getCampaigns
FN:81,(anonymous_4)
FN:96,getCampaignStats
FN:128,(anonymous_6)
FN:130,(anonymous_7)
FN:130,(anonymous_8)
FNF:9
FNH:0
FNDA:0,createCampaign
FNDA:0,updateCampaignStatus
FNDA:0,incrementCampaignStats
FNDA:0,getCampaigns
FNDA:0,(anonymous_4)
FNDA:0,getCampaignStats
FNDA:0,(anonymous_6)
FNDA:0,(anonymous_7)
FNDA:0,(anonymous_8)
DA:24,0
DA:25,0
DA:27,0
DA:34,0
DA:53,0
DA:65,0
DA:69,0
DA:76,0
DA:81,0
DA:98,0
DA:99,0
DA:100,0
DA:104,0
DA:105,0
DA:106,0
DA:107,0
DA:117,0
DA:125,0
DA:128,0
DA:129,0
DA:130,0
DA:131,0
DA:132,0
DA:133,0
DA:138,0
LF:25
LH:0
BRDA:25,0,0,0
BRDA:25,0,1,0
BRDA:31,1,0,0
BRDA:31,1,1,0
BRDA:62,2,0,0
BRDA:65,3,0,0
BRDA:65,3,1,0
BRDA:66,4,0,0
BRDA:66,4,1,0
BRDA:75,5,0,0
BRDA:75,6,0,0
BRDA:92,7,0,0
BRDA:92,7,1,0
BRDA:99,8,0,0
BRDA:99,8,1,0
BRDA:105,9,0,0
BRDA:105,9,1,0
BRDA:131,10,0,0
BRDA:131,10,1,0
BRDA:132,11,0,0
BRDA:132,11,1,0
BRDA:133,12,0,0
BRDA:133,12,1,0
BRF:23
BRH:0
end_of_record
TN:
SF:src\db\campaigns\schema.ts
FNF:0
FNH:0
DA:1,0
LF:1
LH:0
BRF:0
BRH:0
end_of_record
TN:
SF:src\db\database\core.ts
FN:23,saveToFallbackStorage
FN:31,loadFromFallbackStorage
FN:41,initDatabase
FN:53,(anonymous_3)
FN:68,(anonymous_4)
FN:69,(anonymous_5)
FN:230,(anonymous_6)
FN:231,(anonymous_7)
FN:258,setLowPowerMode
FN:263,batteryEfficientQuery
FN:269,(anonymous_10)
FN:275,_executeQuery
FN:303,recoverFromError
FN:323,runQuery
FN:334,runSingle
FN:351,queueQuery
FN:372,bulkInsert
FN:393,executeTransaction
FN:410,getDatabase
FN:417,validateDatabaseSize
FNF:20
FNH:9
FNDA:0,saveToFallbackStorage
FNDA:0,loadFromFallbackStorage
FNDA:4,initDatabase
FNDA:4,(anonymous_3)
FNDA:4,(anonymous_4)
FNDA:0,(anonymous_5)
FNDA:4,(anonymous_6)
FNDA:0,(anonymous_7)
FNDA:0,setLowPowerMode
FNDA:345,batteryEfficientQuery
FNDA:0,(anonymous_10)
FNDA:345,_executeQuery
FNDA:0,recoverFromError
FNDA:345,runQuery
FNDA:0,runSingle
FNDA:0,queueQuery
FNDA:0,bulkInsert
FNDA:24,executeTransaction
FNDA:0,getDatabase
FNDA:4,validateDatabaseSize
DA:11,13
DA:12,13
DA:13,13
DA:15,13
DA:16,13
DA:21,13
DA:24,0
DA:25,0
DA:27,0
DA:32,0
DA:33,0
DA:34,0
DA:36,0
DA:37,0
DA:43,4
DA:46,4
DA:47,0
DA:48,0
DA:53,4
DA:54,4
DA:55,4
DA:58,4
DA:59,4
DA:61,0
DA:65,4
DA:67,4
DA:68,4
DA:69,4
DA:73,4
DA:74,4
DA:76,0
DA:77,0
DA:78,0
DA:80,0
DA:81,0
DA:82,0
DA:84,0
DA:88,4
DA:89,4
DA:90,0
DA:94,4
DA:97,4
DA:98,4
DA:99,4
DA:100,4
DA:103,4
DA:122,4
DA:135,4
DA:150,4
DA:164,4
DA:174,4
DA:184,4
DA:185,4
DA:188,4
DA:189,4
DA:190,4
DA:191,4
DA:192,4
DA:194,4
DA:195,4
DA:197,4
DA:198,4
DA:200,4
DA:201,4
DA:203,4
DA:205,4
DA:209,4
DA:219,4
DA:220,4
DA:223,4
DA:228,4
DA:229,4
DA:230,4
DA:231,0
DA:237,4
DA:238,4
DA:241,0
DA:243,0
DA:244,0
DA:245,0
DA:246,0
DA:250,4
DA:256,13
DA:259,0
DA:260,0
DA:264,345
DA:269,0
DA:272,345
DA:277,345
DA:278,9
DA:279,5
DA:280,5
DA:282,4
DA:283,4
DA:288,345
DA:289,0
DA:293,345
DA:294,345
DA:300,13
DA:301,13
DA:304,0
DA:306,0
DA:307,0
DA:310,0
DA:311,0
DA:312,0
DA:313,0
DA:314,0
DA:318,0
DA:319,0
DA:324,345
DA:325,345
DA:326,345
DA:327,345
DA:329,0
DA:330,0
DA:335,0
DA:336,0
DA:337,0
DA:356,0
DA:377,0
DA:396,24
DA:402,13
DA:403,13
DA:404,13
DA:405,13
DA:411,0
DA:412,0
DA:414,0
DA:418,4
DA:420,4
DA:421,4
DA:423,4
DA:424,4
DA:425,4
DA:426,4
DA:428,4
DA:429,0
DA:430,0
DA:433,4
DA:435,0
DA:436,0
LF:142
LH:89
BRDA:34,0,0,0
BRDA:34,0,1,0
BRDA:43,1,0,0
BRDA:43,1,1,4
BRDA:43,2,0,4
BRDA:43,2,1,0
BRDA:46,3,0,0
BRDA:46,3,1,4
BRDA:59,4,0,0
BRDA:59,4,1,4
BRDA:76,5,0,0
BRDA:76,5,1,0
BRDA:80,6,0,0
BRDA:80,6,1,0
BRDA:80,7,0,0
BRDA:80,7,1,0
BRDA:80,7,2,0
BRDA:89,8,0,0
BRDA:89,8,1,4
BRDA:260,9,0,0
BRDA:260,9,1,0
BRDA:263,10,0,0
BRDA:264,11,0,0
BRDA:264,11,1,345
BRDA:275,12,0,0
BRDA:277,13,0,9
BRDA:277,13,1,336
BRDA:277,14,0,345
BRDA:277,14,1,336
BRDA:278,15,0,5
BRDA:278,15,1,4
BRDA:288,16,0,0
BRDA:288,16,1,345
BRDA:306,17,0,0
BRDA:306,17,1,0
BRDA:311,18,0,0
BRDA:311,18,1,0
BRDA:311,19,0,0
BRDA:311,19,1,0
BRDA:323,20,0,55
BRDA:334,21,0,0
BRDA:337,22,0,0
BRDA:337,22,1,0
BRDA:353,23,0,0
BRDA:354,24,0,0
BRDA:411,25,0,0
BRDA:411,25,1,0
BRDA:411,26,0,0
BRDA:411,26,1,0
BRDA:423,27,0,4
BRDA:423,27,1,4
BRDA:424,28,0,4
BRDA:424,28,1,4
BRDA:428,29,0,0
BRDA:428,29,1,4
BRF:55
BRH:19
end_of_record
TN:
SF:src\db\database\dbQueue.ts
FN:91,ensureDb
FN:110,queueOperation
FN:117,(anonymous_2)
FN:136,(anonymous_3)
FN:152,bulkInsert
FN:161,(anonymous_5)
FN:180,executeTransaction
FN:187,(anonymous_7)
FN:207,processQueue
FN:272,processOperation
FN:287,processTransaction
FN:320,processBulkInsert
FN:327,(anonymous_12)
FN:350,(anonymous_13)
FN:384,getQueueStats
FN:396,clearQueue
FN:400,(anonymous_16)
FN:401,(anonymous_17)
FN:402,(anonymous_18)
FN:414,flushQueue
FN:416,(anonymous_20)
FN:424,bulkInsertMessages
FN:436,(anonymous_22)
FN:452,bulkInsertSendLogs
FN:464,(anonymous_24)
FNF:25
FNH:5
FNDA:8,ensureDb
FNDA:0,queueOperation
FNDA:0,(anonymous_2)
FNDA:0,(anonymous_3)
FNDA:0,bulkInsert
FNDA:0,(anonymous_5)
FNDA:24,executeTransaction
FNDA:24,(anonymous_7)
FNDA:24,processQueue
FNDA:0,processOperation
FNDA:24,processTransaction
FNDA:0,processBulkInsert
FNDA:0,(anonymous_12)
FNDA:0,(anonymous_13)
FNDA:0,getQueueStats
FNDA:0,clearQueue
FNDA:0,(anonymous_16)
FNDA:0,(anonymous_17)
FNDA:0,(anonymous_18)
FNDA:0,flushQueue
FNDA:0,(anonymous_20)
FNDA:0,bulkInsertMessages
FNDA:0,(anonymous_22)
FNDA:0,bulkInsertSendLogs
FNDA:0,(anonymous_24)
DA:73,13
DA:74,13
DA:75,13
DA:76,13
DA:78,13
DA:79,13
DA:80,13
DA:83,13
DA:84,13
DA:85,13
DA:92,8
DA:94,4
DA:95,4
DA:96,4
DA:97,4
DA:98,4
DA:100,4
DA:115,0
DA:117,0
DA:118,0
DA:130,0
DA:131,0
DA:132,0
DA:133,0
DA:136,0
DA:137,0
DA:138,0
DA:140,0
DA:145,0
DA:157,0
DA:158,0
DA:161,0
DA:162,0
DA:172,0
DA:173,0
DA:183,24
DA:184,0
DA:187,24
DA:188,24
DA:196,24
DA:197,24
DA:205,13
DA:209,24
DA:212,8
DA:213,0
DA:216,8
DA:218,8
DA:219,8
DA:224,8
DA:225,24
DA:226,24
DA:230,8
DA:231,0
DA:232,0
DA:237,8
DA:238,8
DA:240,8
DA:241,0
DA:242,0
DA:243,0
DA:245,0
DA:246,0
DA:251,8
DA:252,0
DA:256,8
DA:257,0
DA:261,0
DA:263,8
DA:266,8
DA:267,0
DA:273,0
DA:275,0
DA:276,0
DA:277,0
DA:279,0
DA:280,0
DA:282,0
DA:283,0
DA:288,24
DA:289,24
DA:291,24
DA:292,24
DA:294,24
DA:295,60
DA:296,60
DA:299,24
DA:300,24
DA:302,24
DA:303,24
DA:305,24
DA:308,0
DA:310,0
DA:311,0
DA:313,0
DA:316,0
DA:321,0
DA:322,0
DA:323,0
DA:325,0
DA:326,0
DA:327,0
DA:328,0
DA:331,0
DA:333,0
DA:334,0
DA:336,0
DA:337,0
DA:338,0
DA:339,0
DA:340,0
DA:343,0
DA:344,0
DA:349,0
DA:350,0
DA:354,0
DA:356,0
DA:357,0
DA:359,0
DA:360,0
DA:362,0
DA:365,0
DA:367,0
DA:368,0
DA:370,0
DA:373,0
DA:385,0
DA:397,0
DA:400,0
DA:401,0
DA:402,0
DA:404,0
DA:405,0
DA:406,0
DA:408,0
DA:415,0
DA:416,0
DA:435,0
DA:436,0
DA:446,0
DA:463,0
DA:464,0
DA:474,0
LF:142
LH:51
BRDA:92,0,0,4
BRDA:92,0,1,4
BRDA:112,1,0,0
BRDA:113,2,0,0
BRDA:115,3,0,0
BRDA:115,4,0,0
BRDA:130,5,0,0
BRDA:130,5,1,0
BRDA:132,6,0,0
BRDA:132,6,1,0
BRDA:137,7,0,0
BRDA:137,7,1,0
BRDA:157,8,0,0
BRDA:157,8,1,0
BRDA:157,9,0,0
BRDA:157,9,1,0
BRDA:183,10,0,0
BRDA:183,10,1,24
BRDA:183,11,0,24
BRDA:183,11,1,24
BRDA:209,12,0,16
BRDA:209,12,1,8
BRDA:212,13,0,0
BRDA:212,13,1,8
BRDA:212,14,0,8
BRDA:212,14,1,8
BRDA:212,14,2,8
BRDA:240,15,0,8
BRDA:240,15,1,0
BRDA:240,15,2,0
BRDA:242,16,0,0
BRDA:242,16,1,0
BRDA:251,17,0,0
BRDA:251,17,1,8
BRDA:256,18,0,0
BRDA:256,18,1,8
BRDA:266,19,0,0
BRDA:266,19,1,8
BRDA:266,20,0,8
BRDA:266,20,1,8
BRDA:266,20,2,8
BRDA:339,21,0,0
BRDA:339,21,1,0
BRDA:349,22,0,0
BRDA:349,22,1,0
BRDA:389,23,0,0
BRDA:389,23,1,0
BRDA:415,24,0,0
BRDA:415,24,1,0
BRDA:415,24,2,0
BRDA:415,24,3,0
BRDA:442,25,0,0
BRDA:442,25,1,0
BRDA:443,26,0,0
BRDA:443,26,1,0
BRDA:466,27,0,0
BRDA:466,27,1,0
BRDA:467,28,0,0
BRDA:467,28,1,0
BRDA:470,29,0,0
BRDA:470,29,1,0
BRDA:471,30,0,0
BRDA:471,30,1,0
BRF:63
BRH:18
end_of_record
TN:
SF:src\db\database\index.ts
FNF:0
FNH:0
LF:0
LH:0
BRF:0
BRH:0
end_of_record
TN:
SF:src\db\database\types.ts
FNF:0
FNH:0
LF:0
LH:0
BRF:0
BRH:0
end_of_record
TN:
SF:src\db\examples\threadIdExamples.ts
FN:33,example1_LoadContactConversation
FN:50,example2_GetMessagesFromPhone
FN:66,example3_HandleMixedIdTypes
FN:87,example4_MarkThreadRead
FN:95,(anonymous_4)
FN:102,example5_ArchiveConversation
FN:110,(anonymous_6)
FN:117,example6_CleanFormattedPhone
FN:130,example7_FallbackLookup
FN:148,example8_ValidateInput
FN:165,example9_SafeLookup
FN:182,example10_TypeSpecificLookups
FN:203,example11_BatchOperations
FN:221,example12_ClassifyThreadIds
FN:224,(anonymous_14)
FN:239,example13_ChatScreenIntegration
FN:257,example14_SendMessage
FN:277,example15_ErrorHandling
FN:306,getUserInput
FN:311,getUserProvidedThreadId
FNF:20
FNH:0
FNDA:0,example1_LoadContactConversation
FNDA:0,example2_GetMessagesFromPhone
FNDA:0,example3_HandleMixedIdTypes
FNDA:0,example4_MarkThreadRead
FNDA:0,(anonymous_4)
FNDA:0,example5_ArchiveConversation
FNDA:0,(anonymous_6)
FNDA:0,example6_CleanFormattedPhone
FNDA:0,example7_FallbackLookup
FNDA:0,example8_ValidateInput
FNDA:0,example9_SafeLookup
FNDA:0,example10_TypeSpecificLookups
FNDA:0,example11_BatchOperations
FNDA:0,example12_ClassifyThreadIds
FNDA:0,(anonymous_14)
FNDA:0,example13_ChatScreenIntegration
FNDA:0,example14_SendMessage
FNDA:0,example15_ErrorHandling
FNDA:0,getUserInput
FNDA:0,getUserProvidedThreadId
DA:34,0
DA:37,0
DA:38,0
DA:39,0
DA:40,0
DA:43,0
DA:44,0
DA:51,0
DA:54,0
DA:57,0
DA:59,0
DA:60,0
DA:68,0
DA:71,0
DA:74,0
DA:77,0
DA:78,0
DA:79,0
DA:81,0
DA:88,0
DA:91,0
DA:94,0
DA:95,0
DA:96,0
DA:103,0
DA:106,0
DA:109,0
DA:110,0
DA:111,0
DA:119,0
DA:120,0
DA:123,0
DA:124,0
DA:131,0
DA:136,0
DA:138,0
DA:139,0
DA:141,0
DA:149,0
DA:151,0
DA:153,0
DA:154,0
DA:155,0
DA:157,0
DA:166,0
DA:169,0
DA:171,0
DA:172,0
DA:173,0
DA:175,0
DA:184,0
DA:185,0
DA:188,0
DA:189,0
DA:192,0
DA:193,0
DA:196,0
DA:197,0
DA:204,0
DA:211,0
DA:212,0
DA:215,0
DA:222,0
DA:224,0
DA:225,0
DA:226,0
DA:228,0
DA:241,0
DA:244,0
DA:247,0
DA:248,0
DA:251,0
DA:258,0
DA:259,0
DA:262,0
DA:271,0
DA:278,0
DA:281,0
DA:282,0
DA:283,0
DA:284,0
DA:286,0
DA:290,0
DA:291,0
DA:292,0
DA:294,0
DA:298,0
DA:299,0
DA:300,0
DA:308,0
DA:313,0
LF:91
LH:0
BRDA:138,0,0,0
BRDA:138,0,1,0
BRDA:171,1,0,0
BRDA:171,1,1,0
BRDA:231,2,0,0
BRDA:231,2,1,0
BRDA:231,3,0,0
BRDA:231,3,1,0
BRDA:290,4,0,0
BRDA:290,4,1,0
BRF:10
BRH:0
end_of_record
TN:
SF:src\db\messaging\index.ts
FNF:0
FNH:0
LF:0
LH:0
BRF:0
BRH:0
end_of_record
TN:
SF:src\db\messaging\repository.ts
FN:28,initMessagingSchema
FN:51,getConversations
FN:112,getConversationsCount
FN:148,getConversationById
FN:160,getConversationByAddress
FN:193,getOrCreateConversation
FN:245,updateConversation
FN:292,deleteConversation
FN:301,archiveConversation
FN:305,pinConversation
FN:309,muteConversation
FN:313,saveDraft
FN:324,getMessages
FN:343,getMessageById
FN:357,insertMessage
FN:439,validateMessageBody
FN:474,updateMessageStatus
FN:486,markMessageAsRead
FN:495,markConversationAsRead
FN:510,getUnreadCount
FN:521,getTotalUnreadCount
FN:531,deleteMessage
FN:537,deleteMessagesInConversation
FN:547,syncMessageFromNative
FN:591,archiveMultiple
FN:594,(anonymous_25)
FN:601,deleteMultiple
FN:604,(anonymous_27)
FN:617,markMultipleAsRead
FN:620,(anonymous_29)
FN:637,searchMessages
FN:656,(anonymous_31)
FNF:32
FNH:9
FNDA:33,initMessagingSchema
FNDA:8,getConversations
FNDA:0,getConversationsCount
FNDA:0,getConversationById
FNDA:2,getConversationByAddress
FNDA:2,getOrCreateConversation
FNDA:1,updateConversation
FNDA:0,deleteConversation
FNDA:0,archiveConversation
FNDA:0,pinConversation
FNDA:0,muteConversation
FNDA:0,saveDraft
FNDA:0,getMessages
FNDA:0,getMessageById
FNDA:1,insertMessage
FNDA:0,validateMessageBody
FNDA:0,updateMessageStatus
FNDA:0,markMessageAsRead
FNDA:0,markConversationAsRead
FNDA:1,getUnreadCount
FNDA:8,getTotalUnreadCount
FNDA:0,deleteMessage
FNDA:0,deleteMessagesInConversation
FNDA:2,syncMessageFromNative
FNDA:0,archiveMultiple
FNDA:0,(anonymous_25)
FNDA:0,deleteMultiple
FNDA:0,(anonymous_27)
FNDA:0,markMultipleAsRead
FNDA:0,(anonymous_29)
FNDA:0,searchMessages
FNDA:0,(anonymous_31)
DA:23,8
DA:29,33
DA:31,2
DA:32,2
DA:33,2
DA:35,2
DA:36,9
DA:39,2
DA:40,2
DA:42,0
DA:43,0
DA:58,8
DA:60,8
DA:61,8
DA:64,8
DA:66,0
DA:67,0
DA:69,0
DA:70,0
DA:72,8
DA:76,8
DA:77,0
DA:78,0
DA:79,0
DA:83,8
DA:84,8
DA:86,0
DA:87,0
DA:89,0
DA:90,0
DA:92,0
DA:93,0
DA:95,8
DA:99,8
DA:100,8
DA:102,8
DA:104,8
DA:105,8
DA:116,0
DA:118,0
DA:119,0
DA:122,0
DA:124,0
DA:125,0
DA:127,0
DA:128,0
DA:130,0
DA:134,0
DA:135,0
DA:136,0
DA:137,0
DA:140,0
DA:145,0
DA:149,0
DA:151,0
DA:156,0
DA:157,0
DA:161,2
DA:163,2
DA:166,2
DA:170,2
DA:171,2
DA:177,2
DA:178,2
DA:182,0
DA:189,0
DA:190,0
DA:197,2
DA:200,2
DA:201,2
DA:203,2
DA:204,0
DA:205,0
DA:207,2
DA:211,0
DA:212,0
DA:213,0
DA:214,0
DA:215,0
DA:217,0
DA:225,0
DA:249,1
DA:251,1
DA:266,1
DA:267,1
DA:269,1
DA:270,4
DA:271,4
DA:272,3
DA:274,3
DA:278,1
DA:281,1
DA:282,1
DA:284,1
DA:286,1
DA:293,0
DA:295,0
DA:302,0
DA:306,0
DA:310,0
DA:314,0
DA:329,0
DA:331,0
DA:339,0
DA:340,0
DA:344,0
DA:346,0
DA:351,0
DA:352,0
DA:355,8
DA:367,1
DA:370,1
DA:371,1
DA:373,1
DA:374,0
DA:375,0
DA:376,0
DA:379,1
DA:380,1
DA:382,1
DA:405,1
DA:413,1
DA:445,0
DA:446,0
DA:447,0
DA:449,0
DA:450,0
DA:458,0
DA:459,0
DA:467,0
DA:478,0
DA:480,0
DA:487,0
DA:489,0
DA:496,0
DA:498,0
DA:511,1
DA:513,1
DA:518,1
DA:522,8
DA:524,8
DA:528,8
DA:532,0
DA:534,0
DA:538,0
DA:540,0
DA:554,2
DA:556,2
DA:559,2
DA:569,2
DA:570,1
DA:571,1
DA:572,1
DA:575,1
DA:584,1
DA:592,0
DA:594,0
DA:595,0
DA:602,0
DA:604,0
DA:605,0
DA:618,0
DA:620,0
DA:621,0
DA:641,0
DA:643,0
DA:645,0
DA:655,0
DA:656,0
LF:169
LH:74
BRDA:29,0,0,31
BRDA:29,0,1,2
BRDA:52,1,0,0
BRDA:53,2,0,0
BRDA:54,3,0,8
BRDA:55,4,0,8
BRDA:56,5,0,8
BRDA:64,6,0,0
BRDA:64,6,1,0
BRDA:64,6,2,8
BRDA:76,7,0,0
BRDA:76,7,1,8
BRDA:84,8,0,0
BRDA:84,8,1,0
BRDA:84,8,2,0
BRDA:84,8,3,8
BRDA:113,9,0,0
BRDA:114,10,0,0
BRDA:122,11,0,0
BRDA:122,11,1,0
BRDA:122,11,2,0
BRDA:134,12,0,0
BRDA:134,12,1,0
BRDA:145,13,0,0
BRDA:145,13,1,0
BRDA:157,14,0,0
BRDA:157,14,1,0
BRDA:170,15,0,2
BRDA:170,15,1,0
BRDA:178,16,0,2
BRDA:178,16,1,0
BRDA:190,17,0,0
BRDA:190,17,1,0
BRDA:201,18,0,2
BRDA:201,18,1,0
BRDA:203,19,0,0
BRDA:203,19,1,2
BRDA:203,20,0,2
BRDA:203,20,1,0
BRDA:215,21,0,0
BRDA:215,21,1,0
BRDA:271,22,0,3
BRDA:271,22,1,1
BRDA:274,23,0,0
BRDA:274,23,1,3
BRDA:274,24,0,0
BRDA:274,24,1,0
BRDA:278,25,0,0
BRDA:278,25,1,1
BRDA:282,26,0,1
BRDA:282,26,1,0
BRDA:301,27,0,0
BRDA:305,28,0,0
BRDA:309,29,0,0
BRDA:316,30,0,0
BRDA:316,30,1,0
BRDA:326,31,0,0
BRDA:327,32,0,0
BRDA:352,33,0,0
BRDA:352,33,1,0
BRDA:362,34,0,0
BRDA:373,35,0,0
BRDA:373,35,1,1
BRDA:373,36,0,1
BRDA:373,36,1,1
BRDA:379,37,0,1
BRDA:379,37,1,0
BRDA:395,38,0,0
BRDA:395,38,1,1
BRDA:396,39,0,0
BRDA:396,39,1,1
BRDA:397,40,0,0
BRDA:397,40,1,1
BRDA:399,41,0,1
BRDA:399,41,1,1
BRDA:400,42,0,1
BRDA:400,42,1,1
BRDA:408,43,0,1
BRDA:408,43,1,0
BRDA:422,44,0,0
BRDA:422,44,1,1
BRDA:424,45,0,0
BRDA:424,45,1,1
BRDA:449,46,0,0
BRDA:449,46,1,0
BRDA:458,47,0,0
BRDA:458,47,1,0
BRDA:518,48,0,1
BRDA:518,48,1,1
BRDA:528,49,0,8
BRDA:528,49,1,8
BRDA:569,50,0,1
BRDA:569,50,1,1
BRDA:580,51,0,1
BRDA:580,51,1,0
BRDA:639,52,0,0
BRF:96
BRH:39
end_of_record
TN:
SF:src\db\messaging\schema.ts
FNF:0
FNH:0
DA:5,7
DA:62,7
LF:2
LH:2
BRF:0
BRH:0
end_of_record
TN:
SF:src\db\messaging\types.ts
FN:133,rowToConversation
FN:154,rowToMessage
FN:180,getStatusValue
FN:192,statusFromValue
FN:204,generateThreadId
FN:209,generateMessageId
FN:213,normalizePhoneNumber
FN:242,generateAvatarColor
FN:254,(anonymous_8)
FN:261,formatTimestamp
FN:281,getSnippet
FNF:11
FNH:5
FNDA:2,rowToConversation
FNDA:1,rowToMessage
FNDA:0,getStatusValue
FNDA:0,statusFromValue
FNDA:0,generateThreadId
FNDA:1,generateMessageId
FNDA:2,normalizePhoneNumber
FNDA:0,generateAvatarColor
FNDA:0,(anonymous_8)
FNDA:0,formatTimestamp
FNDA:1,getSnippet
DA:134,2
DA:155,1
DA:181,0
DA:189,0
DA:193,0
DA:201,0
DA:205,0
DA:206,0
DA:210,1
DA:214,2
DA:215,2
DA:218,2
DA:219,2
DA:223,2
DA:224,0
DA:228,2
DA:229,0
DA:230,2
DA:231,0
DA:232,2
DA:234,2
DA:235,0
DA:239,2
DA:243,0
DA:254,0
DA:255,0
DA:258,0
DA:262,0
DA:263,0
DA:264,0
DA:265,0
DA:267,0
DA:269,0
DA:270,0
DA:271,0
DA:272,0
DA:274,0
DA:277,0
DA:282,1
DA:283,1
DA:285,0
DA:286,0
DA:288,0
LF:43
LH:15
BRDA:201,0,0,0
BRDA:201,0,1,0
BRDA:214,1,0,2
BRDA:214,1,1,0
BRDA:215,2,0,0
BRDA:215,2,1,2
BRDA:223,3,0,0
BRDA:223,3,1,2
BRDA:228,4,0,0
BRDA:228,4,1,2
BRDA:228,5,0,2
BRDA:228,5,1,0
BRDA:230,6,0,0
BRDA:230,6,1,2
BRDA:230,7,0,2
BRDA:230,7,1,0
BRDA:232,8,0,2
BRDA:232,8,1,0
BRDA:232,9,0,2
BRDA:232,9,1,2
BRDA:234,10,0,0
BRDA:234,10,1,2
BRDA:267,11,0,0
BRDA:267,11,1,0
BRDA:270,12,0,0
BRDA:270,12,1,0
BRDA:272,13,0,0
BRDA:272,13,1,0
BRDA:281,14,0,1
BRDA:282,15,0,1
BRDA:282,15,1,0
BRDA:282,16,0,1
BRDA:282,16,1,1
BRDA:283,17,0,0
BRDA:283,17,1,1
BRDA:285,18,0,0
BRDA:285,18,1,0
BRF:37
BRH:16
end_of_record
TN:
SF:src\db\opt-out\repository.ts
FN:10,addToBlacklist
FN:27,removeFromBlacklist
FN:32,isBlacklisted
FN:38,getBlacklist
FNF:4
FNH:1
FNDA:0,addToBlacklist
FNDA:0,removeFromBlacklist
FNDA:258,isBlacklisted
FNDA:0,getBlacklist
DA:11,0
DA:19,0
DA:21,0
DA:28,0
DA:29,0
DA:33,258
DA:34,258
DA:35,258
DA:39,0
DA:43,0
LF:10
LH:3
BRDA:10,0,0,0
BRDA:38,1,0,0
BRDA:38,2,0,0
BRF:3
BRH:0
end_of_record
TN:
SF:src\db\repositories\activation.ts
FN:11,getDB
FN:28,saveActivation
FN:43,loadActivation
FN:65,clearActivation
FNF:4
FNH:0
FNDA:0,getDB
FNDA:0,saveActivation
FNDA:0,loadActivation
FNDA:0,clearActivation
DA:9,0
DA:12,0
DA:13,0
DA:16,0
DA:22,0
DA:29,0
DA:30,0
DA:31,0
DA:36,0
DA:44,0
DA:45,0
DA:46,0
DA:48,0
DA:49,0
DA:50,0
DA:55,0
DA:57,0
DA:58,0
DA:66,0
DA:67,0
DA:68,0
DA:70,0
LF:22
LH:0
BRDA:12,0,0,0
BRDA:12,0,1,0
BRDA:48,1,0,0
BRDA:48,1,1,0
BRDA:48,2,0,0
BRDA:48,2,1,0
BRDA:48,2,2,0
BRDA:51,3,0,0
BRDA:51,3,1,0
BRDA:52,4,0,0
BRDA:52,4,1,0
BRF:11
BRH:0
end_of_record
TN:
SF:src\db\repositories\auditLog.ts
FN:15,addAuditLog
FN:32,getAuditLogs
FN:43,getAuditLogsByAction
FN:54,pruneAuditLogs
FNF:4
FNH:0
FNDA:0,addAuditLog
FNDA:0,getAuditLogs
FNDA:0,getAuditLogsByAction
FNDA:0,pruneAuditLogs
DA:16,0
DA:20,0
DA:33,0
DA:37,0
DA:44,0
DA:48,0
DA:55,0
DA:56,0
DA:60,0
LF:9
LH:0
BRDA:22,0,0,0
BRDA:22,0,1,0
BRDA:23,1,0,0
BRDA:23,1,1,0
BRDA:24,2,0,0
BRDA:24,2,1,0
BRDA:32,3,0,0
BRDA:32,4,0,0
BRDA:43,5,0,0
BRDA:54,6,0,0
BRDA:60,7,0,0
BRDA:60,7,1,0
BRF:12
BRH:0
end_of_record
TN:
SF:src\db\repositories\batchOperations.ts
FN:16,markThreadsRead
FN:22,(anonymous_1)
FN:25,(anonymous_2)
FN:42,archiveThreads
FN:48,(anonymous_4)
FN:51,(anonymous_5)
FN:68,deleteThreads
FN:74,(anonymous_7)
FN:77,(anonymous_8)
FN:93,unarchiveThreads
FN:99,(anonymous_10)
FN:102,(anonymous_11)
FN:118,getUnreadCountsForThreads
FN:126,(anonymous_13)
FN:129,(anonymous_14)
FN:142,(anonymous_15)
FN:157,getMessageCountsForThreads
FN:165,(anonymous_17)
FN:168,(anonymous_18)
FN:181,(anonymous_19)
FN:197,searchInThreads
FN:206,(anonymous_21)
FN:209,(anonymous_22)
FN:222,(anonymous_23)
FN:238,mergeThreads
FN:247,(anonymous_25)
FN:250,(anonymous_26)
FN:270,getAllThreadIds
FN:275,(anonymous_28)
FN:284,checkThreadIdsExist
FN:291,(anonymous_30)
FN:292,(anonymous_31)
FN:303,(anonymous_32)
FN:306,(anonymous_33)
FNF:34
FNH:0
FNDA:0,markThreadsRead
FNDA:0,(anonymous_1)
FNDA:0,(anonymous_2)
FNDA:0,archiveThreads
FNDA:0,(anonymous_4)
FNDA:0,(anonymous_5)
FNDA:0,deleteThreads
FNDA:0,(anonymous_7)
FNDA:0,(anonymous_8)
FNDA:0,unarchiveThreads
FNDA:0,(anonymous_10)
FNDA:0,(anonymous_11)
FNDA:0,getUnreadCountsForThreads
FNDA:0,(anonymous_13)
FNDA:0,(anonymous_14)
FNDA:0,(anonymous_15)
FNDA:0,getMessageCountsForThreads
FNDA:0,(anonymous_17)
FNDA:0,(anonymous_18)
FNDA:0,(anonymous_19)
FNDA:0,searchInThreads
FNDA:0,(anonymous_21)
FNDA:0,(anonymous_22)
FNDA:0,(anonymous_23)
FNDA:0,mergeThreads
FNDA:0,(anonymous_25)
FNDA:0,(anonymous_26)
FNDA:0,getAllThreadIds
FNDA:0,(anonymous_28)
FNDA:0,checkThreadIdsExist
FNDA:0,(anonymous_30)
FNDA:0,(anonymous_31)
FNDA:0,(anonymous_32)
FNDA:0,(anonymous_33)
DA:17,0
DA:18,0
DA:22,0
DA:25,0
DA:27,0
DA:32,0
DA:43,0
DA:44,0
DA:48,0
DA:51,0
DA:53,0
DA:58,0
DA:69,0
DA:70,0
DA:74,0
DA:77,0
DA:79,0
DA:84,0
DA:94,0
DA:95,0
DA:99,0
DA:102,0
DA:104,0
DA:109,0
DA:121,0
DA:122,0
DA:126,0
DA:129,0
DA:131,0
DA:141,0
DA:142,0
DA:143,0
DA:144,0
DA:148,0
DA:160,0
DA:161,0
DA:165,0
DA:168,0
DA:170,0
DA:180,0
DA:181,0
DA:182,0
DA:183,0
DA:187,0
DA:201,0
DA:202,0
DA:206,0
DA:209,0
DA:211,0
DA:222,0
DA:242,0
DA:243,0
DA:246,0
DA:247,0
DA:250,0
DA:252,0
DA:261,0
DA:271,0
DA:275,0
DA:287,0
DA:288,0
DA:291,0
DA:292,0
DA:294,0
DA:303,0
DA:305,0
DA:306,0
DA:307,0
DA:310,0
LF:69
LH:0
BRDA:17,0,0,0
BRDA:17,0,1,0
BRDA:17,1,0,0
BRDA:17,1,1,0
BRDA:32,2,0,0
BRDA:32,2,1,0
BRDA:43,3,0,0
BRDA:43,3,1,0
BRDA:43,4,0,0
BRDA:43,4,1,0
BRDA:58,5,0,0
BRDA:58,5,1,0
BRDA:69,6,0,0
BRDA:69,6,1,0
BRDA:69,7,0,0
BRDA:69,7,1,0
BRDA:84,8,0,0
BRDA:84,8,1,0
BRDA:94,9,0,0
BRDA:94,9,1,0
BRDA:94,10,0,0
BRDA:94,10,1,0
BRDA:109,11,0,0
BRDA:109,11,1,0
BRDA:121,12,0,0
BRDA:121,12,1,0
BRDA:121,13,0,0
BRDA:121,13,1,0
BRDA:143,14,0,0
BRDA:143,14,1,0
BRDA:160,15,0,0
BRDA:160,15,1,0
BRDA:160,16,0,0
BRDA:160,16,1,0
BRDA:182,17,0,0
BRDA:182,17,1,0
BRDA:201,18,0,0
BRDA:201,18,1,0
BRDA:201,19,0,0
BRDA:201,19,1,0
BRDA:201,19,2,0
BRDA:242,20,0,0
BRDA:242,20,1,0
BRDA:242,21,0,0
BRDA:242,21,1,0
BRDA:261,22,0,0
BRDA:261,22,1,0
BRDA:287,23,0,0
BRDA:287,23,1,0
BRDA:287,24,0,0
BRDA:287,24,1,0
BRF:51
BRH:0
end_of_record
TN:
SF:src\db\repositories\incomingSmsBuffer.ts
FN:15,addIncomingSms
FN:25,getIncomingSms
FN:36,searchIncomingSms
FN:48,clearIncomingSms
FN:55,pruneOldIncomingSms
FN:68,getIncomingSmsCount
FNF:6
FNH:0
FNDA:0,addIncomingSms
FNDA:0,getIncomingSms
FNDA:0,searchIncomingSms
FNDA:0,clearIncomingSms
FNDA:0,pruneOldIncomingSms
FNDA:0,getIncomingSmsCount
DA:16,0
DA:26,0
DA:30,0
DA:37,0
DA:38,0
DA:42,0
DA:49,0
DA:56,0
DA:62,0
DA:69,0
DA:70,0
LF:11
LH:0
BRDA:18,0,0,0
BRDA:18,0,1,0
BRDA:25,1,0,0
BRDA:62,2,0,0
BRDA:62,2,1,0
BRF:5
BRH:0
end_of_record
TN:
SF:src\db\repositories\index.ts
FNF:0
FNH:0
LF:0
LH:0
BRF:0
BRH:0
end_of_record
TN:
SF:src\db\repositories\messages.ts
FN:11,addMessage
FN:36,updateMessageStatus
FN:44,getAllMessages
FN:59,getMessagesCount
FN:67,getMessagesByAddress
FN:87,getMessagesByThread
FN:110,getUnreadCount
FN:120,getUnreadByThread
FN:129,(anonymous_8)
FN:141,markThreadRead
FN:150,archiveThread
FN:159,clearMessages
FN:165,getThreadSummaries
FN:196,getMessagesByThreadId
FN:214,getMessagesByAddressComplete
FNF:15
FNH:0
FNDA:0,addMessage
FNDA:0,updateMessageStatus
FNDA:0,getAllMessages
FNDA:0,getMessagesCount
FNDA:0,getMessagesByAddress
FNDA:0,getMessagesByThread
FNDA:0,getUnreadCount
FNDA:0,getUnreadByThread
FNDA:0,(anonymous_8)
FNDA:0,markThreadRead
FNDA:0,archiveThread
FNDA:0,clearMessages
FNDA:0,getThreadSummaries
FNDA:0,getMessagesByThreadId
FNDA:0,getMessagesByAddressComplete
DA:6,0
DA:22,0
DA:30,0
DA:37,0
DA:38,0
DA:47,0
DA:49,0
DA:53,0
DA:60,0
DA:61,0
DA:71,0
DA:73,0
DA:81,0
DA:92,0
DA:94,0
DA:104,0
DA:111,0
DA:114,0
DA:121,0
DA:128,0
DA:129,0
DA:130,0
DA:131,0
DA:135,0
DA:143,0
DA:144,0
DA:152,0
DA:153,0
DA:160,0
DA:171,0
DA:182,0
DA:200,0
DA:219,0
DA:229,0
LF:34
LH:0
BRDA:17,0,0,0
BRDA:18,1,0,0
BRDA:19,2,0,0
BRDA:20,3,0,0
BRDA:27,4,0,0
BRDA:27,4,1,0
BRDA:27,5,0,0
BRDA:27,5,1,0
BRDA:30,6,0,0
BRDA:30,6,1,0
BRDA:37,7,0,0
BRDA:37,7,1,0
BRDA:45,8,0,0
BRDA:47,9,0,0
BRDA:47,10,0,0
BRDA:61,11,0,0
BRDA:61,11,1,0
BRDA:69,12,0,0
BRDA:71,13,0,0
BRDA:71,14,0,0
BRDA:89,15,0,0
BRDA:114,16,0,0
BRDA:114,16,1,0
BRDA:130,17,0,0
BRDA:130,17,1,0
BRDA:165,18,0,0
BRDA:165,19,0,0
BRDA:198,20,0,0
BRDA:216,21,0,0
BRF:29
BRH:0
end_of_record
TN:
SF:src\db\repositories\mpesaTransactions.ts
FN:46,ensureTable
FN:92,upsertMpesaTransaction
FN:137,bulkInsertMpesaTransactions
FN:168,getMpesaTransactionByRef
FN:183,getMpesaTransactions
FN:236,getUniqueContacts
FN:259,getMpesaStats
FN:307,deleteOldTransactions
FN:322,transactionExists
FN:336,getAllTransactionsForExport
FN:343,(anonymous_10)
FNF:11
FNH:0
FNDA:0,ensureTable
FNDA:0,upsertMpesaTransaction
FNDA:0,bulkInsertMpesaTransactions
FNDA:0,getMpesaTransactionByRef
FNDA:0,getMpesaTransactions
FNDA:0,getUniqueContacts
FNDA:0,getMpesaStats
FNDA:0,deleteOldTransactions
FNDA:0,transactionExists
FNDA:0,getAllTransactionsForExport
FNDA:0,(anonymous_10)
DA:44,0
DA:47,0
DA:49,0
DA:50,0
DA:70,0
DA:71,0
DA:72,0
DA:73,0
DA:74,0
DA:76,0
DA:77,0
DA:79,0
DA:80,0
DA:93,0
DA:95,0
DA:97,0
DA:114,0
DA:129,0
DA:130,0
DA:140,0
DA:142,0
DA:143,0
DA:145,0
DA:146,0
DA:148,0
DA:149,0
DA:150,0
DA:151,0
DA:154,0
DA:155,0
DA:157,0
DA:158,0
DA:162,0
DA:169,0
DA:171,0
DA:176,0
DA:177,0
DA:191,0
DA:193,0
DA:194,0
DA:196,0
DA:197,0
DA:198,0
DA:201,0
DA:202,0
DA:203,0
DA:206,0
DA:207,0
DA:208,0
DA:211,0
DA:212,0
DA:213,0
DA:216,0
DA:218,0
[...]
FN:254,validateDatabasePerformance
FN:283,validateMigrationState
FN:324,validateDatabaseSize
FN:350,runQuickValidations
FN:404,runDetailedValidations
FN:452,runStartupValidations
FN:468,verifyNativeLibraries
FNF:15
FNH:13
FNDA:139160,(anonymous_0)
FNDA:196908,(anonymous_1)
FNDA:83506,(anonymous_2)
FNDA:7,validateTimestamp
FNDA:5,validateDatabaseSchema
FNDA:4,validateMessagesTable
FNDA:33,(anonymous_6)
FNDA:4,checkDataIntegrity
FNDA:1,validateDatabasePerformance
FNDA:1,validateMigrationState
FNDA:1,validateDatabaseSize
FNDA:0,runQuickValidations
FNDA:1,runDetailedValidations
FNDA:1,runStartupValidations
FNDA:0,verifyNativeLibraries
DA:12,1
DA:14,139160
DA:15,139160
DA:21,196908
DA:22,196908
DA:28,83506
DA:29,83506
DA:41,7
DA:42,1
DA:47,6
DA:48,1
DA:49,5
DA:50,5
DA:52,0
DA:53,0
DA:57,0
DA:61,6
DA:62,1
DA:63,1
DA:67,5
DA:68,1
DA:69,1
DA:73,4
DA:74,4
DA:75,1
DA:76,1
DA:81,3
DA:82,3
DA:84,1
DA:85,1
DA:88,2
DA:99,5
DA:108,5
DA:109,5
DA:111,5
DA:112,5
DA:113,30
DA:114,30
DA:119,24
DA:120,1
DA:121,1
DA:124,6
DA:125,6
DA:126,6
DA:130,5
DA:132,5
DA:133,3
DA:135,2
DA:141,5
DA:144,0
DA:145,0
DA:160,4
DA:173,4
DA:175,4
DA:176,4
DA:177,33
DA:179,4
DA:180,40
DA:181,7
DA:182,7
DA:186,4
DA:188,4
DA:189,3
DA:191,1
DA:194,4
DA:197,0
DA:198,0
DA:209,4
DA:211,4
DA:213,4
DA:214,4
DA:216,4
DA:217,1
DA:218,1
DA:223,4
DA:226,4
DA:227,4
DA:228,1
DA:229,1
DA:232,4
DA:234,4
DA:235,2
DA:237,2
DA:240,4
DA:243,0
DA:244,0
DA:259,1
DA:261,1
DA:262,1
DA:263,1
DA:265,1
DA:266,0
DA:269,1
DA:275,0
DA:276,0
DA:287,1
DA:289,1
DA:291,1
DA:292,1
DA:293,0
DA:297,1
DA:298,1
DA:299,0
DA:302,1
DA:304,1
DA:305,1
DA:307,0
DA:310,1
DA:313,0
DA:314,0
DA:325,1
DA:327,1
DA:328,0
DA:330,0
DA:331,0
DA:332,0
DA:333,0
DA:335,0
DA:336,0
DA:337,0
DA:340,0
DA:342,1
DA:343,1
DA:355,0
DA:356,0
DA:358,0
DA:360,0
DA:362,0
DA:363,0
DA:364,0
DA:365,0
DA:366,0
DA:367,0
DA:370,0
DA:371,0
DA:372,0
DA:376,0
DA:378,0
DA:379,0
DA:381,0
DA:384,0
DA:391,0
DA:392,0
DA:414,1
DA:416,1
DA:417,1
DA:418,1
DA:419,1
DA:420,1
DA:422,1
DA:424,1
DA:425,1
DA:427,0
DA:436,1
DA:462,1
DA:475,0
DA:476,0
LF:157
LH:108
BRDA:41,0,0,1
BRDA:41,0,1,6
BRDA:47,1,0,1
BRDA:47,1,1,5
BRDA:49,2,0,5
BRDA:49,2,1,0
BRDA:61,3,0,1
BRDA:61,3,1,5
BRDA:61,4,0,6
BRDA:61,4,1,5
BRDA:67,5,0,1
BRDA:67,5,1,4
BRDA:74,6,0,1
BRDA:74,6,1,3
BRDA:82,7,0,1
BRDA:82,7,1,2
BRDA:82,8,0,3
BRDA:82,8,1,1
BRDA:119,9,0,1
BRDA:119,9,1,23
BRDA:130,10,0,5
BRDA:130,10,1,4
BRDA:132,11,0,3
BRDA:132,11,1,2
BRDA:180,12,0,7
BRDA:180,12,1,33
BRDA:188,13,0,3
BRDA:188,13,1,1
BRDA:216,14,0,1
BRDA:216,14,1,3
BRDA:216,15,0,4
BRDA:216,15,1,4
BRDA:227,16,0,1
BRDA:227,16,1,3
BRDA:234,17,0,2
BRDA:234,17,1,2
BRDA:265,18,0,0
BRDA:265,18,1,1
BRDA:292,19,0,0
BRDA:292,19,1,1
BRDA:298,20,0,0
BRDA:298,20,1,1
BRDA:304,21,0,1
BRDA:304,21,1,0
BRDA:330,22,0,0
BRDA:330,22,1,0
BRDA:331,23,0,0
BRDA:331,23,1,0
BRDA:335,24,0,0
BRDA:335,24,1,0
BRDA:365,25,0,0
BRDA:365,25,1,0
BRDA:378,26,0,0
BRDA:378,26,1,0
BRDA:422,27,0,1
BRDA:422,27,1,1
BRDA:422,27,2,1
BRDA:422,27,3,1
BRDA:422,27,4,1
BRDA:424,28,0,1
BRDA:424,28,1,0
BRF:61
BRH:45
end_of_record
TN:
SF:src\utils\storage-fallback.ts
FN:10,(anonymous_0)
FN:22,(anonymous_1)
FN:32,(anonymous_2)
FN:42,(anonymous_3)
FNF:4
FNH:0
FNDA:0,(anonymous_0)
FNDA:0,(anonymous_1)
FNDA:0,(anonymous_2)
FNDA:0,(anonymous_3)
DA:7,0
DA:9,0
DA:11,0
DA:13,0
DA:14,0
DA:17,0
DA:18,0
DA:23,0
DA:24,0
DA:25,0
DA:27,0
DA:28,0
DA:33,0
DA:34,0
DA:35,0
DA:37,0
DA:38,0
DA:43,0
DA:44,0
DA:45,0
DA:47,0
DA:48,0
LF:22
LH:0
BRDA:18,0,0,0
BRDA:18,0,1,0
BRF:2
BRH:0
end_of_record
TN:
SF:src\utils\testLipanaConfig.ts
FN:8,testLipanaConfig
FN:29,testLipanaAPI
FNF:2
FNH:0
FNDA:0,testLipanaConfig
FNDA:0,testLipanaAPI
DA:9,0
DA:10,0
DA:11,0
DA:12,0
DA:15,0
DA:16,0
DA:18,0
DA:19,0
DA:21,0
DA:30,0
DA:31,0
DA:38,0
DA:40,0
DA:41,0
DA:42,0
DA:43,0
DA:45,0
DA:46,0
DA:49,0
DA:50,0
LF:20
LH:0
BRDA:22,0,0,0
BRDA:22,0,1,0
BRDA:40,1,0,0
BRDA:40,1,1,0
BRDA:50,2,0,0
BRDA:50,2,1,0
BRF:6
BRH:0
end_of_record
TN:
SF:src\utils\testUtils.tsx
FN:72,(anonymous_0)
FN:82,(anonymous_1)
FN:96,(anonymous_2)
FN:97,(anonymous_3)
FN:100,(anonymous_4)
FN:104,(anonymous_5)
FN:105,(anonymous_6)
FN:109,(anonymous_7)
FN:113,(anonymous_8)
FN:114,(anonymous_9)
FN:121,(anonymous_10)
FN:122,(anonymous_11)
FN:123,(anonymous_12)
FN:127,(anonymous_13)
FN:128,(anonymous_14)
FN:129,(anonymous_15)
FN:133,(anonymous_16)
FN:141,(anonymous_17)
FN:142,(anonymous_18)
FN:143,(anonymous_19)
FN:144,(anonymous_20)
FN:145,(anonymous_21)
FN:149,(anonymous_22)
FN:150,(anonymous_23)
FN:159,(anonymous_24)
FN:164,(anonymous_25)
FN:168,(anonymous_26)
FNF:27
FNH:2
FNDA:8,(anonymous_0)
FNDA:8,(anonymous_1)
FNDA:0,(anonymous_2)
FNDA:0,(anonymous_3)
FNDA:0,(anonymous_4)
FNDA:0,(anonymous_5)
FNDA:0,(anonymous_6)
FNDA:0,(anonymous_7)
FNDA:0,(anonymous_8)
FNDA:0,(anonymous_9)
FNDA:0,(anonymous_10)
FNDA:0,(anonymous_11)
FNDA:0,(anonymous_12)
FNDA:0,(anonymous_13)
FNDA:0,(anonymous_14)
FNDA:0,(anonymous_15)
FNDA:0,(anonymous_16)
FNDA:0,(anonymous_17)
FNDA:0,(anonymous_18)
FNDA:0,(anonymous_19)
FNDA:0,(anonymous_20)
FNDA:0,(anonymous_21)
FNDA:0,(anonymous_22)
FNDA:0,(anonymous_23)
FNDA:0,(anonymous_24)
FNDA:0,(anonymous_25)
FNDA:0,(anonymous_26)
DA:9,1
DA:20,1
DA:33,1
DA:52,1
DA:72,1
DA:73,8
DA:82,1
DA:85,8
DA:94,1
DA:97,0
DA:101,0
DA:103,0
DA:104,0
DA:106,0
DA:107,0
DA:110,0
DA:111,0
DA:114,0
DA:115,0
DA:121,0
DA:122,0
DA:123,0
DA:127,0
DA:128,0
DA:129,0
DA:133,0
DA:141,0
DA:142,0
DA:143,0
DA:144,0
DA:145,0
DA:150,0
DA:160,0
DA:161,0
DA:165,0
DA:169,0
LF:36
LH:9
BRDA:104,0,0,0
BRDA:104,0,1,0
BRDA:121,1,0,0
BRDA:127,2,0,0
BRDA:153,3,0,0
BRDA:153,3,1,0
BRDA:154,4,0,0
BRDA:154,4,1,0
BRDA:165,5,0,0
BRDA:165,5,1,0
BRF:10
BRH:0
end_of_record
TN:
SF:src\utils\transactionDeduplication.ts
FN:37,hashMessageContent
FN:54,extractMessageSignature
FN:85,calculateMessageSimilarity
FN:97,(anonymous_3)
FN:127,(anonymous_4)
FN:159,(anonymous_5)
FN:185,(anonymous_6)
FN:209,(anonymous_7)
FN:244,(anonymous_8)
FN:257,(anonymous_9)
FN:268,(anonymous_10)
FN:281,(anonymous_11)
FN:286,(anonymous_12)
FN:294,(anonymous_13)
FN:308,deduplicateMessages
FN:328,groupMessagesByPhone
FN:346,findDuplicateGroups
FN:357,(anonymous_17)
FNF:18
FNH:17
FNDA:27,hashMessageContent
FNDA:18,extractMessageSignature
FNDA:6,calculateMessageSimilarity
FNDA:32,(anonymous_3)
FNDA:5,(anonymous_4)
FNDA:4,(anonymous_5)
FNDA:2,(anonymous_6)
FNDA:8,(anonymous_7)
FNDA:8,(anonymous_8)
FNDA:10,(anonymous_9)
FNDA:0,(anonymous_10)
FNDA:2,(anonymous_11)
FNDA:2,(anonymous_12)
FNDA:1,(anonymous_13)
FNDA:4,deduplicateMessages
FNDA:5,groupMessagesByPhone
FNDA:3,findDuplicateGroups
FNDA:3,(anonymous_17)
DA:21,1
DA:38,27
DA:43,27
DA:44,27
DA:45,360
DA:47,27
DA:59,18
DA:60,18
DA:61,18
DA:64,18
DA:65,18
DA:66,31
DA:67,31
DA:71,18
DA:72,18
DA:75,18
DA:76,18
DA:78,18
DA:89,6
DA:90,6
DA:92,6
DA:95,3
DA:96,3
DA:97,32
DA:98,3
DA:100,3
DA:120,6
DA:121,6
DA:137,5
DA:138,5
DA:139,5
DA:142,5
DA:143,5
DA:144,2
DA:146,2
DA:147,1
DA:157,4
DA:158,4
DA:159,4
DA:162,4
DA:164,1
DA:172,3
DA:173,2
DA:174,2
DA:175,1
DA:177,1
DA:184,1
DA:186,2
DA:189,1
DA:190,1
DA:199,2
DA:214,8
DA:215,8
DA:218,8
DA:227,8
DA:228,8
DA:231,8
DA:232,0
DA:235,8
DA:238,8
DA:245,8
DA:246,8
DA:249,8
DA:250,10
DA:251,0
DA:256,8
DA:257,10
DA:258,9
DA:259,0
DA:261,9
DA:266,8
DA:267,0
DA:268,0
DA:271,0
DA:272,0
DA:273,0
DA:282,2
DA:286,2
DA:295,1
DA:296,1
DA:311,4
DA:312,4
DA:314,4
DA:315,6
DA:316,6
DA:317,4
DA:318,4
DA:322,4
DA:331,5
DA:333,5
DA:334,9
DA:335,9
DA:336,9
DA:339,5
DA:350,3
DA:351,3
DA:353,3
DA:354,3
DA:357,3
DA:360,2
DA:362,2
DA:363,3
DA:364,2
DA:366,1
DA:367,0
DA:369,1
DA:373,2
DA:374,1
DA:378,3
DA:385,1
LF:110
LH:101
BRDA:64,0,0,18
BRDA:64,0,1,1
BRDA:67,1,0,31
BRDA:67,1,1,0
BRDA:71,2,0,18
BRDA:71,2,1,15
BRDA:75,3,0,18
BRDA:75,3,1,16
BRDA:92,4,0,3
BRDA:92,4,1,3
BRDA:100,5,0,0
BRDA:100,5,1,3
BRDA:143,6,0,2
BRDA:143,6,1,3
BRDA:146,7,0,1
BRDA:146,7,1,1
BRDA:157,8,0,4
BRDA:157,8,1,1
BRDA:162,9,0,1
BRDA:162,9,1,3
BRDA:173,10,0,0
BRDA:173,10,1,2
BRDA:174,11,0,1
BRDA:174,11,1,1
BRDA:184,12,0,1
BRDA:184,12,1,1
BRDA:189,13,0,1
BRDA:189,13,1,0
BRDA:189,14,0,1
BRDA:189,14,1,0
BRDA:227,15,0,8
BRDA:227,15,1,7
BRDA:231,16,0,0
BRDA:231,16,1,8
BRDA:250,17,0,0
BRDA:250,17,1,10
BRDA:258,18,0,0
BRDA:258,18,1,9
BRDA:266,19,0,0
BRDA:266,19,1,8
BRDA:285,20,0,1
BRDA:285,20,1,1
BRDA:316,21,0,4
BRDA:316,21,1,2
BRDA:334,22,0,9
BRDA:334,22,1,5
BRDA:348,23,0,1
BRDA:354,24,0,1
BRDA:354,24,1,2
BRDA:363,25,0,2
BRDA:363,25,1,1
BRDA:366,26,0,0
BRDA:366,26,1,1
BRDA:373,27,0,1
BRDA:373,27,1,1
BRF:55
BRH:45
end_of_record
TN:
SF:src\utils\transactionErrorHandling.ts
FN:64,classifyError
FN:196,getUserFriendlyMessage
FN:221,calculateRetryDelay
FN:239,retryAsync
FN:256,(anonymous_4)
FN:277,getRecoveryStrategy
FN:356,(anonymous_6)
FN:365,(anonymous_7)
FN:366,(anonymous_8)
FN:369,(anonymous_9)
FN:370,(anonymous_10)
FN:373,(anonymous_11)
FN:393,(anonymous_12)
FNF:13
FNH:1
FNDA:0,classifyError
FNDA:0,getUserFriendlyMessage
FNDA:0,calculateRetryDelay
FNDA:2,retryAsync
FNDA:0,(anonymous_4)
FNDA:0,getRecoveryStrategy
FNDA:0,(anonymous_6)
FNDA:0,(anonymous_7)
FNDA:0,(anonymous_8)
FNDA:0,(anonymous_9)
FNDA:0,(anonymous_10)
FNDA:0,(anonymous_11)
FNDA:0,(anonymous_12)
DA:68,0
DA:70,0
DA:71,0
DA:74,0
DA:75,0
DA:86,0
DA:87,0
DA:98,0
DA:99,0
DA:110,0
DA:111,0
DA:123,0
DA:124,0
DA:133,0
DA:134,0
DA:144,0
DA:158,4
DA:197,0
DA:211,4
DA:225,0
DA:231,0
DA:233,0
DA:244,2
DA:246,2
DA:247,2
DA:248,2
DA:250,0
DA:252,0
DA:253,0
DA:254,0
DA:256,0
DA:261,0
DA:278,0
DA:285,0
DA:294,0
DA:304,0
DA:316,0
DA:324,0
DA:353,0
DA:354,0
DA:357,0
DA:360,0
DA:361,0
DA:366,0
DA:370,0
DA:378,0
DA:384,0
DA:385,0
DA:387,0
DA:390,0
DA:394,0
DA:402,4
LF:52
LH:7
BRDA:70,0,0,0
BRDA:70,0,1,0
BRDA:74,1,0,0
BRDA:74,1,1,0
BRDA:74,2,0,0
BRDA:74,2,1,0
BRDA:86,3,0,0
BRDA:86,3,1,0
BRDA:86,4,0,0
BRDA:86,4,1,0
BRDA:98,5,0,0
BRDA:98,5,1,0
BRDA:98,6,0,0
BRDA:98,6,1,0
BRDA:110,7,0,0
BRDA:110,7,1,0
BRDA:123,8,0,0
BRDA:123,8,1,0
BRDA:126,9,0,0
BRDA:126,9,1,0
BRDA:133,10,0,0
BRDA:133,10,1,0
BRDA:136,11,0,0
BRDA:136,11,1,0
BRDA:147,12,0,0
BRDA:147,12,1,0
BRDA:197,13,0,0
BRDA:197,13,1,0
BRDA:223,14,0,0
BRDA:241,15,0,0
BRDA:250,16,0,0
BRDA:250,16,1,0
BRDA:252,17,0,0
BRDA:252,17,1,0
BRDA:261,18,0,0
BRDA:261,18,1,0
BRDA:278,19,0,0
BRDA:278,19,1,0
BRDA:278,19,2,0
BRDA:278,19,3,0
BRDA:278,19,4,0
BRDA:278,19,5,0
BRDA:278,19,6,0
BRDA:278,19,7,0
BRDA:278,19,8,0
BRDA:278,19,9,0
BRDA:278,19,10,0
BRDA:278,19,11,0
BRDA:278,19,12,0
BRDA:278,19,13,0
BRDA:278,19,14,0
BRDA:278,19,15,0
BRDA:360,20,0,0
BRDA:360,20,1,0
BRDA:370,21,0,0
BRDA:370,21,1,0
BRDA:387,22,0,0
BRDA:387,22,1,0
BRF:58
BRH:0
end_of_record
TN:
SF:src\utils\transactionValidation.ts
FN:57,validateAmount
FN:163,validatePhoneNumber
FN:280,assessMessageAuthenticity
FN:304,(anonymous_3)
FN:381,validateTransaction
FN:442,detectConflict
FNF:6
FNH:6
FNDA:16,validateAmount
FNDA:16,validatePhoneNumber
FNDA:8,assessMessageAuthenticity
FNDA:80,(anonymous_3)
FNDA:4,validateTransaction
FNDA:5,detectConflict
DA:21,1
DA:28,1
DA:35,1
DA:58,16
DA:61,16
DA:67,16
DA:68,16
DA:69,27
DA:70,27
DA:71,11
DA:72,11
DA:76,16
DA:77,5
DA:87,11
DA:88,11
DA:91,11
DA:92,0
DA:102,11
DA:103,1
DA:112,10
DA:113,1
DA:123,9
DA:124,1
DA:130,9
DA:131,1
DA:134,9
DA:135,0
DA:138,9
DA:164,16
DA:166,16
DA:167,4
DA:177,12
DA:179,12
DA:180,2
DA:189,10
DA:190,1
DA:199,9
DA:200,1
DA:209,8
DA:211,8
DA:212,8
DA:213,0
DA:214,0
DA:215,0
DA:216,0
DA:220,8
DA:221,0
DA:225,8
DA:226,1
DA:229,8
DA:254,1
DA:263,1
DA:285,8
DA:286,8
DA:288,8
DA:291,8
DA:292,8
DA:293,33
DA:294,3
DA:295,3
DA:296,3
DA:299,8
DA:300,5
DA:304,8
DA:305,80
DA:307,8
DA:308,8
DA:309,4
DA:311,4
DA:317,8
DA:318,8
DA:319,8
DA:320,8
DA:321,5
DA:323,3
DA:327,8
DA:328,8
DA:329,8
DA:330,4
DA:331,4
DA:332,0
DA:335,4
DA:339,8
DA:340,8
DA:341,8
DA:342,3
DA:344,5
DA:348,8
DA:350,8
DA:386,4
DA:387,4
DA:390,4
DA:391,4
DA:392,2
DA:394,4
DA:397,4
DA:398,4
DA:399,2
DA:401,4
DA:404,4
DA:405,4
DA:406,3
DA:409,4
DA:452,5
DA:457,5
DA:458,5
DA:460,4
DA:463,4
DA:464,4
DA:469,4
DA:474,1
DA:488,3
DA:493,1
DA:507,3
DA:518,1
LF:115
LH:107
BRDA:70,0,0,11
BRDA:70,0,1,16
BRDA:71,1,0,11
BRDA:71,1,1,0
BRDA:76,2,0,5
BRDA:76,2,1,11
BRDA:91,3,0,0
BRDA:91,3,1,11
BRDA:102,4,0,1
BRDA:102,4,1,10
BRDA:112,5,0,1
BRDA:112,5,1,9
BRDA:123,6,0,1
BRDA:123,6,1,8
BRDA:130,7,0,1
BRDA:130,7,1,8
BRDA:134,8,0,0
BRDA:134,8,1,9
BRDA:166,9,0,4
BRDA:166,9,1,12
BRDA:166,10,0,16
BRDA:166,10,1,12
BRDA:179,11,0,2
BRDA:179,11,1,10
BRDA:189,12,0,1
BRDA:189,12,1,9
BRDA:199,13,0,1
BRDA:199,13,1,8
BRDA:211,14,0,8
BRDA:211,14,1,0
BRDA:213,15,0,0
BRDA:213,15,1,0
BRDA:215,16,0,0
BRDA:215,16,1,0
BRDA:220,17,0,0
BRDA:220,17,1,8
BRDA:225,18,0,1
BRDA:225,18,1,7
BRDA:293,19,0,3
BRDA:293,19,1,30
BRDA:299,20,0,5
BRDA:299,20,1,3
BRDA:308,21,0,4
BRDA:308,21,1,4
BRDA:319,22,0,8
BRDA:319,22,1,3
BRDA:320,23,0,5
BRDA:320,23,1,3
BRDA:327,24,0,8
BRDA:327,24,1,4
BRDA:329,25,0,4
BRDA:329,25,1,4
BRDA:331,26,0,0
BRDA:331,26,1,4
BRDA:339,27,0,8
BRDA:339,27,1,3
BRDA:341,28,0,3
BRDA:341,28,1,5
BRDA:351,29,0,8
BRDA:351,29,1,2
BRDA:390,30,0,0
BRDA:390,30,1,4
BRDA:391,31,0,2
BRDA:391,31,1,2
BRDA:392,32,0,2
BRDA:392,32,1,0
BRDA:398,33,0,2
BRDA:398,33,1,2
BRDA:399,34,0,2
BRDA:399,34,1,0
BRDA:405,35,0,3
BRDA:405,35,1,1
BRDA:410,36,0,4
BRDA:410,36,1,1
BRDA:458,37,0,1
BRDA:458,37,1,4
BRDA:464,38,0,4
BRDA:464,38,1,0
BRDA:469,39,0,1
BRDA:469,39,1,3
BRDA:470,40,0,4
BRDA:470,40,1,3
BRDA:470,40,2,2
BRDA:488,41,0,1
BRDA:488,41,1,2
BRDA:489,42,0,3
BRDA:489,42,1,2
BRDA:489,42,2,1
BRF:88
BRH:74
end_of_record
TN:
SF:src\utils\useDebounce.ts
FN:14,useDebounce
FN:17,(anonymous_1)
FN:18,(anonymous_2)
FN:19,(anonymous_3)
FNF:4
FNH:0
FNDA:0,useDebounce
FNDA:0,(anonymous_1)
FNDA:0,(anonymous_2)
FNDA:0,(anonymous_3)
DA:15,0
DA:17,0
DA:18,0
DA:19,0
DA:22,0
LF:5
LH:0
BRDA:14,0,0,0
BRF:1
BRH:0
end_of_record
TN:
SF:src\utils\errors\AppErrors.ts
FN:111,getRecoveryStrategy
FN:239,classifyAppError
FN:397,getActionLabel
FNF:3
FNH:2
FNDA:7,getRecoveryStrategy
FNDA:6,classifyAppError
FNDA:0,getActionLabel
DA:112,7
DA:114,5
DA:123,2
DA:135,0
DA:142,0
DA:149,0
DA:158,0
DA:166,0
DA:174,0
DA:182,0
DA:189,0
DA:196,0
DA:205,0
DA:214,0
DA:221,0
DA:228,0
DA:240,6
DA:242,6
DA:243,6
DA:246,6
DA:247,0
DA:248,0
DA:258,0
DA:259,0
DA:269,0
DA:270,0
DA:280,0
DA:281,0
DA:294,6
DA:295,6
DA:306,0
DA:307,0
DA:319,0
DA:320,0
DA:321,0
DA:332,0
DA:344,0
DA:345,0
DA:346,0
DA:357,0
DA:369,0
DA:370,0
DA:383,0
DA:398,0
DA:400,0
DA:402,0
DA:404,0
DA:406,0
DA:408,0
DA:410,0
DA:412,0
DA:414,0
DA:416,0
DA:418,0
LF:54
LH:9
BRDA:112,0,0,5
BRDA:112,0,1,2
BRDA:112,0,2,2
BRDA:112,0,3,0
BRDA:112,0,4,0
BRDA:112,0,5,0
BRDA:112,0,6,0
BRDA:112,0,7,0
BRDA:112,0,8,0
BRDA:112,0,9,0
BRDA:112,0,10,0
BRDA:112,0,11,0
BRDA:112,0,12,0
BRDA:112,0,13,0
BRDA:112,0,14,0
BRDA:112,0,15,0
BRDA:112,0,16,0
BRDA:112,0,17,0
BRDA:112,0,18,0
BRDA:112,0,19,0
BRDA:112,0,20,0
BRDA:242,1,0,6
BRDA:242,1,1,0
BRDA:246,2,0,0
BRDA:246,2,1,6
BRDA:247,3,0,0
BRDA:247,3,1,0
BRDA:258,4,0,0
BRDA:258,4,1,0
BRDA:269,5,0,0
BRDA:269,5,1,0
BRDA:280,6,0,0
BRDA:280,6,1,0
BRDA:280,7,0,0
BRDA:280,7,1,0
BRDA:280,7,2,0
BRDA:294,8,0,6
BRDA:294,8,1,0
BRDA:294,9,0,6
BRDA:294,9,1,0
BRDA:294,9,2,0
BRDA:306,10,0,0
BRDA:306,10,1,0
BRDA:306,11,0,0
BRDA:306,11,1,0
BRDA:319,12,0,0
BRDA:319,12,1,0
BRDA:319,13,0,0
BRDA:319,13,1,0
BRDA:320,14,0,0
BRDA:320,14,1,0
BRDA:344,15,0,0
BRDA:344,15,1,0
BRDA:345,16,0,0
BRDA:345,16,1,0
BRDA:369,17,0,0
BRDA:369,17,1,0
BRDA:369,18,0,0
BRDA:369,18,1,0
BRDA:385,19,0,0
BRDA:385,19,1,0
BRDA:386,20,0,0
BRDA:386,20,1,0
BRDA:398,21,0,0
BRDA:398,21,1,0
BRDA:398,21,2,0
BRDA:398,21,3,0
BRDA:398,21,4,0
BRDA:398,21,5,0
BRDA:398,21,6,0
BRDA:398,21,7,0
BRDA:398,21,8,0
BRDA:398,21,9,0
BRF:73
BRH:7
end_of_record
TN:
SF:src\utils\performance\listOptimizations.ts
FN:12,getFixedHeightListProps
FN:15,(anonymous_1)
FN:42,getVariableHeightListProps
FN:56,getLargeDatasetListProps
FN:68,(anonymous_4)
FN:83,createKeyExtractor
FN:86,(anonymous_6)
FN:98,createArePropsEqual
FN:99,(anonymous_8)
FN:119,(anonymous_9)
FN:124,(anonymous_10)
FN:131,(anonymous_11)
FN:140,(anonymous_12)
FN:152,(anonymous_13)
FN:169,(anonymous_14)
FN:172,(anonymous_15)
FN:178,(anonymous_16)
FN:195,(anonymous_17)
FN:204,(anonymous_18)
FN:211,(anonymous_19)
FN:213,(anonymous_20)
FN:221,(anonymous_21)
FN:229,usePerformanceMonitor
FN:233,(anonymous_23)
FNF:24
FNH:2
FNDA:23,getFixedHeightListProps
FNDA:0,(anonymous_1)
FNDA:11,getVariableHeightListProps
FNDA:0,getLargeDatasetListProps
FNDA:0,(anonymous_4)
FNDA:0,createKeyExtractor
FNDA:0,(anonymous_6)
FNDA:0,createArePropsEqual
FNDA:0,(anonymous_8)
FNDA:0,(anonymous_9)
FNDA:0,(anonymous_10)
FNDA:0,(anonymous_11)
FNDA:0,(anonymous_12)
FNDA:0,(anonymous_13)
FNDA:0,(anonymous_14)
FNDA:0,(anonymous_15)
FNDA:0,(anonymous_16)
FNDA:0,(anonymous_17)
FNDA:0,(anonymous_18)
FNDA:0,(anonymous_19)
FNDA:0,(anonymous_20)
FNDA:0,(anonymous_21)
FNDA:0,usePerformanceMonitor
FNDA:0,(anonymous_23)
DA:13,23
DA:15,0
DA:43,11
DA:57,0
DA:65,0
DA:66,0
DA:68,0
DA:76,0
DA:86,0
DA:87,0
DA:88,0
DA:90,0
DA:99,0
DA:100,0
DA:101,0
DA:102,0
DA:105,0
DA:114,0
DA:115,0
DA:120,0
DA:121,0
DA:125,0
DA:127,0
DA:128,0
DA:131,0
DA:132,0
DA:133,0
DA:134,0
DA:136,0
DA:141,0
DA:142,0
DA:143,0
DA:146,0
DA:147,0
DA:148,0
DA:153,0
DA:154,0
DA:155,0
DA:157,0
DA:166,2
DA:167,2
DA:170,0
DA:172,0
DA:173,0
DA:174,0
DA:179,0
DA:180,0
DA:183,0
DA:184,0
DA:187,0
DA:190,0
DA:191,0
DA:201,0
DA:202,0
DA:204,0
DA:205,0
DA:206,0
DA:208,0
DA:212,0
DA:213,0
DA:214,0
DA:215,0
DA:216,0
DA:222,0
DA:230,0
DA:232,0
DA:233,0
LF:67
LH:4
BRDA:65,0,0,0
BRDA:65,0,1,0
BRDA:84,1,0,0
BRDA:87,2,0,0
BRDA:87,2,1,0
BRDA:101,3,0,0
BRDA:101,3,1,0
BRDA:119,4,0,0
BRDA:127,5,0,0
BRDA:127,5,1,0
BRDA:132,6,0,0
BRDA:132,6,1,0
BRDA:141,7,0,0
BRDA:141,7,1,0
BRDA:146,8,0,0
BRDA:146,8,1,0
BRDA:153,9,0,0
BRDA:153,9,1,0
BRDA:179,10,0,0
BRDA:179,10,1,0
BRDA:183,11,0,0
BRDA:183,11,1,0
BRDA:190,12,0,0
BRDA:190,12,1,0
BRDA:202,13,0,0
BRDA:202,13,1,0
BRDA:202,14,0,0
BRDA:202,14,1,0
BRDA:215,15,0,0
BRDA:215,15,1,0
BRDA:229,16,0,0
BRDA:230,17,0,0
BRDA:230,17,1,0
BRF:33
BRH:0
end_of_record
TN:
SF:src\utils\performance\reactOptimizations.ts
FN:13,useDeepCompareMemo
FN:29,useDeepCompareCallback
FN:48,deepEqual
FN:70,useDebounce
FN:73,(anonymous_4)
FN:74,(anonymous_5)
FN:78,(anonymous_6)
FN:90,usePrevious
FN:93,(anonymous_8)
FN:104,useIsMounted
FN:107,(anonymous_10)
FN:109,(anonymous_11)
FN:114,(anonymous_12)
FN:120,useSafeState
FN:127,(anonymous_14)
FN:142,useAsyncEffect
FN:146,(anonymous_16)
FN:149,(anonymous_17)
FN:151,(anonymous_18)
FN:162,useThrottle
FN:171,(anonymous_20)
FN:182,(anonymous_21)
FN:196,useStableCallback
FN:199,(anonymous_23)
FN:203,(anonymous_24)
FNF:25
FNH:3
FNDA:0,useDeepCompareMemo
FNDA:0,useDeepCompareCallback
FNDA:0,deepEqual
FNDA:0,useDebounce
FNDA:0,(anonymous_4)
FNDA:0,(anonymous_5)
FNDA:0,(anonymous_6)
FNDA:0,usePrevious
FNDA:0,(anonymous_8)
FNDA:0,useIsMounted
FNDA:0,(anonymous_10)
FNDA:0,(anonymous_11)
FNDA:0,(anonymous_12)
FNDA:0,useSafeState
FNDA:0,(anonymous_14)
FNDA:0,useAsyncEffect
FNDA:0,(anonymous_16)
FNDA:0,(anonymous_17)
FNDA:0,(anonymous_18)
FNDA:0,useThrottle
FNDA:0,(anonymous_20)
FNDA:0,(anonymous_21)
FNDA:69,useStableCallback
FNDA:69,(anonymous_23)
FNDA:1,(anonymous_24)
DA:14,0
DA:15,0
DA:17,0
DA:18,0
DA:19,0
DA:23,0
DA:33,0
DA:34,0
DA:36,0
DA:37,0
DA:38,0
DA:42,0
DA:49,0
DA:50,0
DA:51,0
DA:53,0
DA:54,0
DA:56,0
DA:58,0
DA:59,0
DA:60,0
DA:63,0
DA:71,0
DA:73,0
DA:74,0
DA:75,0
DA:78,0
DA:79,0
DA:83,0
DA:91,0
DA:93,0
DA:94,0
DA:97,0
DA:105,0
DA:107,0
DA:108,0
DA:109,0
DA:110,0
DA:114,0
DA:123,0
DA:124,0
DA:126,0
DA:128,0
DA:129,0
DA:135,0
DA:146,0
DA:147,0
DA:149,0
DA:151,0
DA:152,0
DA:166,0
DA:167,0
DA:170,0
DA:172,0
DA:174,0
DA:175,0
DA:176,0
DA:178,0
DA:179,0
DA:182,0
DA:183,0
DA:184,0
DA:197,69
DA:199,69
DA:200,69
DA:203,69
LF:66
LH:4
BRDA:17,0,0,0
BRDA:17,0,1,0
BRDA:17,1,0,0
BRDA:17,1,1,0
BRDA:36,2,0,0
BRDA:36,2,1,0
BRDA:36,3,0,0
BRDA:36,3,1,0
BRDA:49,4,0,0
BRDA:49,4,1,0
BRDA:50,5,0,0
BRDA:50,5,1,0
BRDA:50,6,0,0
BRDA:50,6,1,0
BRDA:51,7,0,0
BRDA:51,7,1,0
BRDA:51,8,0,0
BRDA:51,8,1,0
BRDA:56,9,0,0
BRDA:56,9,1,0
BRDA:59,10,0,0
BRDA:59,10,1,0
BRDA:60,11,0,0
BRDA:60,11,1,0
BRDA:70,12,0,0
BRDA:128,13,0,0
BRDA:128,13,1,0
BRDA:164,14,0,0
BRDA:174,15,0,0
BRDA:174,15,1,0
BRDA:178,16,0,0
BRDA:178,16,1,0
BRF:32
BRH:0
end_of_record
